<?xml version="1.0" encoding="UTF-8"?>
<testsuite xmlns:xsi="http://www.w3.org/2001/XMLSchema-instance" xsi:noNamespaceSchemaLocation="https://maven.apache.org/surefire/maven-surefire-plugin/xsd/surefire-test-report-3.0.xsd" version="3.0" name="com.example.CommunistDate.CommunistDateApplicationTests" time="13.399" tests="1" errors="0" skipped="0" failures="0">
  <properties>
    <property name="java.specification.version" value="21"/>
    <property name="sun.jnu.encoding" value="UTF-8"/>
    <property name="java.class.path" value="/home/litmanen/becode-code/CommunistDate/target/test-classes:/home/litmanen/becode-code/CommunistDate/target/classes:/home/litmanen/.m2/repository/org/springframework/boot/spring-boot-starter-data-jpa/3.3.0/spring-boot-starter-data-jpa-3.3.0.jar:/home/litmanen/.m2/repository/org/springframework/boot/spring-boot-starter-aop/3.3.0/spring-boot-starter-aop-3.3.0.jar:/home/litmanen/.m2/repository/org/aspectj/aspectjweaver/1.9.22/aspectjweaver-1.9.22.jar:/home/litmanen/.m2/repository/org/hibernate/orm/hibernate-core/6.5.2.Final/hibernate-core-6.5.2.Final.jar:/home/litmanen/.m2/repository/jakarta/persistence/jakarta.persistence-api/3.1.0/jakarta.persistence-api-3.1.0.jar:/home/litmanen/.m2/repository/jakarta/transaction/jakarta.transaction-api/2.0.1/jakarta.transaction-api-2.0.1.jar:/home/litmanen/.m2/repository/org/jboss/logging/jboss-logging/3.5.3.Final/jboss-logging-3.5.3.Final.jar:/home/litmanen/.m2/repository/org/hibernate/common/hibernate-commons-annotations/6.0.6.Final/hibernate-commons-annotations-6.0.6.Final.jar:/home/litmanen/.m2/repository/io/smallrye/jandex/3.1.2/jandex-3.1.2.jar:/home/litmanen/.m2/repository/com/fasterxml/classmate/1.7.0/classmate-1.7.0.jar:/home/litmanen/.m2/repository/org/glassfish/jaxb/jaxb-runtime/4.0.5/jaxb-runtime-4.0.5.jar:/home/litmanen/.m2/repository/org/glassfish/jaxb/jaxb-core/4.0.5/jaxb-core-4.0.5.jar:/home/litmanen/.m2/repository/org/eclipse/angus/angus-activation/2.0.2/angus-activation-2.0.2.jar:/home/litmanen/.m2/repository/org/glassfish/jaxb/txw2/4.0.5/txw2-4.0.5.jar:/home/litmanen/.m2/repository/com/sun/istack/istack-commons-runtime/4.1.2/istack-commons-runtime-4.1.2.jar:/home/litmanen/.m2/repository/jakarta/inject/jakarta.inject-api/2.0.1/jakarta.inject-api-2.0.1.jar:/home/litmanen/.m2/repository/org/antlr/antlr4-runtime/4.13.0/antlr4-runtime-4.13.0.jar:/home/litmanen/.m2/repository/org/springframework/data/spring-data-jpa/3.3.0/spring-data-jpa-3.3.0.jar:/home/litmanen/.m2/repository/org/springframework/data/spring-data-commons/3.3.0/spring-data-commons-3.3.0.jar:/home/litmanen/.m2/repository/org/springframework/spring-orm/6.1.8/spring-orm-6.1.8.jar:/home/litmanen/.m2/repository/org/springframework/spring-tx/6.1.8/spring-tx-6.1.8.jar:/home/litmanen/.m2/repository/jakarta/annotation/jakarta.annotation-api/2.1.1/jakarta.annotation-api-2.1.1.jar:/home/litmanen/.m2/repository/org/slf4j/slf4j-api/2.0.13/slf4j-api-2.0.13.jar:/home/litmanen/.m2/repository/org/springframework/spring-aspects/6.1.8/spring-aspects-6.1.8.jar:/home/litmanen/.m2/repository/org/springframework/boot/spring-boot-starter-jdbc/3.3.0/spring-boot-starter-jdbc-3.3.0.jar:/home/litmanen/.m2/repository/org/springframework/boot/spring-boot-starter/3.3.0/spring-boot-starter-3.3.0.jar:/home/litmanen/.m2/repository/org/springframework/boot/spring-boot/3.3.0/spring-boot-3.3.0.jar:/home/litmanen/.m2/repository/org/springframework/boot/spring-boot-autoconfigure/3.3.0/spring-boot-autoconfigure-3.3.0.jar:/home/litmanen/.m2/repository/org/yaml/snakeyaml/2.2/snakeyaml-2.2.jar:/home/litmanen/.m2/repository/com/zaxxer/HikariCP/5.1.0/HikariCP-5.1.0.jar:/home/litmanen/.m2/repository/org/springframework/spring-jdbc/6.1.8/spring-jdbc-6.1.8.jar:/home/litmanen/.m2/repository/org/springframework/boot/spring-boot-starter-oauth2-resource-server/3.3.0/spring-boot-starter-oauth2-resource-server-3.3.0.jar:/home/litmanen/.m2/repository/org/springframework/security/spring-security-config/6.3.0/spring-security-config-6.3.0.jar:/home/litmanen/.m2/repository/org/springframework/security/spring-security-core/6.3.0/spring-security-core-6.3.0.jar:/home/litmanen/.m2/repository/org/springframework/security/spring-security-crypto/6.3.0/spring-security-crypto-6.3.0.jar:/home/litmanen/.m2/repository/org/springframework/spring-expression/6.1.8/spring-expression-6.1.8.jar:/home/litmanen/.m2/repository/io/micrometer/micrometer-observation/1.13.0/micrometer-observation-1.13.0.jar:/home/litmanen/.m2/repository/io/micrometer/micrometer-commons/1.13.0/micrometer-commons-1.13.0.jar:/home/litmanen/.m2/repository/org/springframework/security/spring-security-oauth2-jose/6.3.0/spring-security-oauth2-jose-6.3.0.jar:/home/litmanen/.m2/repository/com/nimbusds/nimbus-jose-jwt/9.37.3/nimbus-jose-jwt-9.37.3.jar:/home/litmanen/.m2/repository/com/github/stephenc/jcip/jcip-annotations/1.0-1/jcip-annotations-1.0-1.jar:/home/litmanen/.m2/repository/org/springframework/boot/spring-boot-starter-websocket/3.3.0/spring-boot-starter-websocket-3.3.0.jar:/home/litmanen/.m2/repository/org/springframework/spring-messaging/6.1.8/spring-messaging-6.1.8.jar:/home/litmanen/.m2/repository/org/springframework/spring-websocket/6.1.8/spring-websocket-6.1.8.jar:/home/litmanen/.m2/repository/org/springframework/security/oauth/spring-security-oauth2/2.5.2.RELEASE/spring-security-oauth2-2.5.2.RELEASE.jar:/home/litmanen/.m2/repository/org/springframework/spring-beans/6.1.8/spring-beans-6.1.8.jar:/home/litmanen/.m2/repository/org/springframework/spring-core/6.1.8/spring-core-6.1.8.jar:/home/litmanen/.m2/repository/org/springframework/spring-jcl/6.1.8/spring-jcl-6.1.8.jar:/home/litmanen/.m2/repository/org/springframework/spring-context/6.1.8/spring-context-6.1.8.jar:/home/litmanen/.m2/repository/org/springframework/spring-webmvc/6.1.8/spring-webmvc-6.1.8.jar:/home/litmanen/.m2/repository/org/springframework/security/spring-security-web/6.3.0/spring-security-web-6.3.0.jar:/home/litmanen/.m2/repository/commons-codec/commons-codec/1.16.1/commons-codec-1.16.1.jar:/home/litmanen/.m2/repository/javax/servlet/javax.servlet-api/4.0.1/javax.servlet-api-4.0.1.jar:/home/litmanen/.m2/repository/org/springframework/security/spring-security-oauth2-resource-server/6.3.0/spring-security-oauth2-resource-server-6.3.0.jar:/home/litmanen/.m2/repository/org/springframework/security/spring-security-oauth2-core/6.3.0/spring-security-oauth2-core-6.3.0.jar:/home/litmanen/.m2/repository/org/springframework/boot/spring-boot-starter-security/3.3.0/spring-boot-starter-security-3.3.0.jar:/home/litmanen/.m2/repository/org/springframework/spring-aop/6.1.8/spring-aop-6.1.8.jar:/home/litmanen/.m2/repository/org/springframework/boot/spring-boot-starter-logging/3.3.0/spring-boot-starter-logging-3.3.0.jar:/home/litmanen/.m2/repository/ch/qos/logback/logback-classic/1.5.6/logback-classic-1.5.6.jar:/home/litmanen/.m2/repository/ch/qos/logback/logback-core/1.5.6/logback-core-1.5.6.jar:/home/litmanen/.m2/repository/org/apache/logging/log4j/log4j-to-slf4j/2.23.1/log4j-to-slf4j-2.23.1.jar:/home/litmanen/.m2/repository/org/apache/logging/log4j/log4j-api/2.23.1/log4j-api-2.23.1.jar:/home/litmanen/.m2/repository/org/slf4j/jul-to-slf4j/2.0.13/jul-to-slf4j-2.0.13.jar:/home/litmanen/.m2/repository/org/springframework/boot/spring-boot-starter-validation/3.3.0/spring-boot-starter-validation-3.3.0.jar:/home/litmanen/.m2/repository/org/apache/tomcat/embed/tomcat-embed-el/10.1.24/tomcat-embed-el-10.1.24.jar:/home/litmanen/.m2/repository/org/hibernate/validator/hibernate-validator/8.0.1.Final/hibernate-validator-8.0.1.Final.jar:/home/litmanen/.m2/repository/jakarta/validation/jakarta.validation-api/3.0.2/jakarta.validation-api-3.0.2.jar:/home/litmanen/.m2/repository/org/springframework/boot/spring-boot-starter-web/3.3.0/spring-boot-starter-web-3.3.0.jar:/home/litmanen/.m2/repository/org/springframework/boot/spring-boot-starter-json/3.3.0/spring-boot-starter-json-3.3.0.jar:/home/litmanen/.m2/repository/com/fasterxml/jackson/core/jackson-databind/2.17.1/jackson-databind-2.17.1.jar:/home/litmanen/.m2/repository/com/fasterxml/jackson/core/jackson-annotations/2.17.1/jackson-annotations-2.17.1.jar:/home/litmanen/.m2/repository/com/fasterxml/jackson/core/jackson-core/2.17.1/jackson-core-2.17.1.jar:/home/litmanen/.m2/repository/com/fasterxml/jackson/datatype/jackson-datatype-jdk8/2.17.1/jackson-datatype-jdk8-2.17.1.jar:/home/litmanen/.m2/repository/com/fasterxml/jackson/datatype/jackson-datatype-jsr310/2.17.1/jackson-datatype-jsr310-2.17.1.jar:/home/litmanen/.m2/repository/com/fasterxml/jackson/module/jackson-module-parameter-names/2.17.1/jackson-module-parameter-names-2.17.1.jar:/home/litmanen/.m2/repository/org/springframework/boot/spring-boot-starter-tomcat/3.3.0/spring-boot-starter-tomcat-3.3.0.jar:/home/litmanen/.m2/repository/org/apache/tomcat/embed/tomcat-embed-core/10.1.24/tomcat-embed-core-10.1.24.jar:/home/litmanen/.m2/repository/org/apache/tomcat/embed/tomcat-embed-websocket/10.1.24/tomcat-embed-websocket-10.1.24.jar:/home/litmanen/.m2/repository/org/springframework/spring-web/6.1.8/spring-web-6.1.8.jar:/home/litmanen/.m2/repository/io/jsonwebtoken/jjwt/0.12.5/jjwt-0.12.5.jar:/home/litmanen/.m2/repository/io/jsonwebtoken/jjwt-api/0.12.5/jjwt-api-0.12.5.jar:/home/litmanen/.m2/repository/io/jsonwebtoken/jjwt-impl/0.12.5/jjwt-impl-0.12.5.jar:/home/litmanen/.m2/repository/io/jsonwebtoken/jjwt-jackson/0.12.5/jjwt-jackson-0.12.5.jar:/home/litmanen/.m2/repository/org/junit/jupiter/junit-jupiter-api/5.10.0/junit-jupiter-api-5.10.0.jar:/home/litmanen/.m2/repository/org/opentest4j/opentest4j/1.3.0/opentest4j-1.3.0.jar:/home/litmanen/.m2/repository/org/junit/platform/junit-platform-commons/1.10.2/junit-platform-commons-1.10.2.jar:/home/litmanen/.m2/repository/org/apiguardian/apiguardian-api/1.1.2/apiguardian-api-1.1.2.jar:/home/litmanen/.m2/repository/org/mockito/mockito-core/5.4.0/mockito-core-5.4.0.jar:/home/litmanen/.m2/repository/net/bytebuddy/byte-buddy/1.14.16/byte-buddy-1.14.16.jar:/home/litmanen/.m2/repository/net/bytebuddy/byte-buddy-agent/1.14.16/byte-buddy-agent-1.14.16.jar:/home/litmanen/.m2/repository/org/objenesis/objenesis/3.3/objenesis-3.3.jar:/home/litmanen/.m2/repository/org/postgresql/postgresql/42.7.3/postgresql-42.7.3.jar:/home/litmanen/.m2/repository/org/checkerframework/checker-qual/3.42.0/checker-qual-3.42.0.jar:/home/litmanen/.m2/repository/org/springframework/boot/spring-boot-starter-test/3.3.0/spring-boot-starter-test-3.3.0.jar:/home/litmanen/.m2/repository/org/springframework/boot/spring-boot-test/3.3.0/spring-boot-test-3.3.0.jar:/home/litmanen/.m2/repository/org/springframework/boot/spring-boot-test-autoconfigure/3.3.0/spring-boot-test-autoconfigure-3.3.0.jar:/home/litmanen/.m2/repository/com/jayway/jsonpath/json-path/2.9.0/json-path-2.9.0.jar:/home/litmanen/.m2/repository/jakarta/xml/bind/jakarta.xml.bind-api/4.0.2/jakarta.xml.bind-api-4.0.2.jar:/home/litmanen/.m2/repository/jakarta/activation/jakarta.activation-api/2.1.3/jakarta.activation-api-2.1.3.jar:/home/litmanen/.m2/repository/net/minidev/json-smart/2.5.1/json-smart-2.5.1.jar:/home/litmanen/.m2/repository/net/minidev/accessors-smart/2.5.1/accessors-smart-2.5.1.jar:/home/litmanen/.m2/repository/org/ow2/asm/asm/9.6/asm-9.6.jar:/home/litmanen/.m2/repository/org/assertj/assertj-core/3.25.3/assertj-core-3.25.3.jar:/home/litmanen/.m2/repository/org/awaitility/awaitility/4.2.1/awaitility-4.2.1.jar:/home/litmanen/.m2/repository/org/hamcrest/hamcrest/2.2/hamcrest-2.2.jar:/home/litmanen/.m2/repository/org/junit/jupiter/junit-jupiter/5.10.2/junit-jupiter-5.10.2.jar:/home/litmanen/.m2/repository/org/junit/jupiter/junit-jupiter-params/5.10.2/junit-jupiter-params-5.10.2.jar:/home/litmanen/.m2/repository/org/junit/jupiter/junit-jupiter-engine/5.10.2/junit-jupiter-engine-5.10.2.jar:/home/litmanen/.m2/repository/org/junit/platform/junit-platform-engine/1.10.2/junit-platform-engine-1.10.2.jar:/home/litmanen/.m2/repository/org/mockito/mockito-junit-jupiter/5.11.0/mockito-junit-jupiter-5.11.0.jar:/home/litmanen/.m2/repository/org/skyscreamer/jsonassert/1.5.1/jsonassert-1.5.1.jar:/home/litmanen/.m2/repository/com/vaadin/external/google/android-json/0.0.20131108.vaadin1/android-json-0.0.20131108.vaadin1.jar:/home/litmanen/.m2/repository/org/springframework/spring-test/6.1.8/spring-test-6.1.8.jar:/home/litmanen/.m2/repository/org/xmlunit/xmlunit-core/2.9.1/xmlunit-core-2.9.1.jar:/home/litmanen/.m2/repository/org/springframework/security/spring-security-test/6.3.0/spring-security-test-6.3.0.jar:"/>
    <property name="java.vm.vendor" value="Amazon.com Inc."/>
    <property name="sun.arch.data.model" value="64"/>
    <property name="java.vendor.url" value="https://aws.amazon.com/corretto/"/>
    <property name="user.timezone" value="Europe/Brussels"/>
    <property name="org.jboss.logging.provider" value="slf4j"/>
    <property name="os.name" value="Linux"/>
    <property name="java.vm.specification.version" value="21"/>
    <property name="sun.java.launcher" value="SUN_STANDARD"/>
    <property name="sun.boot.library.path" value="/home/litmanen/.sdkman/candidates/java/21.0.3-amzn/lib"/>
    <property name="sun.java.command" value="/home/litmanen/becode-code/CommunistDate/target/surefire/surefirebooter-20240624154037614_3.jar /home/litmanen/becode-code/CommunistDate/target/surefire 2024-06-24T15-40-37_440-jvmRun1 surefire-20240624154037614_1tmp surefire_0-20240624154037614_2tmp"/>
    <property name="jdk.debug" value="release"/>
    <property name="surefire.test.class.path" value="/home/litmanen/becode-code/CommunistDate/target/test-classes:/home/litmanen/becode-code/CommunistDate/target/classes:/home/litmanen/.m2/repository/org/springframework/boot/spring-boot-starter-data-jpa/3.3.0/spring-boot-starter-data-jpa-3.3.0.jar:/home/litmanen/.m2/repository/org/springframework/boot/spring-boot-starter-aop/3.3.0/spring-boot-starter-aop-3.3.0.jar:/home/litmanen/.m2/repository/org/aspectj/aspectjweaver/1.9.22/aspectjweaver-1.9.22.jar:/home/litmanen/.m2/repository/org/hibernate/orm/hibernate-core/6.5.2.Final/hibernate-core-6.5.2.Final.jar:/home/litmanen/.m2/repository/jakarta/persistence/jakarta.persistence-api/3.1.0/jakarta.persistence-api-3.1.0.jar:/home/litmanen/.m2/repository/jakarta/transaction/jakarta.transaction-api/2.0.1/jakarta.transaction-api-2.0.1.jar:/home/litmanen/.m2/repository/org/jboss/logging/jboss-logging/3.5.3.Final/jboss-logging-3.5.3.Final.jar:/home/litmanen/.m2/repository/org/hibernate/common/hibernate-commons-annotations/6.0.6.Final/hibernate-commons-annotations-6.0.6.Final.jar:/home/litmanen/.m2/repository/io/smallrye/jandex/3.1.2/jandex-3.1.2.jar:/home/litmanen/.m2/repository/com/fasterxml/classmate/1.7.0/classmate-1.7.0.jar:/home/litmanen/.m2/repository/org/glassfish/jaxb/jaxb-runtime/4.0.5/jaxb-runtime-4.0.5.jar:/home/litmanen/.m2/repository/org/glassfish/jaxb/jaxb-core/4.0.5/jaxb-core-4.0.5.jar:/home/litmanen/.m2/repository/org/eclipse/angus/angus-activation/2.0.2/angus-activation-2.0.2.jar:/home/litmanen/.m2/repository/org/glassfish/jaxb/txw2/4.0.5/txw2-4.0.5.jar:/home/litmanen/.m2/repository/com/sun/istack/istack-commons-runtime/4.1.2/istack-commons-runtime-4.1.2.jar:/home/litmanen/.m2/repository/jakarta/inject/jakarta.inject-api/2.0.1/jakarta.inject-api-2.0.1.jar:/home/litmanen/.m2/repository/org/antlr/antlr4-runtime/4.13.0/antlr4-runtime-4.13.0.jar:/home/litmanen/.m2/repository/org/springframework/data/spring-data-jpa/3.3.0/spring-data-jpa-3.3.0.jar:/home/litmanen/.m2/repository/org/springframework/data/spring-data-commons/3.3.0/spring-data-commons-3.3.0.jar:/home/litmanen/.m2/repository/org/springframework/spring-orm/6.1.8/spring-orm-6.1.8.jar:/home/litmanen/.m2/repository/org/springframework/spring-tx/6.1.8/spring-tx-6.1.8.jar:/home/litmanen/.m2/repository/jakarta/annotation/jakarta.annotation-api/2.1.1/jakarta.annotation-api-2.1.1.jar:/home/litmanen/.m2/repository/org/slf4j/slf4j-api/2.0.13/slf4j-api-2.0.13.jar:/home/litmanen/.m2/repository/org/springframework/spring-aspects/6.1.8/spring-aspects-6.1.8.jar:/home/litmanen/.m2/repository/org/springframework/boot/spring-boot-starter-jdbc/3.3.0/spring-boot-starter-jdbc-3.3.0.jar:/home/litmanen/.m2/repository/org/springframework/boot/spring-boot-starter/3.3.0/spring-boot-starter-3.3.0.jar:/home/litmanen/.m2/repository/org/springframework/boot/spring-boot/3.3.0/spring-boot-3.3.0.jar:/home/litmanen/.m2/repository/org/springframework/boot/spring-boot-autoconfigure/3.3.0/spring-boot-autoconfigure-3.3.0.jar:/home/litmanen/.m2/repository/org/yaml/snakeyaml/2.2/snakeyaml-2.2.jar:/home/litmanen/.m2/repository/com/zaxxer/HikariCP/5.1.0/HikariCP-5.1.0.jar:/home/litmanen/.m2/repository/org/springframework/spring-jdbc/6.1.8/spring-jdbc-6.1.8.jar:/home/litmanen/.m2/repository/org/springframework/boot/spring-boot-starter-oauth2-resource-server/3.3.0/spring-boot-starter-oauth2-resource-server-3.3.0.jar:/home/litmanen/.m2/repository/org/springframework/security/spring-security-config/6.3.0/spring-security-config-6.3.0.jar:/home/litmanen/.m2/repository/org/springframework/security/spring-security-core/6.3.0/spring-security-core-6.3.0.jar:/home/litmanen/.m2/repository/org/springframework/security/spring-security-crypto/6.3.0/spring-security-crypto-6.3.0.jar:/home/litmanen/.m2/repository/org/springframework/spring-expression/6.1.8/spring-expression-6.1.8.jar:/home/litmanen/.m2/repository/io/micrometer/micrometer-observation/1.13.0/micrometer-observation-1.13.0.jar:/home/litmanen/.m2/repository/io/micrometer/micrometer-commons/1.13.0/micrometer-commons-1.13.0.jar:/home/litmanen/.m2/repository/org/springframework/security/spring-security-oauth2-jose/6.3.0/spring-security-oauth2-jose-6.3.0.jar:/home/litmanen/.m2/repository/com/nimbusds/nimbus-jose-jwt/9.37.3/nimbus-jose-jwt-9.37.3.jar:/home/litmanen/.m2/repository/com/github/stephenc/jcip/jcip-annotations/1.0-1/jcip-annotations-1.0-1.jar:/home/litmanen/.m2/repository/org/springframework/boot/spring-boot-starter-websocket/3.3.0/spring-boot-starter-websocket-3.3.0.jar:/home/litmanen/.m2/repository/org/springframework/spring-messaging/6.1.8/spring-messaging-6.1.8.jar:/home/litmanen/.m2/repository/org/springframework/spring-websocket/6.1.8/spring-websocket-6.1.8.jar:/home/litmanen/.m2/repository/org/springframework/security/oauth/spring-security-oauth2/2.5.2.RELEASE/spring-security-oauth2-2.5.2.RELEASE.jar:/home/litmanen/.m2/repository/org/springframework/spring-beans/6.1.8/spring-beans-6.1.8.jar:/home/litmanen/.m2/repository/org/springframework/spring-core/6.1.8/spring-core-6.1.8.jar:/home/litmanen/.m2/repository/org/springframework/spring-jcl/6.1.8/spring-jcl-6.1.8.jar:/home/litmanen/.m2/repository/org/springframework/spring-context/6.1.8/spring-context-6.1.8.jar:/home/litmanen/.m2/repository/org/springframework/spring-webmvc/6.1.8/spring-webmvc-6.1.8.jar:/home/litmanen/.m2/repository/org/springframework/security/spring-security-web/6.3.0/spring-security-web-6.3.0.jar:/home/litmanen/.m2/repository/commons-codec/commons-codec/1.16.1/commons-codec-1.16.1.jar:/home/litmanen/.m2/repository/javax/servlet/javax.servlet-api/4.0.1/javax.servlet-api-4.0.1.jar:/home/litmanen/.m2/repository/org/springframework/security/spring-security-oauth2-resource-server/6.3.0/spring-security-oauth2-resource-server-6.3.0.jar:/home/litmanen/.m2/repository/org/springframework/security/spring-security-oauth2-core/6.3.0/spring-security-oauth2-core-6.3.0.jar:/home/litmanen/.m2/repository/org/springframework/boot/spring-boot-starter-security/3.3.0/spring-boot-starter-security-3.3.0.jar:/home/litmanen/.m2/repository/org/springframework/spring-aop/6.1.8/spring-aop-6.1.8.jar:/home/litmanen/.m2/repository/org/springframework/boot/spring-boot-starter-logging/3.3.0/spring-boot-starter-logging-3.3.0.jar:/home/litmanen/.m2/repository/ch/qos/logback/logback-classic/1.5.6/logback-classic-1.5.6.jar:/home/litmanen/.m2/repository/ch/qos/logback/logback-core/1.5.6/logback-core-1.5.6.jar:/home/litmanen/.m2/repository/org/apache/logging/log4j/log4j-to-slf4j/2.23.1/log4j-to-slf4j-2.23.1.jar:/home/litmanen/.m2/repository/org/apache/logging/log4j/log4j-api/2.23.1/log4j-api-2.23.1.jar:/home/litmanen/.m2/repository/org/slf4j/jul-to-slf4j/2.0.13/jul-to-slf4j-2.0.13.jar:/home/litmanen/.m2/repository/org/springframework/boot/spring-boot-starter-validation/3.3.0/spring-boot-starter-validation-3.3.0.jar:/home/litmanen/.m2/repository/org/apache/tomcat/embed/tomcat-embed-el/10.1.24/tomcat-embed-el-10.1.24.jar:/home/litmanen/.m2/repository/org/hibernate/validator/hibernate-validator/8.0.1.Final/hibernate-validator-8.0.1.Final.jar:/home/litmanen/.m2/repository/jakarta/validation/jakarta.validation-api/3.0.2/jakarta.validation-api-3.0.2.jar:/home/litmanen/.m2/repository/org/springframework/boot/spring-boot-starter-web/3.3.0/spring-boot-starter-web-3.3.0.jar:/home/litmanen/.m2/repository/org/springframework/boot/spring-boot-starter-json/3.3.0/spring-boot-starter-json-3.3.0.jar:/home/litmanen/.m2/repository/com/fasterxml/jackson/core/jackson-databind/2.17.1/jackson-databind-2.17.1.jar:/home/litmanen/.m2/repository/com/fasterxml/jackson/core/jackson-annotations/2.17.1/jackson-annotations-2.17.1.jar:/home/litmanen/.m2/repository/com/fasterxml/jackson/core/jackson-core/2.17.1/jackson-core-2.17.1.jar:/home/litmanen/.m2/repository/com/fasterxml/jackson/datatype/jackson-datatype-jdk8/2.17.1/jackson-datatype-jdk8-2.17.1.jar:/home/litmanen/.m2/repository/com/fasterxml/jackson/datatype/jackson-datatype-jsr310/2.17.1/jackson-datatype-jsr310-2.17.1.jar:/home/litmanen/.m2/repository/com/fasterxml/jackson/module/jackson-module-parameter-names/2.17.1/jackson-module-parameter-names-2.17.1.jar:/home/litmanen/.m2/repository/org/springframework/boot/spring-boot-starter-tomcat/3.3.0/spring-boot-starter-tomcat-3.3.0.jar:/home/litmanen/.m2/repository/org/apache/tomcat/embed/tomcat-embed-core/10.1.24/tomcat-embed-core-10.1.24.jar:/home/litmanen/.m2/repository/org/apache/tomcat/embed/tomcat-embed-websocket/10.1.24/tomcat-embed-websocket-10.1.24.jar:/home/litmanen/.m2/repository/org/springframework/spring-web/6.1.8/spring-web-6.1.8.jar:/home/litmanen/.m2/repository/io/jsonwebtoken/jjwt/0.12.5/jjwt-0.12.5.jar:/home/litmanen/.m2/repository/io/jsonwebtoken/jjwt-api/0.12.5/jjwt-api-0.12.5.jar:/home/litmanen/.m2/repository/io/jsonwebtoken/jjwt-impl/0.12.5/jjwt-impl-0.12.5.jar:/home/litmanen/.m2/repository/io/jsonwebtoken/jjwt-jackson/0.12.5/jjwt-jackson-0.12.5.jar:/home/litmanen/.m2/repository/org/junit/jupiter/junit-jupiter-api/5.10.0/junit-jupiter-api-5.10.0.jar:/home/litmanen/.m2/repository/org/opentest4j/opentest4j/1.3.0/opentest4j-1.3.0.jar:/home/litmanen/.m2/repository/org/junit/platform/junit-platform-commons/1.10.2/junit-platform-commons-1.10.2.jar:/home/litmanen/.m2/repository/org/apiguardian/apiguardian-api/1.1.2/apiguardian-api-1.1.2.jar:/home/litmanen/.m2/repository/org/mockito/mockito-core/5.4.0/mockito-core-5.4.0.jar:/home/litmanen/.m2/repository/net/bytebuddy/byte-buddy/1.14.16/byte-buddy-1.14.16.jar:/home/litmanen/.m2/repository/net/bytebuddy/byte-buddy-agent/1.14.16/byte-buddy-agent-1.14.16.jar:/home/litmanen/.m2/repository/org/objenesis/objenesis/3.3/objenesis-3.3.jar:/home/litmanen/.m2/repository/org/postgresql/postgresql/42.7.3/postgresql-42.7.3.jar:/home/litmanen/.m2/repository/org/checkerframework/checker-qual/3.42.0/checker-qual-3.42.0.jar:/home/litmanen/.m2/repository/org/springframework/boot/spring-boot-starter-test/3.3.0/spring-boot-starter-test-3.3.0.jar:/home/litmanen/.m2/repository/org/springframework/boot/spring-boot-test/3.3.0/spring-boot-test-3.3.0.jar:/home/litmanen/.m2/repository/org/springframework/boot/spring-boot-test-autoconfigure/3.3.0/spring-boot-test-autoconfigure-3.3.0.jar:/home/litmanen/.m2/repository/com/jayway/jsonpath/json-path/2.9.0/json-path-2.9.0.jar:/home/litmanen/.m2/repository/jakarta/xml/bind/jakarta.xml.bind-api/4.0.2/jakarta.xml.bind-api-4.0.2.jar:/home/litmanen/.m2/repository/jakarta/activation/jakarta.activation-api/2.1.3/jakarta.activation-api-2.1.3.jar:/home/litmanen/.m2/repository/net/minidev/json-smart/2.5.1/json-smart-2.5.1.jar:/home/litmanen/.m2/repository/net/minidev/accessors-smart/2.5.1/accessors-smart-2.5.1.jar:/home/litmanen/.m2/repository/org/ow2/asm/asm/9.6/asm-9.6.jar:/home/litmanen/.m2/repository/org/assertj/assertj-core/3.25.3/assertj-core-3.25.3.jar:/home/litmanen/.m2/repository/org/awaitility/awaitility/4.2.1/awaitility-4.2.1.jar:/home/litmanen/.m2/repository/org/hamcrest/hamcrest/2.2/hamcrest-2.2.jar:/home/litmanen/.m2/repository/org/junit/jupiter/junit-jupiter/5.10.2/junit-jupiter-5.10.2.jar:/home/litmanen/.m2/repository/org/junit/jupiter/junit-jupiter-params/5.10.2/junit-jupiter-params-5.10.2.jar:/home/litmanen/.m2/repository/org/junit/jupiter/junit-jupiter-engine/5.10.2/junit-jupiter-engine-5.10.2.jar:/home/litmanen/.m2/repository/org/junit/platform/junit-platform-engine/1.10.2/junit-platform-engine-1.10.2.jar:/home/litmanen/.m2/repository/org/mockito/mockito-junit-jupiter/5.11.0/mockito-junit-jupiter-5.11.0.jar:/home/litmanen/.m2/repository/org/skyscreamer/jsonassert/1.5.1/jsonassert-1.5.1.jar:/home/litmanen/.m2/repository/com/vaadin/external/google/android-json/0.0.20131108.vaadin1/android-json-0.0.20131108.vaadin1.jar:/home/litmanen/.m2/repository/org/springframework/spring-test/6.1.8/spring-test-6.1.8.jar:/home/litmanen/.m2/repository/org/xmlunit/xmlunit-core/2.9.1/xmlunit-core-2.9.1.jar:/home/litmanen/.m2/repository/org/springframework/security/spring-security-test/6.3.0/spring-security-test-6.3.0.jar:"/>
    <property name="sun.cpu.endian" value="little"/>
    <property name="user.home" value="/home/litmanen"/>
    <property name="user.language" value="en"/>
    <property name="java.specification.vendor" value="Oracle Corporation"/>
    <property name="java.version.date" value="2024-04-16"/>
    <property name="java.home" value="/home/litmanen/.sdkman/candidates/java/21.0.3-amzn"/>
    <property name="file.separator" value="/"/>
    <property name="basedir" value="/home/litmanen/becode-code/CommunistDate"/>
    <property name="java.vm.compressedOopsMode" value="32-bit"/>
    <property name="line.separator" value="&#10;"/>
    <property name="java.vm.specification.vendor" value="Oracle Corporation"/>
    <property name="java.specification.name" value="Java Platform API Specification"/>
    <property name="FILE_LOG_CHARSET" value="UTF-8"/>
    <property name="java.awt.headless" value="true"/>
    <property name="surefire.real.class.path" value="/home/litmanen/becode-code/CommunistDate/target/surefire/surefirebooter-20240624154037614_3.jar"/>
    <property name="sun.management.compiler" value="HotSpot 64-Bit Tiered Compilers"/>
    <property name="java.runtime.version" value="21.0.3+9-LTS"/>
    <property name="user.name" value="litmanen"/>
    <property name="stdout.encoding" value="UTF-8"/>
    <property name="path.separator" value=":"/>
    <property name="os.version" value="5.15.153.1-microsoft-standard-WSL2"/>
    <property name="java.runtime.name" value="OpenJDK Runtime Environment"/>
    <property name="file.encoding" value="UTF-8"/>
    <property name="java.vm.name" value="OpenJDK 64-Bit Server VM"/>
    <property name="java.vendor.version" value="Corretto-21.0.3.9.1"/>
    <property name="LOG_FILE" value="app.log"/>
    <property name="localRepository" value="/home/litmanen/.m2/repository"/>
    <property name="java.vendor.url.bug" value="https://github.com/corretto/corretto-21/issues/"/>
    <property name="java.io.tmpdir" value="/tmp"/>
    <property name="com.zaxxer.hikari.pool_number" value="1"/>
    <property name="java.version" value="21.0.3"/>
    <property name="user.dir" value="/home/litmanen/becode-code/CommunistDate"/>
    <property name="os.arch" value="amd64"/>
    <property name="java.vm.specification.name" value="Java Virtual Machine Specification"/>
    <property name="PID" value="208601"/>
    <property name="CONSOLE_LOG_CHARSET" value="UTF-8"/>
    <property name="native.encoding" value="UTF-8"/>
    <property name="java.library.path" value="/usr/java/packages/lib:/usr/lib64:/lib64:/lib:/usr/lib"/>
    <property name="java.vm.info" value="mixed mode, sharing"/>
    <property name="stderr.encoding" value="UTF-8"/>
    <property name="java.vendor" value="Amazon.com Inc."/>
    <property name="java.vm.version" value="21.0.3+9-LTS"/>
    <property name="sun.io.unicode.encoding" value="UnicodeLittle"/>
    <property name="java.class.version" value="65.0"/>
    <property name="LOGGED_APPLICATION_NAME" value="[CommunistDate] "/>
  </properties>
  <testcase name="contextLoads" classname="com.example.CommunistDate.CommunistDateApplicationTests" time="1.299">
    <system-out><![CDATA[15:40:39.303 [main] INFO org.springframework.test.context.support.AnnotationConfigContextLoaderUtils -- Could not detect default configuration classes for test class [com.example.CommunistDate.CommunistDateApplicationTests]: CommunistDateApplicationTests does not declare any static, non-private, non-final, nested classes annotated with @Configuration.
15:40:39.511 [main] INFO org.springframework.boot.test.context.SpringBootTestContextBootstrapper -- Found @SpringBootConfiguration com.example.CommunistDate.CommunistDateApplication for test class com.example.CommunistDate.CommunistDateApplicationTests
  .   ____          _            __ _ _
 /\\ / ___'_ __ _ _(_)_ __  __ _ \ \ \ \
( ( )\___ | '_ | '_| | '_ \/ _` | \ \ \ \
 \\/  ___)| |_)| | | | | || (_| |  ) ) ) )
  '  |____| .__|_| |_|_| |_\__, | / / / /
 =========|_|==============|___/=/_/_/_/

 :: Spring Boot ::                (v3.3.0)

2024-06-24T15:40:40.239+02:00 DEBUG 208601 --- [CommunistDate] [kground-preinit] o.h.v.i.xml.config.ValidationXmlParser   : Trying to load META-INF/validation.xml for XML based Validator configuration.
2024-06-24T15:40:40.243+02:00 DEBUG 208601 --- [CommunistDate] [kground-preinit] o.h.v.i.xml.config.ResourceLoaderHelper  : Trying to load META-INF/validation.xml via TCCL
2024-06-24T15:40:40.244+02:00 DEBUG 208601 --- [CommunistDate] [kground-preinit] o.h.v.i.xml.config.ResourceLoaderHelper  : Trying to load META-INF/validation.xml via Hibernate Validator's class loader
2024-06-24T15:40:40.245+02:00 DEBUG 208601 --- [CommunistDate] [kground-preinit] o.h.v.i.xml.config.ValidationXmlParser   : No META-INF/validation.xml found. Using annotation based configuration only.
2024-06-24T15:40:40.253+02:00 DEBUG 208601 --- [CommunistDate] [kground-preinit] o.h.v.i.e.resolver.TraversableResolvers  : Found jakarta.persistence.Persistence on classpath containing 'getPersistenceUtil'. Assuming JPA 2 environment. Trying to instantiate JPA aware TraversableResolver
2024-06-24T15:40:40.254+02:00 DEBUG 208601 --- [CommunistDate] [kground-preinit] o.h.v.i.e.resolver.TraversableResolvers  : Instantiated JPA aware TraversableResolver of type org.hibernate.validator.internal.engine.resolver.JPATraversableResolver.
2024-06-24T15:40:40.264+02:00  INFO 208601 --- [CommunistDate] [           main] c.e.C.CommunistDateApplicationTests      : Starting CommunistDateApplicationTests using Java 21.0.3 with PID 208601 (started by litmanen in /home/litmanen/becode-code/CommunistDate)
2024-06-24T15:40:40.265+02:00 DEBUG 208601 --- [CommunistDate] [           main] c.e.C.CommunistDateApplicationTests      : Running with Spring Boot v3.3.0, Spring v6.1.8
2024-06-24T15:40:40.267+02:00  INFO 208601 --- [CommunistDate] [           main] c.e.C.CommunistDateApplicationTests      : No active profile set, falling back to 1 default profile: "default"
2024-06-24T15:40:40.310+02:00 DEBUG 208601 --- [CommunistDate] [kground-preinit] .h.v.m.ResourceBundleMessageInterpolator : Loaded expression factory via original TCCL
2024-06-24T15:40:40.330+02:00 DEBUG 208601 --- [CommunistDate] [           main] o.s.w.c.s.GenericWebApplicationContext   : Refreshing org.springframework.web.context.support.GenericWebApplicationContext@2970a5bc
2024-06-24T15:40:40.452+02:00 DEBUG 208601 --- [CommunistDate] [kground-preinit] .i.e.ValidatorFactoryConfigurationHelper : HV000252: Using org.hibernate.validator.internal.engine.DefaultPropertyNodeNameProvider as property node name provider.
2024-06-24T15:40:40.462+02:00 DEBUG 208601 --- [CommunistDate] [kground-preinit] .i.e.ValidatorFactoryConfigurationHelper : HV000234: Using org.hibernate.validator.messageinterpolation.ResourceBundleMessageInterpolator as ValidatorFactory-scoped message interpolator.
2024-06-24T15:40:40.463+02:00 DEBUG 208601 --- [CommunistDate] [kground-preinit] .i.e.ValidatorFactoryConfigurationHelper : HV000234: Using org.hibernate.validator.internal.engine.resolver.JPATraversableResolver as ValidatorFactory-scoped traversable resolver.
2024-06-24T15:40:40.463+02:00 DEBUG 208601 --- [CommunistDate] [kground-preinit] .i.e.ValidatorFactoryConfigurationHelper : HV000234: Using org.hibernate.validator.internal.util.ExecutableParameterNameProvider as ValidatorFactory-scoped parameter name provider.
2024-06-24T15:40:40.464+02:00 DEBUG 208601 --- [CommunistDate] [kground-preinit] .i.e.ValidatorFactoryConfigurationHelper : HV000234: Using org.hibernate.validator.internal.engine.DefaultClockProvider as ValidatorFactory-scoped clock provider.
2024-06-24T15:40:40.465+02:00 DEBUG 208601 --- [CommunistDate] [kground-preinit] .i.e.ValidatorFactoryConfigurationHelper : HV000234: Using org.hibernate.validator.internal.engine.scripting.DefaultScriptEvaluatorFactory as ValidatorFactory-scoped script evaluator factory.
2024-06-24T15:40:41.458+02:00  INFO 208601 --- [CommunistDate] [           main] .s.d.r.c.RepositoryConfigurationDelegate : Bootstrapping Spring Data JPA repositories in DEFAULT mode.
2024-06-24T15:40:41.569+02:00  INFO 208601 --- [CommunistDate] [           main] .s.d.r.c.RepositoryConfigurationDelegate : Finished Spring Data repository scanning in 98 ms. Found 2 JPA repository interfaces.
2024-06-24T15:40:42.681+02:00  INFO 208601 --- [CommunistDate] [           main] com.zaxxer.hikari.HikariDataSource       : HikariPool-1 - Starting...
2024-06-24T15:40:44.666+02:00  INFO 208601 --- [CommunistDate] [           main] com.zaxxer.hikari.pool.HikariPool        : HikariPool-1 - Added connection org.postgresql.jdbc.PgConnection@19f02280
2024-06-24T15:40:44.689+02:00  INFO 208601 --- [CommunistDate] [           main] com.zaxxer.hikari.HikariDataSource       : HikariPool-1 - Start completed.
2024-06-24T15:40:44.856+02:00 DEBUG 208601 --- [CommunistDate] [           main] o.hibernate.jpa.internal.util.LogHelper  : PersistenceUnitInfo [
	name: default
	persistence provider classname: null
	classloader: jdk.internal.loader.ClassLoaders$AppClassLoader@4f2410ac
	excludeUnlistedClasses: true
	JTA datasource: null
	Non JTA datasource: HikariDataSource (HikariPool-1)
	Transaction type: RESOURCE_LOCAL
	PU root URL: file:/home/litmanen/becode-code/CommunistDate/target/test-classes/
	Shared Cache Mode: UNSPECIFIED
	Validation Mode: AUTO
	Jar files URLs []
	Managed classes names [
		com.example.CommunistDate.Chat.Chat
		com.example.CommunistDate.Users.User]
	Mapping files names []
	Properties []
2024-06-24T15:40:44.873+02:00 DEBUG 208601 --- [CommunistDate] [           main] o.h.i.internal.IntegratorServiceImpl     : Adding Integrator [org.hibernate.boot.beanvalidation.BeanValidationIntegrator].
2024-06-24T15:40:44.876+02:00 DEBUG 208601 --- [CommunistDate] [           main] o.h.i.internal.IntegratorServiceImpl     : Adding Integrator [org.hibernate.cache.internal.CollectionCacheInvalidator].
2024-06-24T15:40:44.957+02:00  INFO 208601 --- [CommunistDate] [           main] org.hibernate.Version                    : HHH000412: Hibernate ORM core version 6.5.2.Final
2024-06-24T15:40:44.959+02:00 DEBUG 208601 --- [CommunistDate] [           main] org.hibernate.cfg.Environment            : HHH000206: 'hibernate.properties' not found
2024-06-24T15:40:45.000+02:00 DEBUG 208601 --- [CommunistDate] [           main] org.hibernate.orm.idgen.factory          : Registering IdentifierGenerator strategy [uuid2] -> [org.hibernate.id.UUIDGenerator]
2024-06-24T15:40:45.001+02:00 DEBUG 208601 --- [CommunistDate] [           main] org.hibernate.orm.idgen.factory          : Registering IdentifierGenerator strategy [guid] -> [org.hibernate.id.GUIDGenerator]
2024-06-24T15:40:45.003+02:00 DEBUG 208601 --- [CommunistDate] [           main] org.hibernate.orm.idgen.factory          : Registering IdentifierGenerator strategy [uuid] -> [org.hibernate.id.UUIDHexGenerator]
2024-06-24T15:40:45.003+02:00 DEBUG 208601 --- [CommunistDate] [           main] org.hibernate.orm.idgen.factory          : Registering IdentifierGenerator strategy [uuid.hex] -> [org.hibernate.id.UUIDHexGenerator]
2024-06-24T15:40:45.004+02:00 DEBUG 208601 --- [CommunistDate] [           main] org.hibernate.orm.idgen.factory          : Registering IdentifierGenerator strategy [assigned] -> [org.hibernate.id.Assigned]
2024-06-24T15:40:45.008+02:00 DEBUG 208601 --- [CommunistDate] [           main] org.hibernate.orm.idgen.factory          : Registering IdentifierGenerator strategy [identity] -> [org.hibernate.id.IdentityGenerator]
2024-06-24T15:40:45.009+02:00 DEBUG 208601 --- [CommunistDate] [           main] org.hibernate.orm.idgen.factory          : Registering IdentifierGenerator strategy [select] -> [org.hibernate.id.SelectGenerator]
2024-06-24T15:40:45.011+02:00 DEBUG 208601 --- [CommunistDate] [           main] org.hibernate.orm.idgen.factory          : Registering IdentifierGenerator strategy [sequence] -> [org.hibernate.id.enhanced.SequenceStyleGenerator]
2024-06-24T15:40:45.012+02:00 DEBUG 208601 --- [CommunistDate] [           main] org.hibernate.orm.idgen.factory          : Registering IdentifierGenerator strategy [increment] -> [org.hibernate.id.IncrementGenerator]
2024-06-24T15:40:45.014+02:00 DEBUG 208601 --- [CommunistDate] [           main] org.hibernate.orm.idgen.factory          : Registering IdentifierGenerator strategy [foreign] -> [org.hibernate.id.ForeignGenerator]
2024-06-24T15:40:45.015+02:00 DEBUG 208601 --- [CommunistDate] [           main] org.hibernate.orm.idgen.factory          : Registering IdentifierGenerator strategy [enhanced-sequence] -> [org.hibernate.id.enhanced.SequenceStyleGenerator]
2024-06-24T15:40:45.018+02:00 DEBUG 208601 --- [CommunistDate] [           main] org.hibernate.orm.idgen.factory          : Registering IdentifierGenerator strategy [enhanced-table] -> [org.hibernate.id.enhanced.TableGenerator]
2024-06-24T15:40:45.032+02:00 DEBUG 208601 --- [CommunistDate] [           main] o.h.c.internal.RegionFactoryInitiator    : Cannot default RegionFactory based on registered strategies as `[]` RegionFactory strategies were registered
2024-06-24T15:40:45.034+02:00  INFO 208601 --- [CommunistDate] [           main] o.h.c.internal.RegionFactoryInitiator    : HHH000026: Second-level cache disabled
2024-06-24T15:40:45.166+02:00 DEBUG 208601 --- [CommunistDate] [           main] org.hibernate.type.BasicTypeRegistry     : Adding type registration boolean -> org.hibernate.type.BasicTypeReference@661e279d
2024-06-24T15:40:45.167+02:00 DEBUG 208601 --- [CommunistDate] [           main] org.hibernate.type.BasicTypeRegistry     : Adding type registration boolean -> org.hibernate.type.BasicTypeReference@661e279d
2024-06-24T15:40:45.167+02:00 DEBUG 208601 --- [CommunistDate] [           main] org.hibernate.type.BasicTypeRegistry     : Adding type registration java.lang.Boolean -> org.hibernate.type.BasicTypeReference@661e279d
2024-06-24T15:40:45.168+02:00 DEBUG 208601 --- [CommunistDate] [           main] org.hibernate.type.BasicTypeRegistry     : Adding type registration numeric_boolean -> org.hibernate.type.BasicTypeReference@beabd6b
2024-06-24T15:40:45.168+02:00 DEBUG 208601 --- [CommunistDate] [           main] org.hibernate.type.BasicTypeRegistry     : Adding type registration org.hibernate.type.NumericBooleanConverter -> org.hibernate.type.BasicTypeReference@beabd6b
2024-06-24T15:40:45.169+02:00 DEBUG 208601 --- [CommunistDate] [           main] org.hibernate.type.BasicTypeRegistry     : Adding type registration true_false -> org.hibernate.type.BasicTypeReference@38de5daf
2024-06-24T15:40:45.169+02:00 DEBUG 208601 --- [CommunistDate] [           main] org.hibernate.type.BasicTypeRegistry     : Adding type registration org.hibernate.type.TrueFalseConverter -> org.hibernate.type.BasicTypeReference@38de5daf
2024-06-24T15:40:45.169+02:00 DEBUG 208601 --- [CommunistDate] [           main] org.hibernate.type.BasicTypeRegistry     : Adding type registration yes_no -> org.hibernate.type.BasicTypeReference@621624b1
2024-06-24T15:40:45.170+02:00 DEBUG 208601 --- [CommunistDate] [           main] org.hibernate.type.BasicTypeRegistry     : Adding type registration org.hibernate.type.YesNoConverter -> org.hibernate.type.BasicTypeReference@621624b1
2024-06-24T15:40:45.170+02:00 DEBUG 208601 --- [CommunistDate] [           main] org.hibernate.type.BasicTypeRegistry     : Adding type registration byte -> org.hibernate.type.BasicTypeReference@7523d5a1
2024-06-24T15:40:45.170+02:00 DEBUG 208601 --- [CommunistDate] [           main] org.hibernate.type.BasicTypeRegistry     : Adding type registration byte -> org.hibernate.type.BasicTypeReference@7523d5a1
2024-06-24T15:40:45.171+02:00 DEBUG 208601 --- [CommunistDate] [           main] org.hibernate.type.BasicTypeRegistry     : Adding type registration java.lang.Byte -> org.hibernate.type.BasicTypeReference@7523d5a1
2024-06-24T15:40:45.171+02:00 DEBUG 208601 --- [CommunistDate] [           main] org.hibernate.type.BasicTypeRegistry     : Adding type registration binary -> org.hibernate.type.BasicTypeReference@2bfc2f8b
2024-06-24T15:40:45.171+02:00 DEBUG 208601 --- [CommunistDate] [           main] org.hibernate.type.BasicTypeRegistry     : Adding type registration byte[] -> org.hibernate.type.BasicTypeReference@2bfc2f8b
2024-06-24T15:40:45.172+02:00 DEBUG 208601 --- [CommunistDate] [           main] org.hibernate.type.BasicTypeRegistry     : Adding type registration [B -> org.hibernate.type.BasicTypeReference@2bfc2f8b
2024-06-24T15:40:45.172+02:00 DEBUG 208601 --- [CommunistDate] [           main] org.hibernate.type.BasicTypeRegistry     : Adding type registration binary_wrapper -> org.hibernate.type.BasicTypeReference@61853c7e
2024-06-24T15:40:45.172+02:00 DEBUG 208601 --- [CommunistDate] [           main] org.hibernate.type.BasicTypeRegistry     : Adding type registration wrapper-binary -> org.hibernate.type.BasicTypeReference@61853c7e
2024-06-24T15:40:45.173+02:00 DEBUG 208601 --- [CommunistDate] [           main] org.hibernate.type.BasicTypeRegistry     : Adding type registration image -> org.hibernate.type.BasicTypeReference@32e5af53
2024-06-24T15:40:45.173+02:00 DEBUG 208601 --- [CommunistDate] [           main] org.hibernate.type.BasicTypeRegistry     : Adding type registration blob -> org.hibernate.type.BasicTypeReference@5980fa73
2024-06-24T15:40:45.173+02:00 DEBUG 208601 --- [CommunistDate] [           main] org.hibernate.type.BasicTypeRegistry     : Adding type registration java.sql.Blob -> org.hibernate.type.BasicTypeReference@5980fa73
2024-06-24T15:40:45.173+02:00 DEBUG 208601 --- [CommunistDate] [           main] org.hibernate.type.BasicTypeRegistry     : Adding type registration materialized_blob -> org.hibernate.type.BasicTypeReference@13ca16bf
2024-06-24T15:40:45.174+02:00 DEBUG 208601 --- [CommunistDate] [           main] org.hibernate.type.BasicTypeRegistry     : Adding type registration materialized_blob_wrapper -> org.hibernate.type.BasicTypeReference@5be4be74
2024-06-24T15:40:45.175+02:00 DEBUG 208601 --- [CommunistDate] [           main] org.hibernate.type.BasicTypeRegistry     : Adding type registration short -> org.hibernate.type.BasicTypeReference@44641d6c
2024-06-24T15:40:45.176+02:00 DEBUG 208601 --- [CommunistDate] [           main] org.hibernate.type.BasicTypeRegistry     : Adding type registration short -> org.hibernate.type.BasicTypeReference@44641d6c
2024-06-24T15:40:45.177+02:00 DEBUG 208601 --- [CommunistDate] [           main] org.hibernate.type.BasicTypeRegistry     : Adding type registration java.lang.Short -> org.hibernate.type.BasicTypeReference@44641d6c
2024-06-24T15:40:45.177+02:00 DEBUG 208601 --- [CommunistDate] [           main] org.hibernate.type.BasicTypeRegistry     : Adding type registration integer -> org.hibernate.type.BasicTypeReference@1ae924f1
2024-06-24T15:40:45.178+02:00 DEBUG 208601 --- [CommunistDate] [           main] org.hibernate.type.BasicTypeRegistry     : Adding type registration int -> org.hibernate.type.BasicTypeReference@1ae924f1
2024-06-24T15:40:45.178+02:00 DEBUG 208601 --- [CommunistDate] [           main] org.hibernate.type.BasicTypeRegistry     : Adding type registration java.lang.Integer -> org.hibernate.type.BasicTypeReference@1ae924f1
2024-06-24T15:40:45.178+02:00 DEBUG 208601 --- [CommunistDate] [           main] org.hibernate.type.BasicTypeRegistry     : Adding type registration long -> org.hibernate.type.BasicTypeReference@59d5a6fd
2024-06-24T15:40:45.178+02:00 DEBUG 208601 --- [CommunistDate] [           main] org.hibernate.type.BasicTypeRegistry     : Adding type registration long -> org.hibernate.type.BasicTypeReference@59d5a6fd
2024-06-24T15:40:45.178+02:00 DEBUG 208601 --- [CommunistDate] [           main] org.hibernate.type.BasicTypeRegistry     : Adding type registration java.lang.Long -> org.hibernate.type.BasicTypeReference@59d5a6fd
2024-06-24T15:40:45.178+02:00 DEBUG 208601 --- [CommunistDate] [           main] org.hibernate.type.BasicTypeRegistry     : Adding type registration float -> org.hibernate.type.BasicTypeReference@27bcb4ad
2024-06-24T15:40:45.179+02:00 DEBUG 208601 --- [CommunistDate] [           main] org.hibernate.type.BasicTypeRegistry     : Adding type registration float -> org.hibernate.type.BasicTypeReference@27bcb4ad
2024-06-24T15:40:45.179+02:00 DEBUG 208601 --- [CommunistDate] [           main] org.hibernate.type.BasicTypeRegistry     : Adding type registration java.lang.Float -> org.hibernate.type.BasicTypeReference@27bcb4ad
2024-06-24T15:40:45.179+02:00 DEBUG 208601 --- [CommunistDate] [           main] org.hibernate.type.BasicTypeRegistry     : Adding type registration double -> org.hibernate.type.BasicTypeReference@4357524b
2024-06-24T15:40:45.180+02:00 DEBUG 208601 --- [CommunistDate] [           main] org.hibernate.type.BasicTypeRegistry     : Adding type registration double -> org.hibernate.type.BasicTypeReference@4357524b
2024-06-24T15:40:45.180+02:00 DEBUG 208601 --- [CommunistDate] [           main] org.hibernate.type.BasicTypeRegistry     : Adding type registration java.lang.Double -> org.hibernate.type.BasicTypeReference@4357524b
2024-06-24T15:40:45.181+02:00 DEBUG 208601 --- [CommunistDate] [           main] org.hibernate.type.BasicTypeRegistry     : Adding type registration big_integer -> org.hibernate.type.BasicTypeReference@104a287c
2024-06-24T15:40:45.181+02:00 DEBUG 208601 --- [CommunistDate] [           main] org.hibernate.type.BasicTypeRegistry     : Adding type registration java.math.BigInteger -> org.hibernate.type.BasicTypeReference@104a287c
2024-06-24T15:40:45.182+02:00 DEBUG 208601 --- [CommunistDate] [           main] org.hibernate.type.BasicTypeRegistry     : Adding type registration big_decimal -> org.hibernate.type.BasicTypeReference@64dc86c6
2024-06-24T15:40:45.182+02:00 DEBUG 208601 --- [CommunistDate] [           main] org.hibernate.type.BasicTypeRegistry     : Adding type registration java.math.BigDecimal -> org.hibernate.type.BasicTypeReference@64dc86c6
2024-06-24T15:40:45.183+02:00 DEBUG 208601 --- [CommunistDate] [           main] org.hibernate.type.BasicTypeRegistry     : Adding type registration character -> org.hibernate.type.BasicTypeReference@26874f2c
2024-06-24T15:40:45.183+02:00 DEBUG 208601 --- [CommunistDate] [           main] org.hibernate.type.BasicTypeRegistry     : Adding type registration char -> org.hibernate.type.BasicTypeReference@26874f2c
2024-06-24T15:40:45.184+02:00 DEBUG 208601 --- [CommunistDate] [           main] org.hibernate.type.BasicTypeRegistry     : Adding type registration java.lang.Character -> org.hibernate.type.BasicTypeReference@26874f2c
2024-06-24T15:40:45.184+02:00 DEBUG 208601 --- [CommunistDate] [           main] org.hibernate.type.BasicTypeRegistry     : Adding type registration character_nchar -> org.hibernate.type.BasicTypeReference@5f3b84bd
2024-06-24T15:40:45.185+02:00 DEBUG 208601 --- [CommunistDate] [           main] org.hibernate.type.BasicTypeRegistry     : Adding type registration string -> org.hibernate.type.BasicTypeReference@1e734eee
2024-06-24T15:40:45.185+02:00 DEBUG 208601 --- [CommunistDate] [           main] org.hibernate.type.BasicTypeRegistry     : Adding type registration java.lang.String -> org.hibernate.type.BasicTypeReference@1e734eee
2024-06-24T15:40:45.185+02:00 DEBUG 208601 --- [CommunistDate] [           main] org.hibernate.type.BasicTypeRegistry     : Adding type registration nstring -> org.hibernate.type.BasicTypeReference@1e191150
2024-06-24T15:40:45.186+02:00 DEBUG 208601 --- [CommunistDate] [           main] org.hibernate.type.BasicTypeRegistry     : Adding type registration characters -> org.hibernate.type.BasicTypeReference@2fbd390
2024-06-24T15:40:45.187+02:00 DEBUG 208601 --- [CommunistDate] [           main] org.hibernate.type.BasicTypeRegistry     : Adding type registration char[] -> org.hibernate.type.BasicTypeReference@2fbd390
2024-06-24T15:40:45.188+02:00 DEBUG 208601 --- [CommunistDate] [           main] org.hibernate.type.BasicTypeRegistry     : Adding type registration [C -> org.hibernate.type.BasicTypeReference@2fbd390
2024-06-24T15:40:45.188+02:00 DEBUG 208601 --- [CommunistDate] [           main] org.hibernate.type.BasicTypeRegistry     : Adding type registration wrapper-characters -> org.hibernate.type.BasicTypeReference@166b11e
2024-06-24T15:40:45.189+02:00 DEBUG 208601 --- [CommunistDate] [           main] org.hibernate.type.BasicTypeRegistry     : Adding type registration text -> org.hibernate.type.BasicTypeReference@5e68be2
2024-06-24T15:40:45.189+02:00 DEBUG 208601 --- [CommunistDate] [           main] org.hibernate.type.BasicTypeRegistry     : Adding type registration ntext -> org.hibernate.type.BasicTypeReference@5323999f
2024-06-24T15:40:45.190+02:00 DEBUG 208601 --- [CommunistDate] [           main] org.hibernate.type.BasicTypeRegistry     : Adding type registration clob -> org.hibernate.type.BasicTypeReference@f18b738
2024-06-24T15:40:45.191+02:00 DEBUG 208601 --- [CommunistDate] [           main] org.hibernate.type.BasicTypeRegistry     : Adding type registration java.sql.Clob -> org.hibernate.type.BasicTypeReference@f18b738
2024-06-24T15:40:45.191+02:00 DEBUG 208601 --- [CommunistDate] [           main] org.hibernate.type.BasicTypeRegistry     : Adding type registration nclob -> org.hibernate.type.BasicTypeReference@3bc20984
2024-06-24T15:40:45.192+02:00 DEBUG 208601 --- [CommunistDate] [           main] org.hibernate.type.BasicTypeRegistry     : Adding type registration java.sql.NClob -> org.hibernate.type.BasicTypeReference@3bc20984
2024-06-24T15:40:45.192+02:00 DEBUG 208601 --- [CommunistDate] [           main] org.hibernate.type.BasicTypeRegistry     : Adding type registration materialized_clob -> org.hibernate.type.BasicTypeReference@aca3c85
2024-06-24T15:40:45.193+02:00 DEBUG 208601 --- [CommunistDate] [           main] org.hibernate.type.BasicTypeRegistry     : Adding type registration materialized_clob_char_array -> org.hibernate.type.BasicTypeReference@45eab322
2024-06-24T15:40:45.193+02:00 DEBUG 208601 --- [CommunistDate] [           main] org.hibernate.type.BasicTypeRegistry     : Adding type registration materialized_clob_character_array -> org.hibernate.type.BasicTypeReference@f017dd0
2024-06-24T15:40:45.193+02:00 DEBUG 208601 --- [CommunistDate] [           main] org.hibernate.type.BasicTypeRegistry     : Adding type registration materialized_nclob -> org.hibernate.type.BasicTypeReference@2424cb9d
2024-06-24T15:40:45.194+02:00 DEBUG 208601 --- [CommunistDate] [           main] org.hibernate.type.BasicTypeRegistry     : Adding type registration materialized_nclob_character_array -> org.hibernate.type.BasicTypeReference@7f51f588
2024-06-24T15:40:45.194+02:00 DEBUG 208601 --- [CommunistDate] [           main] org.hibernate.type.BasicTypeRegistry     : Adding type registration materialized_nclob_char_array -> org.hibernate.type.BasicTypeReference@6fb22ae3
2024-06-24T15:40:45.195+02:00 DEBUG 208601 --- [CommunistDate] [           main] org.hibernate.type.BasicTypeRegistry     : Adding type registration Duration -> org.hibernate.type.BasicTypeReference@6bd92538
2024-06-24T15:40:45.195+02:00 DEBUG 208601 --- [CommunistDate] [           main] org.hibernate.type.BasicTypeRegistry     : Adding type registration java.time.Duration -> org.hibernate.type.BasicTypeReference@6bd92538
2024-06-24T15:40:45.196+02:00 DEBUG 208601 --- [CommunistDate] [           main] org.hibernate.type.BasicTypeRegistry     : Adding type registration LocalDateTime -> org.hibernate.type.BasicTypeReference@69a373fd
2024-06-24T15:40:45.196+02:00 DEBUG 208601 --- [CommunistDate] [           main] org.hibernate.type.BasicTypeRegistry     : Adding type registration java.time.LocalDateTime -> org.hibernate.type.BasicTypeReference@69a373fd
2024-06-24T15:40:45.196+02:00 DEBUG 208601 --- [CommunistDate] [           main] org.hibernate.type.BasicTypeRegistry     : Adding type registration LocalDate -> org.hibernate.type.BasicTypeReference@19ae36f4
2024-06-24T15:40:45.196+02:00 DEBUG 208601 --- [CommunistDate] [           main] org.hibernate.type.BasicTypeRegistry     : Adding type registration java.time.LocalDate -> org.hibernate.type.BasicTypeReference@19ae36f4
2024-06-24T15:40:45.197+02:00 DEBUG 208601 --- [CommunistDate] [           main] org.hibernate.type.BasicTypeRegistry     : Adding type registration LocalTime -> org.hibernate.type.BasicTypeReference@6735f210
2024-06-24T15:40:45.197+02:00 DEBUG 208601 --- [CommunistDate] [           main] org.hibernate.type.BasicTypeRegistry     : Adding type registration java.time.LocalTime -> org.hibernate.type.BasicTypeReference@6735f210
2024-06-24T15:40:45.198+02:00 DEBUG 208601 --- [CommunistDate] [           main] org.hibernate.type.BasicTypeRegistry     : Adding type registration OffsetDateTime -> org.hibernate.type.BasicTypeReference@4567fb2b
2024-06-24T15:40:45.199+02:00 DEBUG 208601 --- [CommunistDate] [           main] org.hibernate.type.BasicTypeRegistry     : Adding type registration java.time.OffsetDateTime -> org.hibernate.type.BasicTypeReference@4567fb2b
2024-06-24T15:40:45.200+02:00 DEBUG 208601 --- [CommunistDate] [           main] org.hibernate.type.BasicTypeRegistry     : Adding type registration OffsetDateTimeWithTimezone -> org.hibernate.type.BasicTypeReference@372954e1
2024-06-24T15:40:45.200+02:00 DEBUG 208601 --- [CommunistDate] [           main] org.hibernate.type.BasicTypeRegistry     : Adding type registration OffsetDateTimeWithoutTimezone -> org.hibernate.type.BasicTypeReference@5fd8dd66
2024-06-24T15:40:45.201+02:00 DEBUG 208601 --- [CommunistDate] [           main] org.hibernate.type.BasicTypeRegistry     : Adding type registration OffsetTime -> org.hibernate.type.BasicTypeReference@173511ff
2024-06-24T15:40:45.201+02:00 DEBUG 208601 --- [CommunistDate] [           main] org.hibernate.type.BasicTypeRegistry     : Adding type registration java.time.OffsetTime -> org.hibernate.type.BasicTypeReference@173511ff
2024-06-24T15:40:45.201+02:00 DEBUG 208601 --- [CommunistDate] [           main] org.hibernate.type.BasicTypeRegistry     : Adding type registration OffsetTimeUtc -> org.hibernate.type.BasicTypeReference@6df11e91
2024-06-24T15:40:45.201+02:00 DEBUG 208601 --- [CommunistDate] [           main] org.hibernate.type.BasicTypeRegistry     : Adding type registration OffsetTimeWithTimezone -> org.hibernate.type.BasicTypeReference@1002d192
2024-06-24T15:40:45.202+02:00 DEBUG 208601 --- [CommunistDate] [           main] org.hibernate.type.BasicTypeRegistry     : Adding type registration OffsetTimeWithoutTimezone -> org.hibernate.type.BasicTypeReference@9281d19
2024-06-24T15:40:45.202+02:00 DEBUG 208601 --- [CommunistDate] [           main] org.hibernate.type.BasicTypeRegistry     : Adding type registration ZonedDateTime -> org.hibernate.type.BasicTypeReference@36ad5f2a
2024-06-24T15:40:45.202+02:00 DEBUG 208601 --- [CommunistDate] [           main] org.hibernate.type.BasicTypeRegistry     : Adding type registration java.time.ZonedDateTime -> org.hibernate.type.BasicTypeReference@36ad5f2a
2024-06-24T15:40:45.202+02:00 DEBUG 208601 --- [CommunistDate] [           main] org.hibernate.type.BasicTypeRegistry     : Adding type registration ZonedDateTimeWithTimezone -> org.hibernate.type.BasicTypeReference@53cddaf8
2024-06-24T15:40:45.203+02:00 DEBUG 208601 --- [CommunistDate] [           main] org.hibernate.type.BasicTypeRegistry     : Adding type registration ZonedDateTimeWithoutTimezone -> org.hibernate.type.BasicTypeReference@55c50f52
2024-06-24T15:40:45.203+02:00 DEBUG 208601 --- [CommunistDate] [           main] org.hibernate.type.BasicTypeRegistry     : Adding type registration date -> org.hibernate.type.BasicTypeReference@1ccc1026
2024-06-24T15:40:45.203+02:00 DEBUG 208601 --- [CommunistDate] [           main] org.hibernate.type.BasicTypeRegistry     : Adding type registration java.sql.Date -> org.hibernate.type.BasicTypeReference@1ccc1026
2024-06-24T15:40:45.203+02:00 DEBUG 208601 --- [CommunistDate] [           main] org.hibernate.type.BasicTypeRegistry     : Adding type registration time -> org.hibernate.type.BasicTypeReference@4044589a
2024-06-24T15:40:45.203+02:00 DEBUG 208601 --- [CommunistDate] [           main] org.hibernate.type.BasicTypeRegistry     : Adding type registration java.sql.Time -> org.hibernate.type.BasicTypeReference@4044589a
2024-06-24T15:40:45.204+02:00 DEBUG 208601 --- [CommunistDate] [           main] org.hibernate.type.BasicTypeRegistry     : Adding type registration timestamp -> org.hibernate.type.BasicTypeReference@7de35070
2024-06-24T15:40:45.204+02:00 DEBUG 208601 --- [CommunistDate] [           main] org.hibernate.type.BasicTypeRegistry     : Adding type registration java.sql.Timestamp -> org.hibernate.type.BasicTypeReference@7de35070
2024-06-24T15:40:45.204+02:00 DEBUG 208601 --- [CommunistDate] [           main] org.hibernate.type.BasicTypeRegistry     : Adding type registration java.util.Date -> org.hibernate.type.BasicTypeReference@7de35070
2024-06-24T15:40:45.204+02:00 DEBUG 208601 --- [CommunistDate] [           main] org.hibernate.type.BasicTypeRegistry     : Adding type registration calendar -> org.hibernate.type.BasicTypeReference@216f01
2024-06-24T15:40:45.204+02:00 DEBUG 208601 --- [CommunistDate] [           main] org.hibernate.type.BasicTypeRegistry     : Adding type registration java.util.Calendar -> org.hibernate.type.BasicTypeReference@216f01
2024-06-24T15:40:45.205+02:00 DEBUG 208601 --- [CommunistDate] [           main] org.hibernate.type.BasicTypeRegistry     : Adding type registration java.util.GregorianCalendar -> org.hibernate.type.BasicTypeReference@216f01
2024-06-24T15:40:45.205+02:00 DEBUG 208601 --- [CommunistDate] [           main] org.hibernate.type.BasicTypeRegistry     : Adding type registration calendar_date -> org.hibernate.type.BasicTypeReference@7c901203
2024-06-24T15:40:45.206+02:00 DEBUG 208601 --- [CommunistDate] [           main] org.hibernate.type.BasicTypeRegistry     : Adding type registration calendar_time -> org.hibernate.type.BasicTypeReference@79f5a6ed
2024-06-24T15:40:45.206+02:00 DEBUG 208601 --- [CommunistDate] [           main] org.hibernate.type.BasicTypeRegistry     : Adding type registration instant -> org.hibernate.type.BasicTypeReference@722787b5
2024-06-24T15:40:45.206+02:00 DEBUG 208601 --- [CommunistDate] [           main] org.hibernate.type.BasicTypeRegistry     : Adding type registration java.time.Instant -> org.hibernate.type.BasicTypeReference@722787b5
2024-06-24T15:40:45.206+02:00 DEBUG 208601 --- [CommunistDate] [           main] org.hibernate.type.BasicTypeRegistry     : Adding type registration uuid -> org.hibernate.type.BasicTypeReference@edb83f8
2024-06-24T15:40:45.207+02:00 DEBUG 208601 --- [CommunistDate] [           main] org.hibernate.type.BasicTypeRegistry     : Adding type registration java.util.UUID -> org.hibernate.type.BasicTypeReference@edb83f8
2024-06-24T15:40:45.207+02:00 DEBUG 208601 --- [CommunistDate] [           main] org.hibernate.type.BasicTypeRegistry     : Adding type registration pg-uuid -> org.hibernate.type.BasicTypeReference@edb83f8
2024-06-24T15:40:45.207+02:00 DEBUG 208601 --- [CommunistDate] [           main] org.hibernate.type.BasicTypeRegistry     : Adding type registration uuid-binary -> org.hibernate.type.BasicTypeReference@8b41ad
2024-06-24T15:40:45.207+02:00 DEBUG 208601 --- [CommunistDate] [           main] org.hibernate.type.BasicTypeRegistry     : Adding type registration uuid-char -> org.hibernate.type.BasicTypeReference@541d4d9f
2024-06-24T15:40:45.207+02:00 DEBUG 208601 --- [CommunistDate] [           main] org.hibernate.type.BasicTypeRegistry     : Adding type registration class -> org.hibernate.type.BasicTypeReference@1a497286
2024-06-24T15:40:45.207+02:00 DEBUG 208601 --- [CommunistDate] [           main] org.hibernate.type.BasicTypeRegistry     : Adding type registration java.lang.Class -> org.hibernate.type.BasicTypeReference@1a497286
2024-06-24T15:40:45.208+02:00 DEBUG 208601 --- [CommunistDate] [           main] org.hibernate.type.BasicTypeRegistry     : Adding type registration currency -> org.hibernate.type.BasicTypeReference@48dff674
2024-06-24T15:40:45.208+02:00 DEBUG 208601 --- [CommunistDate] [           main] org.hibernate.type.BasicTypeRegistry     : Adding type registration Currency -> org.hibernate.type.BasicTypeReference@48dff674
2024-06-24T15:40:45.208+02:00 DEBUG 208601 --- [CommunistDate] [           main] org.hibernate.type.BasicTypeRegistry     : Adding type registration java.util.Currency -> org.hibernate.type.BasicTypeReference@48dff674
2024-06-24T15:40:45.208+02:00 DEBUG 208601 --- [CommunistDate] [           main] org.hibernate.type.BasicTypeRegistry     : Adding type registration locale -> org.hibernate.type.BasicTypeReference@120350eb
2024-06-24T15:40:45.209+02:00 DEBUG 208601 --- [CommunistDate] [           main] org.hibernate.type.BasicTypeRegistry     : Adding type registration java.util.Locale -> org.hibernate.type.BasicTypeReference@120350eb
2024-06-24T15:40:45.209+02:00 DEBUG 208601 --- [CommunistDate] [           main] org.hibernate.type.BasicTypeRegistry     : Adding type registration serializable -> org.hibernate.type.BasicTypeReference@2ccc9681
2024-06-24T15:40:45.209+02:00 DEBUG 208601 --- [CommunistDate] [           main] org.hibernate.type.BasicTypeRegistry     : Adding type registration java.io.Serializable -> org.hibernate.type.BasicTypeReference@2ccc9681
2024-06-24T15:40:45.209+02:00 DEBUG 208601 --- [CommunistDate] [           main] org.hibernate.type.BasicTypeRegistry     : Adding type registration timezone -> org.hibernate.type.BasicTypeReference@7d401cdc
2024-06-24T15:40:45.209+02:00 DEBUG 208601 --- [CommunistDate] [           main] org.hibernate.type.BasicTypeRegistry     : Adding type registration java.util.TimeZone -> org.hibernate.type.BasicTypeReference@7d401cdc
2024-06-24T15:40:45.209+02:00 DEBUG 208601 --- [CommunistDate] [           main] org.hibernate.type.BasicTypeRegistry     : Adding type registration ZoneOffset -> org.hibernate.type.BasicTypeReference@4a9b3956
2024-06-24T15:40:45.210+02:00 DEBUG 208601 --- [CommunistDate] [           main] org.hibernate.type.BasicTypeRegistry     : Adding type registration java.time.ZoneOffset -> org.hibernate.type.BasicTypeReference@4a9b3956
2024-06-24T15:40:45.210+02:00 DEBUG 208601 --- [CommunistDate] [           main] org.hibernate.type.BasicTypeRegistry     : Adding type registration url -> org.hibernate.type.BasicTypeReference@4217bce6
2024-06-24T15:40:45.210+02:00 DEBUG 208601 --- [CommunistDate] [           main] org.hibernate.type.BasicTypeRegistry     : Adding type registration java.net.URL -> org.hibernate.type.BasicTypeReference@4217bce6
2024-06-24T15:40:45.210+02:00 DEBUG 208601 --- [CommunistDate] [           main] org.hibernate.type.BasicTypeRegistry     : Adding type registration vector -> org.hibernate.type.BasicTypeReference@aa752bb
2024-06-24T15:40:45.210+02:00 DEBUG 208601 --- [CommunistDate] [           main] org.hibernate.type.BasicTypeRegistry     : Adding type registration row_version -> org.hibernate.type.BasicTypeReference@77fc19cf
2024-06-24T15:40:45.216+02:00 DEBUG 208601 --- [CommunistDate] [           main] org.hibernate.type.BasicTypeRegistry     : Adding type registration object -> org.hibernate.type.JavaObjectType@1c7cd434
2024-06-24T15:40:45.217+02:00 DEBUG 208601 --- [CommunistDate] [           main] org.hibernate.type.BasicTypeRegistry     : Adding type registration java.lang.Object -> org.hibernate.type.JavaObjectType@1c7cd434
2024-06-24T15:40:45.218+02:00 DEBUG 208601 --- [CommunistDate] [           main] org.hibernate.type.BasicTypeRegistry     : Adding type registration null -> org.hibernate.type.NullType@4aa22cc2
2024-06-24T15:40:45.218+02:00 DEBUG 208601 --- [CommunistDate] [           main] org.hibernate.type.BasicTypeRegistry     : Adding type registration imm_date -> org.hibernate.type.BasicTypeReference@2049e582
2024-06-24T15:40:45.219+02:00 DEBUG 208601 --- [CommunistDate] [           main] org.hibernate.type.BasicTypeRegistry     : Adding type registration imm_time -> org.hibernate.type.BasicTypeReference@464aeb09
2024-06-24T15:40:45.219+02:00 DEBUG 208601 --- [CommunistDate] [           main] org.hibernate.type.BasicTypeRegistry     : Adding type registration imm_timestamp -> org.hibernate.type.BasicTypeReference@2c99c8d
2024-06-24T15:40:45.219+02:00 DEBUG 208601 --- [CommunistDate] [           main] org.hibernate.type.BasicTypeRegistry     : Adding type registration imm_calendar -> org.hibernate.type.BasicTypeReference@59d6642a
2024-06-24T15:40:45.219+02:00 DEBUG 208601 --- [CommunistDate] [           main] org.hibernate.type.BasicTypeRegistry     : Adding type registration imm_calendar_date -> org.hibernate.type.BasicTypeReference@365cef67
2024-06-24T15:40:45.220+02:00 DEBUG 208601 --- [CommunistDate] [           main] org.hibernate.type.BasicTypeRegistry     : Adding type registration imm_calendar_time -> org.hibernate.type.BasicTypeReference@27df5806
2024-06-24T15:40:45.220+02:00 DEBUG 208601 --- [CommunistDate] [           main] org.hibernate.type.BasicTypeRegistry     : Adding type registration imm_binary -> org.hibernate.type.BasicTypeReference@69bc9584
2024-06-24T15:40:45.220+02:00 DEBUG 208601 --- [CommunistDate] [           main] org.hibernate.type.BasicTypeRegistry     : Adding type registration imm_serializable -> org.hibernate.type.BasicTypeReference@3214bad
2024-06-24T15:40:45.225+02:00 DEBUG 208601 --- [CommunistDate] [           main] o.h.boot.internal.BootstrapContextImpl   : Injecting JPA temp ClassLoader [org.springframework.instrument.classloading.SimpleThrowawayClassLoader@baa9ce4] into BootstrapContext; was [null]
2024-06-24T15:40:45.225+02:00 DEBUG 208601 --- [CommunistDate] [           main] o.h.boot.internal.ClassLoaderAccessImpl  : ClassLoaderAccessImpl#injectTempClassLoader(org.springframework.instrument.classloading.SimpleThrowawayClassLoader@baa9ce4) [was null]
2024-06-24T15:40:45.226+02:00 DEBUG 208601 --- [CommunistDate] [           main] o.h.boot.internal.BootstrapContextImpl   : Injecting ScanEnvironment [org.hibernate.jpa.boot.internal.StandardJpaScanEnvironmentImpl@65859b44] into BootstrapContext; was [null]
2024-06-24T15:40:45.226+02:00 DEBUG 208601 --- [CommunistDate] [           main] o.h.boot.internal.BootstrapContextImpl   : Injecting ScanOptions [org.hibernate.boot.archive.scan.internal.StandardScanOptions@d9f5fce] into BootstrapContext; was [org.hibernate.boot.archive.scan.internal.StandardScanOptions@49653791]
2024-06-24T15:40:45.696+02:00  INFO 208601 --- [CommunistDate] [           main] o.s.o.j.p.SpringPersistenceUnitInfo      : No LoadTimeWeaver setup: ignoring JPA class transformer
2024-06-24T15:40:45.697+02:00 DEBUG 208601 --- [CommunistDate] [           main] o.h.boot.internal.BootstrapContextImpl   : Injecting JPA temp ClassLoader [null] into BootstrapContext; was [org.springframework.instrument.classloading.SimpleThrowawayClassLoader@baa9ce4]
2024-06-24T15:40:45.697+02:00 DEBUG 208601 --- [CommunistDate] [           main] o.h.boot.internal.ClassLoaderAccessImpl  : ClassLoaderAccessImpl#injectTempClassLoader(null) [was org.springframework.instrument.classloading.SimpleThrowawayClassLoader@baa9ce4]
2024-06-24T15:40:45.861+02:00 DEBUG 208601 --- [CommunistDate] [           main] o.h.e.j.e.i.JdbcEnvironmentInitiator     : Database ->
	   name : PostgreSQL
	version : 16.2
	  major : 16
	  minor : 2
2024-06-24T15:40:45.862+02:00 DEBUG 208601 --- [CommunistDate] [           main] o.h.e.j.e.i.JdbcEnvironmentInitiator     : Driver ->
	   name : PostgreSQL JDBC Driver
	version : 42.7.3
	  major : 42
	  minor : 7
2024-06-24T15:40:45.863+02:00 DEBUG 208601 --- [CommunistDate] [           main] o.h.e.j.e.i.JdbcEnvironmentInitiator     : JDBC version : 4.2
2024-06-24T15:40:46.187+02:00 DEBUG 208601 --- [CommunistDate] [           main] org.hibernate.orm.dialect                : HHH035001: Using dialect: org.hibernate.dialect.PostgreSQLDialect, version: 16.2
2024-06-24T15:40:46.204+02:00 DEBUG 208601 --- [CommunistDate] [           main] o.h.e.j.env.spi.IdentifierHelperBuilder  : JDBC driver metadata reported database stores quoted identifiers in neither upper, lower nor mixed case
2024-06-24T15:40:46.416+02:00 DEBUG 208601 --- [CommunistDate] [           main] org.hibernate.orm.jdbc.lob               : HHH10010004: Disabling contextual LOB creation as Dialect reported it is not supported
2024-06-24T15:40:46.436+02:00 DEBUG 208601 --- [CommunistDate] [           main] o.h.t.d.sql.spi.DdlTypeRegistry          : addDescriptor(2003, org.hibernate.type.descriptor.sql.internal.ArrayDdlTypeImpl@17003497) replaced previous registration(org.hibernate.type.descriptor.sql.internal.ArrayDdlTypeImpl@2f038d3c)
2024-06-24T15:40:46.436+02:00 DEBUG 208601 --- [CommunistDate] [           main] o.h.t.d.sql.spi.DdlTypeRegistry          : addDescriptor(6, org.hibernate.type.descriptor.sql.internal.CapacityDependentDdlType@376498da) replaced previous registration(org.hibernate.type.descriptor.sql.internal.DdlTypeImpl@39a8e2fa)
2024-06-24T15:40:46.444+02:00 DEBUG 208601 --- [CommunistDate] [           main] o.h.t.d.jdbc.spi.JdbcTypeRegistry        : addDescriptor(2004, BlobTypeDescriptor(BLOB_BINDING)) replaced previous registration(BlobTypeDescriptor(DEFAULT))
2024-06-24T15:40:46.445+02:00 DEBUG 208601 --- [CommunistDate] [           main] o.h.t.d.jdbc.spi.JdbcTypeRegistry        : addDescriptor(2005, ClobTypeDescriptor(CLOB_BINDING)) replaced previous registration(ClobTypeDescriptor(DEFAULT))
2024-06-24T15:40:46.472+02:00 DEBUG 208601 --- [CommunistDate] [           main] org.hibernate.type.BasicTypeRegistry     : Adding type registration JAVA_OBJECT -> org.hibernate.type.JavaObjectType@75f4d8a8
2024-06-24T15:40:46.472+02:00 DEBUG 208601 --- [CommunistDate] [           main] org.hibernate.type.BasicTypeRegistry     : Adding type registration java.lang.Object -> org.hibernate.type.JavaObjectType@75f4d8a8
2024-06-24T15:40:46.472+02:00 DEBUG 208601 --- [CommunistDate] [           main] org.hibernate.type.BasicTypeRegistry     : Type registration key [java.lang.Object] overrode previous entry : `org.hibernate.type.JavaObjectType@1c7cd434`
2024-06-24T15:40:46.483+02:00 DEBUG 208601 --- [CommunistDate] [           main] org.hibernate.type.BasicTypeRegistry     : Adding type registration org.hibernate.type.DurationType -> basicType@1(java.time.Duration,3015)
2024-06-24T15:40:46.484+02:00 DEBUG 208601 --- [CommunistDate] [           main] org.hibernate.type.BasicTypeRegistry     : Adding type registration Duration -> basicType@1(java.time.Duration,3015)
2024-06-24T15:40:46.485+02:00 DEBUG 208601 --- [CommunistDate] [           main] org.hibernate.type.BasicTypeRegistry     : Adding type registration java.time.Duration -> basicType@1(java.time.Duration,3015)
2024-06-24T15:40:46.497+02:00 DEBUG 208601 --- [CommunistDate] [           main] org.hibernate.type.BasicTypeRegistry     : Adding type registration org.hibernate.type.OffsetDateTimeType -> basicType@2(java.time.OffsetDateTime,3003)
2024-06-24T15:40:46.497+02:00 DEBUG 208601 --- [CommunistDate] [           main] org.hibernate.type.BasicTypeRegistry     : Adding type registration OffsetDateTime -> basicType@2(java.time.OffsetDateTime,3003)
2024-06-24T15:40:46.497+02:00 DEBUG 208601 --- [CommunistDate] [           main] org.hibernate.type.BasicTypeRegistry     : Adding type registration java.time.OffsetDateTime -> basicType@2(java.time.OffsetDateTime,3003)
2024-06-24T15:40:46.498+02:00 DEBUG 208601 --- [CommunistDate] [           main] org.hibernate.type.BasicTypeRegistry     : Adding type registration org.hibernate.type.ZonedDateTimeType -> basicType@3(java.time.ZonedDateTime,3003)
2024-06-24T15:40:46.498+02:00 DEBUG 208601 --- [CommunistDate] [           main] org.hibernate.type.BasicTypeRegistry     : Adding type registration ZonedDateTime -> basicType@3(java.time.ZonedDateTime,3003)
2024-06-24T15:40:46.498+02:00 DEBUG 208601 --- [CommunistDate] [           main] org.hibernate.type.BasicTypeRegistry     : Adding type registration java.time.ZonedDateTime -> basicType@3(java.time.ZonedDateTime,3003)
2024-06-24T15:40:46.501+02:00 DEBUG 208601 --- [CommunistDate] [           main] org.hibernate.type.BasicTypeRegistry     : Adding type registration org.hibernate.type.OffsetTimeType -> basicType@4(java.time.OffsetTime,3007)
2024-06-24T15:40:46.501+02:00 DEBUG 208601 --- [CommunistDate] [           main] org.hibernate.type.BasicTypeRegistry     : Adding type registration OffsetTime -> basicType@4(java.time.OffsetTime,3007)
2024-06-24T15:40:46.502+02:00 DEBUG 208601 --- [CommunistDate] [           main] org.hibernate.type.BasicTypeRegistry     : Adding type registration java.time.OffsetTime -> basicType@4(java.time.OffsetTime,3007)
2024-06-24T15:40:46.504+02:00 DEBUG 208601 --- [CommunistDate] [           main] o.h.type.spi.TypeConfiguration$Scope     : Scoping TypeConfiguration [org.hibernate.type.spi.TypeConfiguration@3a54638b] to MetadataBuildingContext [org.hibernate.boot.internal.MetadataBuildingContextRootImpl@7d8f2eec]
2024-06-24T15:40:46.621+02:00 DEBUG 208601 --- [CommunistDate] [           main] o.h.boot.model.relational.Namespace      : Created database namespace [logicalName=Name{catalog=null, schema=null}, physicalName=Name{catalog=null, schema=null}]
2024-06-24T15:40:46.662+02:00 DEBUG 208601 --- [CommunistDate] [           main] o.h.boot.model.internal.EntityBinder     : Binding entity from annotated class: com.example.CommunistDate.Chat.Chat
2024-06-24T15:40:46.675+02:00 DEBUG 208601 --- [CommunistDate] [           main] o.h.boot.model.internal.EntityBinder     : Import with entity name Chat
2024-06-24T15:40:46.694+02:00 DEBUG 208601 --- [CommunistDate] [           main] o.h.boot.model.internal.EntityBinder     : Bind entity com.example.CommunistDate.Chat.Chat on table chat
2024-06-24T15:40:46.725+02:00 DEBUG 208601 --- [CommunistDate] [           main] o.h.boot.model.internal.AnnotatedColumn  : Binding column: AnnotatedDiscriminatorColumn(column='DTYPE')
2024-06-24T15:40:46.788+02:00 DEBUG 208601 --- [CommunistDate] [           main] o.h.boot.model.internal.AnnotatedColumn  : Binding column: AnnotatedColumn(column='id')
2024-06-24T15:40:46.790+02:00 DEBUG 208601 --- [CommunistDate] [           main] o.h.boot.internal.ClassLoaderAccessImpl  : Not known whether passed class name [com.example.CommunistDate.Chat.Chat] is safe
2024-06-24T15:40:46.791+02:00 DEBUG 208601 --- [CommunistDate] [           main] o.h.boot.internal.ClassLoaderAccessImpl  : No temp ClassLoader provided; using live ClassLoader for loading potentially unsafe class : com.example.CommunistDate.Chat.Chat
2024-06-24T15:40:46.798+02:00 DEBUG 208601 --- [CommunistDate] [           main] o.h.boot.model.internal.PropertyBinder   : MetadataSourceProcessor property id with lazy=false
2024-06-24T15:40:46.808+02:00 DEBUG 208601 --- [CommunistDate] [           main] o.h.b.m.internal.AbstractPropertyHolder  : Attempting to locate auto-apply AttributeConverter for property [com.example.CommunistDate.Chat.Chat:id]
2024-06-24T15:40:46.816+02:00 DEBUG 208601 --- [CommunistDate] [           main] o.h.b.model.internal.BasicValueBinder    : building BasicValue for id
2024-06-24T15:40:46.822+02:00 DEBUG 208601 --- [CommunistDate] [           main] org.hibernate.mapping.BasicValue         : Skipping column re-registration: chat.id
2024-06-24T15:40:46.824+02:00 DEBUG 208601 --- [CommunistDate] [           main] o.h.boot.model.internal.PropertyBinder   : Building property id
2024-06-24T15:40:46.830+02:00 DEBUG 208601 --- [CommunistDate] [           main] o.h.boot.model.internal.BinderHelper     : #makeIdGenerator(BasicValue([Column(id)]), id, identity, , ...)
2024-06-24T15:40:46.831+02:00 DEBUG 208601 --- [CommunistDate] [           main] o.h.boot.model.internal.AnnotatedColumn  : Binding column: AnnotatedColumn(column='content')
2024-06-24T15:40:46.832+02:00 DEBUG 208601 --- [CommunistDate] [           main] o.h.boot.model.internal.PropertyBinder   : MetadataSourceProcessor property content with lazy=false
2024-06-24T15:40:46.832+02:00 DEBUG 208601 --- [CommunistDate] [           main] o.h.b.m.internal.AbstractPropertyHolder  : Attempting to locate auto-apply AttributeConverter for property [com.example.CommunistDate.Chat.Chat:content]
2024-06-24T15:40:46.833+02:00 DEBUG 208601 --- [CommunistDate] [           main] o.h.b.model.internal.BasicValueBinder    : building BasicValue for content
2024-06-24T15:40:46.833+02:00 DEBUG 208601 --- [CommunistDate] [           main] org.hibernate.mapping.BasicValue         : Skipping column re-registration: chat.content
2024-06-24T15:40:46.834+02:00 DEBUG 208601 --- [CommunistDate] [           main] o.h.boot.model.internal.PropertyBinder   : Building property content
2024-06-24T15:40:46.835+02:00 DEBUG 208601 --- [CommunistDate] [           main] o.h.boot.model.internal.AnnotatedColumn  : Binding column: AnnotatedColumn(column='timestamp')
2024-06-24T15:40:46.836+02:00 DEBUG 208601 --- [CommunistDate] [           main] o.h.boot.model.internal.PropertyBinder   : MetadataSourceProcessor property createdAt with lazy=false
2024-06-24T15:40:46.837+02:00 DEBUG 208601 --- [CommunistDate] [           main] o.h.b.m.internal.AbstractPropertyHolder  : Attempting to locate auto-apply AttributeConverter for property [com.example.CommunistDate.Chat.Chat:createdAt]
2024-06-24T15:40:46.837+02:00 DEBUG 208601 --- [CommunistDate] [           main] o.h.b.model.internal.BasicValueBinder    : building BasicValue for createdAt
2024-06-24T15:40:46.837+02:00 DEBUG 208601 --- [CommunistDate] [           main] org.hibernate.mapping.BasicValue         : Skipping column re-registration: chat.timestamp
2024-06-24T15:40:46.838+02:00 DEBUG 208601 --- [CommunistDate] [           main] o.h.boot.model.internal.PropertyBinder   : Building property createdAt
2024-06-24T15:40:46.844+02:00 DEBUG 208601 --- [CommunistDate] [           main] o.h.boot.model.internal.AnnotatedColumn  : Binding column: AnnotatedJoinColumn(column='receiver_id')
2024-06-24T15:40:46.847+02:00 DEBUG 208601 --- [CommunistDate] [           main] o.h.boot.model.internal.AnnotatedColumn  : Binding column: AnnotatedColumn()
2024-06-24T15:40:46.856+02:00 DEBUG 208601 --- [CommunistDate] [           main] o.h.boot.model.internal.PropertyBinder   : Building property receiver
2024-06-24T15:40:46.857+02:00 DEBUG 208601 --- [CommunistDate] [           main] o.h.boot.model.internal.AnnotatedColumn  : Binding column: AnnotatedJoinColumn(column='sender_id')
2024-06-24T15:40:46.857+02:00 DEBUG 208601 --- [CommunistDate] [           main] o.h.boot.model.internal.AnnotatedColumn  : Binding column: AnnotatedColumn()
2024-06-24T15:40:46.858+02:00 DEBUG 208601 --- [CommunistDate] [           main] o.h.boot.model.internal.PropertyBinder   : Building property sender
2024-06-24T15:40:46.862+02:00 DEBUG 208601 --- [CommunistDate] [           main] o.h.b.r.c.i.ClassLoaderServiceImpl       : HHH000194: Package not found or no package-info.java: com.example.CommunistDate.Chat
2024-06-24T15:40:46.870+02:00 DEBUG 208601 --- [CommunistDate] [           main] o.h.boot.model.internal.EntityBinder     : Binding entity from annotated class: com.example.CommunistDate.Users.User
2024-06-24T15:40:46.871+02:00 DEBUG 208601 --- [CommunistDate] [           main] o.h.boot.model.internal.EntityBinder     : Import with entity name User
2024-06-24T15:40:46.871+02:00 DEBUG 208601 --- [CommunistDate] [           main] o.h.boot.model.internal.EntityBinder     : Bind entity com.example.CommunistDate.Users.User on table users
2024-06-24T15:40:46.872+02:00 DEBUG 208601 --- [CommunistDate] [           main] o.h.boot.model.internal.AnnotatedColumn  : Binding column: AnnotatedDiscriminatorColumn(column='DTYPE')
2024-06-24T15:40:46.879+02:00 DEBUG 208601 --- [CommunistDate] [           main] o.h.boot.model.internal.AnnotatedColumn  : Binding column: AnnotatedColumn(column='id')
2024-06-24T15:40:46.880+02:00 DEBUG 208601 --- [CommunistDate] [           main] o.h.boot.internal.ClassLoaderAccessImpl  : Not known whether passed class name [com.example.CommunistDate.Users.User] is safe
2024-06-24T15:40:46.880+02:00 DEBUG 208601 --- [CommunistDate] [           main] o.h.boot.internal.ClassLoaderAccessImpl  : No temp ClassLoader provided; using live ClassLoader for loading potentially unsafe class : com.example.CommunistDate.Users.User
2024-06-24T15:40:46.881+02:00 DEBUG 208601 --- [CommunistDate] [           main] o.h.boot.model.internal.PropertyBinder   : MetadataSourceProcessor property id with lazy=false
2024-06-24T15:40:46.881+02:00 DEBUG 208601 --- [CommunistDate] [           main] o.h.b.m.internal.AbstractPropertyHolder  : Attempting to locate auto-apply AttributeConverter for property [com.example.CommunistDate.Users.User:id]
2024-06-24T15:40:46.881+02:00 DEBUG 208601 --- [CommunistDate] [           main] o.h.b.model.internal.BasicValueBinder    : building BasicValue for id
2024-06-24T15:40:46.882+02:00 DEBUG 208601 --- [CommunistDate] [           main] org.hibernate.mapping.BasicValue         : Skipping column re-registration: users.id
2024-06-24T15:40:46.882+02:00 DEBUG 208601 --- [CommunistDate] [           main] o.h.boot.model.internal.PropertyBinder   : Building property id
2024-06-24T15:40:46.883+02:00 DEBUG 208601 --- [CommunistDate] [           main] o.h.boot.model.internal.BinderHelper     : #makeIdGenerator(BasicValue([Column(id)]), id, identity, , ...)
2024-06-24T15:40:46.883+02:00 DEBUG 208601 --- [CommunistDate] [           main] o.h.boot.model.internal.AnnotatedColumn  : Binding column: AnnotatedColumn(column='age')
2024-06-24T15:40:46.884+02:00 DEBUG 208601 --- [CommunistDate] [           main] o.h.boot.model.internal.PropertyBinder   : MetadataSourceProcessor property age with lazy=false
2024-06-24T15:40:46.884+02:00 DEBUG 208601 --- [CommunistDate] [           main] o.h.b.m.internal.AbstractPropertyHolder  : Attempting to locate auto-apply AttributeConverter for property [com.example.CommunistDate.Users.User:age]
2024-06-24T15:40:46.886+02:00 DEBUG 208601 --- [CommunistDate] [           main] o.h.b.model.internal.BasicValueBinder    : building BasicValue for age
2024-06-24T15:40:46.888+02:00 DEBUG 208601 --- [CommunistDate] [           main] org.hibernate.mapping.BasicValue         : Skipping column re-registration: users.age
2024-06-24T15:40:46.888+02:00 DEBUG 208601 --- [CommunistDate] [           main] o.h.boot.model.internal.PropertyBinder   : Building property age
2024-06-24T15:40:46.889+02:00 DEBUG 208601 --- [CommunistDate] [           main] o.h.boot.model.internal.AnnotatedColumn  : Binding column: AnnotatedColumn(column='biography')
2024-06-24T15:40:46.889+02:00 DEBUG 208601 --- [CommunistDate] [           main] o.h.boot.model.internal.PropertyBinder   : MetadataSourceProcessor property biography with lazy=false
2024-06-24T15:40:46.890+02:00 DEBUG 208601 --- [CommunistDate] [           main] o.h.b.m.internal.AbstractPropertyHolder  : Attempting to locate auto-apply AttributeConverter for property [com.example.CommunistDate.Users.User:biography]
2024-06-24T15:40:46.890+02:00 DEBUG 208601 --- [CommunistDate] [           main] o.h.b.model.internal.BasicValueBinder    : building BasicValue for biography
2024-06-24T15:40:46.890+02:00 DEBUG 208601 --- [CommunistDate] [           main] org.hibernate.mapping.BasicValue         : Skipping column re-registration: users.biography
2024-06-24T15:40:46.890+02:00 DEBUG 208601 --- [CommunistDate] [           main] o.h.boot.model.internal.PropertyBinder   : Building property biography
2024-06-24T15:40:46.891+02:00 DEBUG 208601 --- [CommunistDate] [           main] o.h.boot.model.internal.AnnotatedColumn  : Binding column: AnnotatedColumn(column='city')
2024-06-24T15:40:46.891+02:00 DEBUG 208601 --- [CommunistDate] [           main] o.h.boot.model.internal.PropertyBinder   : MetadataSourceProcessor property city with lazy=false
2024-06-24T15:40:46.892+02:00 DEBUG 208601 --- [CommunistDate] [           main] o.h.b.m.internal.AbstractPropertyHolder  : Attempting to locate auto-apply AttributeConverter for property [com.example.CommunistDate.Users.User:city]
2024-06-24T15:40:46.892+02:00 DEBUG 208601 --- [CommunistDate] [           main] o.h.b.model.internal.BasicValueBinder    : building BasicValue for city
2024-06-24T15:40:46.892+02:00 DEBUG 208601 --- [CommunistDate] [           main] org.hibernate.mapping.BasicValue         : Skipping column re-registration: users.city
2024-06-24T15:40:46.892+02:00 DEBUG 208601 --- [CommunistDate] [           main] o.h.boot.model.internal.PropertyBinder   : Building property city
2024-06-24T15:40:46.893+02:00 DEBUG 208601 --- [CommunistDate] [           main] o.h.boot.model.internal.AnnotatedColumn  : Binding column: AnnotatedColumn(column='communism_level')
2024-06-24T15:40:46.893+02:00 DEBUG 208601 --- [CommunistDate] [           main] o.h.boot.model.internal.PropertyBinder   : MetadataSourceProcessor property communismLevel with lazy=false
2024-06-24T15:40:46.893+02:00 DEBUG 208601 --- [CommunistDate] [           main] o.h.b.m.internal.AbstractPropertyHolder  : Attempting to locate auto-apply AttributeConverter for property [com.example.CommunistDate.Users.User:communismLevel]
2024-06-24T15:40:46.894+02:00 DEBUG 208601 --- [CommunistDate] [           main] o.h.b.model.internal.BasicValueBinder    : building BasicValue for communismLevel
2024-06-24T15:40:46.894+02:00 DEBUG 208601 --- [CommunistDate] [           main] org.hibernate.mapping.BasicValue         : Skipping column re-registration: users.communism_level
2024-06-24T15:40:46.894+02:00 DEBUG 208601 --- [CommunistDate] [           main] o.h.boot.model.internal.PropertyBinder   : Building property communismLevel
2024-06-24T15:40:46.895+02:00 DEBUG 208601 --- [CommunistDate] [           main] o.h.boot.model.internal.AnnotatedColumn  : Binding column: AnnotatedColumn(column='communism_relationship')
2024-06-24T15:40:46.895+02:00 DEBUG 208601 --- [CommunistDate] [           main] o.h.boot.model.internal.PropertyBinder   : MetadataSourceProcessor property communismRelationship with lazy=false
2024-06-24T15:40:46.895+02:00 DEBUG 208601 --- [CommunistDate] [           main] o.h.b.m.internal.AbstractPropertyHolder  : Attempting to locate auto-apply AttributeConverter for property [com.example.CommunistDate.Users.User:communismRelationship]
2024-06-24T15:40:46.896+02:00 DEBUG 208601 --- [CommunistDate] [           main] o.h.b.model.internal.BasicValueBinder    : building BasicValue for communismRelationship
2024-06-24T15:40:46.896+02:00 DEBUG 208601 --- [CommunistDate] [           main] org.hibernate.mapping.BasicValue         : Skipping column re-registration: users.communism_relationship
2024-06-24T15:40:46.896+02:00 DEBUG 208601 --- [CommunistDate] [           main] o.h.boot.model.internal.PropertyBinder   : Building property communismRelationship
2024-06-24T15:40:46.896+02:00 DEBUG 208601 --- [CommunistDate] [           main] o.h.boot.model.internal.AnnotatedColumn  : Binding column: AnnotatedColumn(column='country_of_residence')
2024-06-24T15:40:46.897+02:00 DEBUG 208601 --- [CommunistDate] [           main] o.h.boot.model.internal.PropertyBinder   : MetadataSourceProcessor property countryOfResidence with lazy=false
2024-06-24T15:40:46.897+02:00 DEBUG 208601 --- [CommunistDate] [           main] o.h.b.m.internal.AbstractPropertyHolder  : Attempting to locate auto-apply AttributeConverter for property [com.example.CommunistDate.Users.User:countryOfResidence]
2024-06-24T15:40:46.897+02:00 DEBUG 208601 --- [CommunistDate] [           main] o.h.b.model.internal.BasicValueBinder    : building BasicValue for countryOfResidence
2024-06-24T15:40:46.897+02:00 DEBUG 208601 --- [CommunistDate] [           main] org.hibernate.mapping.BasicValue         : Skipping column re-registration: users.country_of_residence
2024-06-24T15:40:46.897+02:00 DEBUG 208601 --- [CommunistDate] [           main] o.h.boot.model.internal.PropertyBinder   : Building property countryOfResidence
2024-06-24T15:40:46.903+02:00 DEBUG 208601 --- [CommunistDate] [           main] o.h.boot.model.internal.AnnotatedColumn  : Binding column: AnnotatedColumn(column='email')
2024-06-24T15:40:46.903+02:00 DEBUG 208601 --- [CommunistDate] [           main] o.h.boot.model.internal.PropertyBinder   : MetadataSourceProcessor property email with lazy=false
2024-06-24T15:40:46.903+02:00 DEBUG 208601 --- [CommunistDate] [           main] o.h.b.m.internal.AbstractPropertyHolder  : Attempting to locate auto-apply AttributeConverter for property [com.example.CommunistDate.Users.User:email]
2024-06-24T15:40:46.904+02:00 DEBUG 208601 --- [CommunistDate] [           main] o.h.b.model.internal.BasicValueBinder    : building BasicValue for email
2024-06-24T15:40:46.904+02:00 DEBUG 208601 --- [CommunistDate] [           main] org.hibernate.mapping.BasicValue         : Skipping column re-registration: users.email
2024-06-24T15:40:46.904+02:00 DEBUG 208601 --- [CommunistDate] [           main] o.h.boot.model.internal.PropertyBinder   : Building property email
2024-06-24T15:40:46.905+02:00 DEBUG 208601 --- [CommunistDate] [           main] o.h.boot.model.internal.AnnotatedColumn  : Binding column: AnnotatedColumn(column='fourth_language')
2024-06-24T15:40:46.905+02:00 DEBUG 208601 --- [CommunistDate] [           main] o.h.boot.model.internal.PropertyBinder   : MetadataSourceProcessor property fourthLanguage with lazy=false
2024-06-24T15:40:46.906+02:00 DEBUG 208601 --- [CommunistDate] [           main] o.h.b.m.internal.AbstractPropertyHolder  : Attempting to locate auto-apply AttributeConverter for property [com.example.CommunistDate.Users.User:fourthLanguage]
2024-06-24T15:40:46.906+02:00 DEBUG 208601 --- [CommunistDate] [           main] o.h.b.model.internal.BasicValueBinder    : building BasicValue for fourthLanguage
2024-06-24T15:40:46.906+02:00 DEBUG 208601 --- [CommunistDate] [           main] org.hibernate.mapping.BasicValue         : Skipping column re-registration: users.fourth_language
2024-06-24T15:40:46.906+02:00 DEBUG 208601 --- [CommunistDate] [           main] o.h.boot.model.internal.PropertyBinder   : Building property fourthLanguage
2024-06-24T15:40:46.907+02:00 DEBUG 208601 --- [CommunistDate] [           main] o.h.boot.model.internal.AnnotatedColumn  : Binding column: AnnotatedColumn(column='gender')
2024-06-24T15:40:46.907+02:00 DEBUG 208601 --- [CommunistDate] [           main] o.h.boot.model.internal.PropertyBinder   : MetadataSourceProcessor property gender with lazy=false
2024-06-24T15:40:46.907+02:00 DEBUG 208601 --- [CommunistDate] [           main] o.h.b.m.internal.AbstractPropertyHolder  : Attempting to locate auto-apply AttributeConverter for property [com.example.CommunistDate.Users.User:gender]
2024-06-24T15:40:46.907+02:00 DEBUG 208601 --- [CommunistDate] [           main] o.h.b.model.internal.BasicValueBinder    : building BasicValue for gender
2024-06-24T15:40:46.908+02:00 DEBUG 208601 --- [CommunistDate] [           main] org.hibernate.mapping.BasicValue         : Skipping column re-registration: users.gender
2024-06-24T15:40:46.908+02:00 DEBUG 208601 --- [CommunistDate] [           main] o.h.boot.model.internal.PropertyBinder   : Building property gender
2024-06-24T15:40:46.908+02:00 DEBUG 208601 --- [CommunistDate] [           main] o.h.boot.model.internal.AnnotatedColumn  : Binding column: AnnotatedColumn(column='isadmin')
2024-06-24T15:40:46.909+02:00 DEBUG 208601 --- [CommunistDate] [           main] o.h.boot.model.internal.PropertyBinder   : MetadataSourceProcessor property isAdmin with lazy=false
2024-06-24T15:40:46.910+02:00 DEBUG 208601 --- [CommunistDate] [           main] o.h.b.m.internal.AbstractPropertyHolder  : Attempting to locate auto-apply AttributeConverter for property [com.example.CommunistDate.Users.User:isAdmin]
2024-06-24T15:40:46.910+02:00 DEBUG 208601 --- [CommunistDate] [           main] o.h.b.model.internal.BasicValueBinder    : building BasicValue for isAdmin
2024-06-24T15:40:46.910+02:00 DEBUG 208601 --- [CommunistDate] [           main] org.hibernate.mapping.BasicValue         : Skipping column re-registration: users.isadmin
2024-06-24T15:40:46.910+02:00 DEBUG 208601 --- [CommunistDate] [           main] o.h.boot.model.internal.PropertyBinder   : Building property isAdmin
2024-06-24T15:40:46.911+02:00 DEBUG 208601 --- [CommunistDate] [           main] o.h.boot.model.internal.AnnotatedColumn  : Binding column: AnnotatedColumn(column='language')
2024-06-24T15:40:46.911+02:00 DEBUG 208601 --- [CommunistDate] [           main] o.h.boot.model.internal.PropertyBinder   : MetadataSourceProcessor property language with lazy=false
2024-06-24T15:40:46.911+02:00 DEBUG 208601 --- [CommunistDate] [           main] o.h.b.m.internal.AbstractPropertyHolder  : Attempting to locate auto-apply AttributeConverter for property [com.example.CommunistDate.Users.User:language]
2024-06-24T15:40:46.912+02:00 DEBUG 208601 --- [CommunistDate] [           main] o.h.b.model.internal.BasicValueBinder    : building BasicValue for language
2024-06-24T15:40:46.912+02:00 DEBUG 208601 --- [CommunistDate] [           main] org.hibernate.mapping.BasicValue         : Skipping column re-registration: users.language
2024-06-24T15:40:46.912+02:00 DEBUG 208601 --- [CommunistDate] [           main] o.h.boot.model.internal.PropertyBinder   : Building property language
2024-06-24T15:40:46.912+02:00 DEBUG 208601 --- [CommunistDate] [           main] o.h.boot.model.internal.AnnotatedColumn  : Binding column: AnnotatedColumn(column='nationality')
2024-06-24T15:40:46.913+02:00 DEBUG 208601 --- [CommunistDate] [           main] o.h.boot.model.internal.PropertyBinder   : MetadataSourceProcessor property nationality with lazy=false
2024-06-24T15:40:46.913+02:00 DEBUG 208601 --- [CommunistDate] [           main] o.h.b.m.internal.AbstractPropertyHolder  : Attempting to locate auto-apply AttributeConverter for property [com.example.CommunistDate.Users.User:nationality]
2024-06-24T15:40:46.914+02:00 DEBUG 208601 --- [CommunistDate] [           main] o.h.b.model.internal.BasicValueBinder    : building BasicValue for nationality
2024-06-24T15:40:46.914+02:00 DEBUG 208601 --- [CommunistDate] [           main] org.hibernate.mapping.BasicValue         : Skipping column re-registration: users.nationality
2024-06-24T15:40:46.914+02:00 DEBUG 208601 --- [CommunistDate] [           main] o.h.boot.model.internal.PropertyBinder   : Building property nationality
2024-06-24T15:40:46.915+02:00 DEBUG 208601 --- [CommunistDate] [           main] o.h.boot.model.internal.AnnotatedColumn  : Binding column: AnnotatedColumn(column='partner_share')
2024-06-24T15:40:46.915+02:00 DEBUG 208601 --- [CommunistDate] [           main] o.h.boot.model.internal.PropertyBinder   : MetadataSourceProcessor property partnerShare with lazy=false
2024-06-24T15:40:46.916+02:00 DEBUG 208601 --- [CommunistDate] [           main] o.h.b.m.internal.AbstractPropertyHolder  : Attempting to locate auto-apply AttributeConverter for property [com.example.CommunistDate.Users.User:partnerShare]
2024-06-24T15:40:46.916+02:00 DEBUG 208601 --- [CommunistDate] [           main] o.h.b.model.internal.BasicValueBinder    : building BasicValue for partnerShare
2024-06-24T15:40:46.916+02:00 DEBUG 208601 --- [CommunistDate] [           main] org.hibernate.mapping.BasicValue         : Skipping column re-registration: users.partner_share
2024-06-24T15:40:46.917+02:00 DEBUG 208601 --- [CommunistDate] [           main] o.h.boot.model.internal.PropertyBinder   : Building property partnerShare
2024-06-24T15:40:46.918+02:00 DEBUG 208601 --- [CommunistDate] [           main] o.h.boot.model.internal.AnnotatedColumn  : Binding column: AnnotatedColumn(column='password')
2024-06-24T15:40:46.918+02:00 DEBUG 208601 --- [CommunistDate] [           main] o.h.boot.model.internal.PropertyBinder   : MetadataSourceProcessor property password with lazy=false
2024-06-24T15:40:46.919+02:00 DEBUG 208601 --- [CommunistDate] [           main] o.h.b.m.internal.AbstractPropertyHolder  : Attempting to locate auto-apply AttributeConverter for property [com.example.CommunistDate.Users.User:password]
2024-06-24T15:40:46.919+02:00 DEBUG 208601 --- [CommunistDate] [           main] o.h.b.model.internal.BasicValueBinder    : building BasicValue for password
2024-06-24T15:40:46.920+02:00 DEBUG 208601 --- [CommunistDate] [           main] org.hibernate.mapping.BasicValue         : Skipping column re-registration: users.password
2024-06-24T15:40:46.920+02:00 DEBUG 208601 --- [CommunistDate] [           main] o.h.boot.model.internal.PropertyBinder   : Building property password
2024-06-24T15:40:46.920+02:00 DEBUG 208601 --- [CommunistDate] [           main] o.h.boot.model.internal.AnnotatedColumn  : Binding column: AnnotatedColumn(column='political_belief')
2024-06-24T15:40:46.920+02:00 DEBUG 208601 --- [CommunistDate] [           main] o.h.boot.model.internal.PropertyBinder   : MetadataSourceProcessor property politicalBelief with lazy=false
2024-06-24T15:40:46.921+02:00 DEBUG 208601 --- [CommunistDate] [           main] o.h.b.m.internal.AbstractPropertyHolder  : Attempting to locate auto-apply AttributeConverter for property [com.example.CommunistDate.Users.User:politicalBelief]
2024-06-24T15:40:46.921+02:00 DEBUG 208601 --- [CommunistDate] [           main] o.h.b.model.internal.BasicValueBinder    : building BasicValue for politicalBelief
2024-06-24T15:40:46.921+02:00 DEBUG 208601 --- [CommunistDate] [           main] org.hibernate.mapping.BasicValue         : Skipping column re-registration: users.political_belief
2024-06-24T15:40:46.921+02:00 DEBUG 208601 --- [CommunistDate] [           main] o.h.boot.model.internal.PropertyBinder   : Building property politicalBelief
2024-06-24T15:40:46.921+02:00 DEBUG 208601 --- [CommunistDate] [           main] o.h.boot.model.internal.AnnotatedColumn  : Binding column: AnnotatedColumn(column='profile_picture')
2024-06-24T15:40:46.922+02:00 DEBUG 208601 --- [CommunistDate] [           main] o.h.boot.model.internal.PropertyBinder   : MetadataSourceProcessor property profilePicture with lazy=false
2024-06-24T15:40:46.922+02:00 DEBUG 208601 --- [CommunistDate] [           main] o.h.b.m.internal.AbstractPropertyHolder  : Attempting to locate auto-apply AttributeConverter for property [com.example.CommunistDate.Users.User:profilePicture]
2024-06-24T15:40:46.922+02:00 DEBUG 208601 --- [CommunistDate] [           main] o.h.b.model.internal.BasicValueBinder    : building BasicValue for profilePicture
2024-06-24T15:40:46.922+02:00 DEBUG 208601 --- [CommunistDate] [           main] org.hibernate.mapping.BasicValue         : Skipping column re-registration: users.profile_picture
2024-06-24T15:40:46.923+02:00 DEBUG 208601 --- [CommunistDate] [           main] o.h.boot.model.internal.PropertyBinder   : Building property profilePicture
2024-06-24T15:40:46.923+02:00 DEBUG 208601 --- [CommunistDate] [           main] o.h.boot.model.internal.AnnotatedColumn  : Binding column: AnnotatedColumn(column='second_language')
2024-06-24T15:40:46.923+02:00 DEBUG 208601 --- [CommunistDate] [           main] o.h.boot.model.internal.PropertyBinder   : MetadataSourceProcessor property secondLanguage with lazy=false
2024-06-24T15:40:46.924+02:00 DEBUG 208601 --- [CommunistDate] [           main] o.h.b.m.internal.AbstractPropertyHolder  : Attempting to locate auto-apply AttributeConverter for property [com.example.CommunistDate.Users.User:secondLanguage]
2024-06-24T15:40:46.924+02:00 DEBUG 208601 --- [CommunistDate] [           main] o.h.b.model.internal.BasicValueBinder    : building BasicValue for secondLanguage
2024-06-24T15:40:46.924+02:00 DEBUG 208601 --- [CommunistDate] [           main] org.hibernate.mapping.BasicValue         : Skipping column re-registration: users.second_language
2024-06-24T15:40:46.924+02:00 DEBUG 208601 --- [CommunistDate] [           main] o.h.boot.model.internal.PropertyBinder   : Building property secondLanguage
2024-06-24T15:40:46.925+02:00 DEBUG 208601 --- [CommunistDate] [           main] o.h.boot.model.internal.AnnotatedColumn  : Binding column: AnnotatedColumn(column='sexual_orientation')
2024-06-24T15:40:46.925+02:00 DEBUG 208601 --- [CommunistDate] [           main] o.h.boot.model.internal.PropertyBinder   : MetadataSourceProcessor property sexualOrientation with lazy=false
2024-06-24T15:40:46.926+02:00 DEBUG 208601 --- [CommunistDate] [           main] o.h.b.m.internal.AbstractPropertyHolder  : Attempting to locate auto-apply AttributeConverter for property [com.example.CommunistDate.Users.User:sexualOrientation]
2024-06-24T15:40:46.927+02:00 DEBUG 208601 --- [CommunistDate] [           main] o.h.b.model.internal.BasicValueBinder    : building BasicValue for sexualOrientation
2024-06-24T15:40:46.927+02:00 DEBUG 208601 --- [CommunistDate] [           main] org.hibernate.mapping.BasicValue         : Skipping column re-registration: users.sexual_orientation
2024-06-24T15:40:46.927+02:00 DEBUG 208601 --- [CommunistDate] [           main] o.h.boot.model.internal.PropertyBinder   : Building property sexualOrientation
2024-06-24T15:40:46.928+02:00 DEBUG 208601 --- [CommunistDate] [           main] o.h.boot.model.internal.AnnotatedColumn  : Binding column: AnnotatedColumn(column='third_language')
2024-06-24T15:40:46.928+02:00 DEBUG 208601 --- [CommunistDate] [           main] o.h.boot.model.internal.PropertyBinder   : MetadataSourceProcessor property thirdLanguage with lazy=false
2024-06-24T15:40:46.928+02:00 DEBUG 208601 --- [CommunistDate] [           main] o.h.b.m.internal.AbstractPropertyHolder  : Attempting to locate auto-apply AttributeConverter for property [com.example.CommunistDate.Users.User:thirdLanguage]
2024-06-24T15:40:46.929+02:00 DEBUG 208601 --- [CommunistDate] [           main] o.h.b.model.internal.BasicValueBinder    : building BasicValue for thirdLanguage
2024-06-24T15:40:46.929+02:00 DEBUG 208601 --- [CommunistDate] [           main] org.hibernate.mapping.BasicValue         : Skipping column re-registration: users.third_language
2024-06-24T15:40:46.929+02:00 DEBUG 208601 --- [CommunistDate] [           main] o.h.boot.model.internal.PropertyBinder   : Building property thirdLanguage
2024-06-24T15:40:46.930+02:00 DEBUG 208601 --- [CommunistDate] [           main] o.h.boot.model.internal.AnnotatedColumn  : Binding column: AnnotatedColumn(column='username')
2024-06-24T15:40:46.931+02:00 DEBUG 208601 --- [CommunistDate] [           main] o.h.boot.model.internal.PropertyBinder   : MetadataSourceProcessor property username with lazy=false
2024-06-24T15:40:46.931+02:00 DEBUG 208601 --- [CommunistDate] [           main] o.h.b.m.internal.AbstractPropertyHolder  : Attempting to locate auto-apply AttributeConverter for property [com.example.CommunistDate.Users.User:username]
2024-06-24T15:40:46.932+02:00 DEBUG 208601 --- [CommunistDate] [           main] o.h.b.model.internal.BasicValueBinder    : building BasicValue for username
2024-06-24T15:40:46.932+02:00 DEBUG 208601 --- [CommunistDate] [           main] org.hibernate.mapping.BasicValue         : Skipping column re-registration: users.username
2024-06-24T15:40:46.932+02:00 DEBUG 208601 --- [CommunistDate] [           main] o.h.boot.model.internal.PropertyBinder   : Building property username
2024-06-24T15:40:46.933+02:00 DEBUG 208601 --- [CommunistDate] [           main] o.h.b.r.c.i.ClassLoaderServiceImpl       : HHH000194: Package not found or no package-info.java: com.example.CommunistDate.Users
2024-06-24T15:40:46.936+02:00 DEBUG 208601 --- [CommunistDate] [           main] o.h.b.model.internal.BasicValueBinder    : Starting `BasicValueBinder#fillSimpleValue` for id
2024-06-24T15:40:46.941+02:00 DEBUG 208601 --- [CommunistDate] [           main] o.h.b.model.internal.BasicValueBinder    : Starting `BasicValueBinder#fillSimpleValue` for content
2024-06-24T15:40:46.941+02:00 DEBUG 208601 --- [CommunistDate] [           main] o.h.b.model.internal.BasicValueBinder    : Starting `BasicValueBinder#fillSimpleValue` for createdAt
2024-06-24T15:40:46.941+02:00 DEBUG 208601 --- [CommunistDate] [           main] o.h.b.model.internal.BasicValueBinder    : Starting `BasicValueBinder#fillSimpleValue` for id
2024-06-24T15:40:46.942+02:00 DEBUG 208601 --- [CommunistDate] [           main] o.h.b.model.internal.BasicValueBinder    : Starting `BasicValueBinder#fillSimpleValue` for age
2024-06-24T15:40:46.942+02:00 DEBUG 208601 --- [CommunistDate] [           main] o.h.b.model.internal.BasicValueBinder    : Starting `BasicValueBinder#fillSimpleValue` for biography
2024-06-24T15:40:46.942+02:00 DEBUG 208601 --- [CommunistDate] [           main] o.h.b.model.internal.BasicValueBinder    : Starting `BasicValueBinder#fillSimpleValue` for city
2024-06-24T15:40:46.942+02:00 DEBUG 208601 --- [CommunistDate] [           main] o.h.b.model.internal.BasicValueBinder    : Starting `BasicValueBinder#fillSimpleValue` for communismLevel
2024-06-24T15:40:46.942+02:00 DEBUG 208601 --- [CommunistDate] [           main] o.h.b.model.internal.BasicValueBinder    : Starting `BasicValueBinder#fillSimpleValue` for communismRelationship
2024-06-24T15:40:46.942+02:00 DEBUG 208601 --- [CommunistDate] [           main] o.h.b.model.internal.BasicValueBinder    : Starting `BasicValueBinder#fillSimpleValue` for countryOfResidence
2024-06-24T15:40:46.942+02:00 DEBUG 208601 --- [CommunistDate] [           main] o.h.b.model.internal.BasicValueBinder    : Starting `BasicValueBinder#fillSimpleValue` for email
2024-06-24T15:40:46.943+02:00 DEBUG 208601 --- [CommunistDate] [           main] o.h.b.model.internal.BasicValueBinder    : Starting `BasicValueBinder#fillSimpleValue` for fourthLanguage
2024-06-24T15:40:46.943+02:00 DEBUG 208601 --- [CommunistDate] [           main] o.h.b.model.internal.BasicValueBinder    : Starting `BasicValueBinder#fillSimpleValue` for gender
2024-06-24T15:40:46.943+02:00 DEBUG 208601 --- [CommunistDate] [           main] o.h.b.model.internal.BasicValueBinder    : Starting `BasicValueBinder#fillSimpleValue` for isAdmin
2024-06-24T15:40:46.943+02:00 DEBUG 208601 --- [CommunistDate] [           main] o.h.b.model.internal.BasicValueBinder    : Starting `BasicValueBinder#fillSimpleValue` for language
2024-06-24T15:40:46.944+02:00 DEBUG 208601 --- [CommunistDate] [           main] o.h.b.model.internal.BasicValueBinder    : Starting `BasicValueBinder#fillSimpleValue` for nationality
2024-06-24T15:40:46.944+02:00 DEBUG 208601 --- [CommunistDate] [           main] o.h.b.model.internal.BasicValueBinder    : Starting `BasicValueBinder#fillSimpleValue` for partnerShare
2024-06-24T15:40:46.944+02:00 DEBUG 208601 --- [CommunistDate] [           main] o.h.b.model.internal.BasicValueBinder    : Starting `BasicValueBinder#fillSimpleValue` for password
2024-06-24T15:40:46.944+02:00 DEBUG 208601 --- [CommunistDate] [           main] o.h.b.model.internal.BasicValueBinder    : Starting `BasicValueBinder#fillSimpleValue` for politicalBelief
2024-06-24T15:40:46.944+02:00 DEBUG 208601 --- [CommunistDate] [           main] o.h.b.model.internal.BasicValueBinder    : Starting `BasicValueBinder#fillSimpleValue` for profilePicture
2024-06-24T15:40:46.945+02:00 DEBUG 208601 --- [CommunistDate] [           main] o.h.b.model.internal.BasicValueBinder    : Starting `BasicValueBinder#fillSimpleValue` for secondLanguage
2024-06-24T15:40:46.945+02:00 DEBUG 208601 --- [CommunistDate] [           main] o.h.b.model.internal.BasicValueBinder    : Starting `BasicValueBinder#fillSimpleValue` for sexualOrientation
2024-06-24T15:40:46.946+02:00 DEBUG 208601 --- [CommunistDate] [           main] o.h.b.model.internal.BasicValueBinder    : Starting `BasicValueBinder#fillSimpleValue` for thirdLanguage
2024-06-24T15:40:46.946+02:00 DEBUG 208601 --- [CommunistDate] [           main] o.h.b.model.internal.BasicValueBinder    : Starting `BasicValueBinder#fillSimpleValue` for username
2024-06-24T15:40:46.955+02:00 DEBUG 208601 --- [CommunistDate] [           main] org.hibernate.mapping.PrimaryKey         : Forcing column [id] to be non-null as it is part of the primary key for table [chat]
2024-06-24T15:40:46.956+02:00 DEBUG 208601 --- [CommunistDate] [           main] org.hibernate.mapping.PrimaryKey         : Forcing column [id] to be non-null as it is part of the primary key for table [users]
2024-06-24T15:40:47.113+02:00 DEBUG 208601 --- [CommunistDate] [           main] o.hibernate.internal.SessionFactoryImpl  : Building session factory
2024-06-24T15:40:47.195+02:00 DEBUG 208601 --- [CommunistDate] [           main] .h.s.i.SessionFactoryServiceRegistryImpl : EventListenerRegistry access via ServiceRegistry is deprecated.  Use `sessionFactory.getEventEngine().getListenerRegistry()` instead
2024-06-24T15:40:47.196+02:00 DEBUG 208601 --- [CommunistDate] [           main] o.hibernate.internal.SessionFactoryImpl  : Instantiating SessionFactory with settings: {java.specification.version=21, hibernate.resource.beans.container=org.springframework.orm.hibernate5.SpringBeanContainer@4ea48b2e, hibernate.connection.handling_mode=DELAYED_ACQUISITION_AND_HOLD, sun.jnu.encoding=UTF-8, hibernate.implicit_naming_strategy=org.springframework.boot.orm.jpa.hibernate.SpringImplicitNamingStrategy, java.class.path=/home/litmanen/becode-code/CommunistDate/target/test-classes:/home/litmanen/becode-code/CommunistDate/target/classes:/home/litmanen/.m2/repository/org/springframework/boot/spring-boot-starter-data-jpa/3.3.0/spring-boot-starter-data-jpa-3.3.0.jar:/home/litmanen/.m2/repository/org/springframework/boot/spring-boot-starter-aop/3.3.0/spring-boot-starter-aop-3.3.0.jar:/home/litmanen/.m2/repository/org/aspectj/aspectjweaver/1.9.22/aspectjweaver-1.9.22.jar:/home/litmanen/.m2/repository/org/hibernate/orm/hibernate-core/6.5.2.Final/hibernate-core-6.5.2.Final.jar:/home/litmanen/.m2/repository/jakarta/persistence/jakarta.persistence-api/3.1.0/jakarta.persistence-api-3.1.0.jar:/home/litmanen/.m2/repository/jakarta/transaction/jakarta.transaction-api/2.0.1/jakarta.transaction-api-2.0.1.jar:/home/litmanen/.m2/repository/org/jboss/logging/jboss-logging/3.5.3.Final/jboss-logging-3.5.3.Final.jar:/home/litmanen/.m2/repository/org/hibernate/common/hibernate-commons-annotations/6.0.6.Final/hibernate-commons-annotations-6.0.6.Final.jar:/home/litmanen/.m2/repository/io/smallrye/jandex/3.1.2/jandex-3.1.2.jar:/home/litmanen/.m2/repository/com/fasterxml/classmate/1.7.0/classmate-1.7.0.jar:/home/litmanen/.m2/repository/org/glassfish/jaxb/jaxb-runtime/4.0.5/jaxb-runtime-4.0.5.jar:/home/litmanen/.m2/repository/org/glassfish/jaxb/jaxb-core/4.0.5/jaxb-core-4.0.5.jar:/home/litmanen/.m2/repository/org/eclipse/angus/angus-activation/2.0.2/angus-activation-2.0.2.jar:/home/litmanen/.m2/repository/org/glassfish/jaxb/txw2/4.0.5/txw2-4.0.5.jar:/home/litmanen/.m2/repository/com/sun/istack/istack-commons-runtime/4.1.2/istack-commons-runtime-4.1.2.jar:/home/litmanen/.m2/repository/jakarta/inject/jakarta.inject-api/2.0.1/jakarta.inject-api-2.0.1.jar:/home/litmanen/.m2/repository/org/antlr/antlr4-runtime/4.13.0/antlr4-runtime-4.13.0.jar:/home/litmanen/.m2/repository/org/springframework/data/spring-data-jpa/3.3.0/spring-data-jpa-3.3.0.jar:/home/litmanen/.m2/repository/org/springframework/data/spring-data-commons/3.3.0/spring-data-commons-3.3.0.jar:/home/litmanen/.m2/repository/org/springframework/spring-orm/6.1.8/spring-orm-6.1.8.jar:/home/litmanen/.m2/repository/org/springframework/spring-tx/6.1.8/spring-tx-6.1.8.jar:/home/litmanen/.m2/repository/jakarta/annotation/jakarta.annotation-api/2.1.1/jakarta.annotation-api-2.1.1.jar:/home/litmanen/.m2/repository/org/slf4j/slf4j-api/2.0.13/slf4j-api-2.0.13.jar:/home/litmanen/.m2/repository/org/springframework/spring-aspects/6.1.8/spring-aspects-6.1.8.jar:/home/litmanen/.m2/repository/org/springframework/boot/spring-boot-starter-jdbc/3.3.0/spring-boot-starter-jdbc-3.3.0.jar:/home/litmanen/.m2/repository/org/springframework/boot/spring-boot-starter/3.3.0/spring-boot-starter-3.3.0.jar:/home/litmanen/.m2/repository/org/springframework/boot/spring-boot/3.3.0/spring-boot-3.3.0.jar:/home/litmanen/.m2/repository/org/springframework/boot/spring-boot-autoconfigure/3.3.0/spring-boot-autoconfigure-3.3.0.jar:/home/litmanen/.m2/repository/org/yaml/snakeyaml/2.2/snakeyaml-2.2.jar:/home/litmanen/.m2/repository/com/zaxxer/HikariCP/5.1.0/HikariCP-5.1.0.jar:/home/litmanen/.m2/repository/org/springframework/spring-jdbc/6.1.8/spring-jdbc-6.1.8.jar:/home/litmanen/.m2/repository/org/springframework/boot/spring-boot-starter-oauth2-resource-server/3.3.0/spring-boot-starter-oauth2-resource-server-3.3.0.jar:/home/litmanen/.m2/repository/org/springframework/security/spring-security-config/6.3.0/spring-security-config-6.3.0.jar:/home/litmanen/.m2/repository/org/springframework/security/spring-security-core/6.3.0/spring-security-core-6.3.0.jar:/home/litmanen/.m2/repository/org/springframework/security/spring-security-crypto/6.3.0/spring-security-crypto-6.3.0.jar:/home/litmanen/.m2/repository/org/springframework/spring-expression/6.1.8/spring-expression-6.1.8.jar:/home/litmanen/.m2/repository/io/micrometer/micrometer-observation/1.13.0/micrometer-observation-1.13.0.jar:/home/litmanen/.m2/repository/io/micrometer/micrometer-commons/1.13.0/micrometer-commons-1.13.0.jar:/home/litmanen/.m2/repository/org/springframework/security/spring-security-oauth2-jose/6.3.0/spring-security-oauth2-jose-6.3.0.jar:/home/litmanen/.m2/repository/com/nimbusds/nimbus-jose-jwt/9.37.3/nimbus-jose-jwt-9.37.3.jar:/home/litmanen/.m2/repository/com/github/stephenc/jcip/jcip-annotations/1.0-1/jcip-annotations-1.0-1.jar:/home/litmanen/.m2/repository/org/springframework/boot/spring-boot-starter-websocket/3.3.0/spring-boot-starter-websocket-3.3.0.jar:/home/litmanen/.m2/repository/org/springframework/spring-messaging/6.1.8/spring-messaging-6.1.8.jar:/home/litmanen/.m2/repository/org/springframework/spring-websocket/6.1.8/spring-websocket-6.1.8.jar:/home/litmanen/.m2/repository/org/springframework/security/oauth/spring-security-oauth2/2.5.2.RELEASE/spring-security-oauth2-2.5.2.RELEASE.jar:/home/litmanen/.m2/repository/org/springframework/spring-beans/6.1.8/spring-beans-6.1.8.jar:/home/litmanen/.m2/repository/org/springframework/spring-core/6.1.8/spring-core-6.1.8.jar:/home/litmanen/.m2/repository/org/springframework/spring-jcl/6.1.8/spring-jcl-6.1.8.jar:/home/litmanen/.m2/repository/org/springframework/spring-context/6.1.8/spring-context-6.1.8.jar:/home/litmanen/.m2/repository/org/springframework/spring-webmvc/6.1.8/spring-webmvc-6.1.8.jar:/home/litmanen/.m2/repository/org/springframework/security/spring-security-web/6.3.0/spring-security-web-6.3.0.jar:/home/litmanen/.m2/repository/commons-codec/commons-codec/1.16.1/commons-codec-1.16.1.jar:/home/litmanen/.m2/repository/javax/servlet/javax.servlet-api/4.0.1/javax.servlet-api-4.0.1.jar:/home/litmanen/.m2/repository/org/springframework/security/spring-security-oauth2-resource-server/6.3.0/spring-security-oauth2-resource-server-6.3.0.jar:/home/litmanen/.m2/repository/org/springframework/security/spring-security-oauth2-core/6.3.0/spring-security-oauth2-core-6.3.0.jar:/home/litmanen/.m2/repository/org/springframework/boot/spring-boot-starter-security/3.3.0/spring-boot-starter-security-3.3.0.jar:/home/litmanen/.m2/repository/org/springframework/spring-aop/6.1.8/spring-aop-6.1.8.jar:/home/litmanen/.m2/repository/org/springframework/boot/spring-boot-starter-logging/3.3.0/spring-boot-starter-logging-3.3.0.jar:/home/litmanen/.m2/repository/ch/qos/logback/logback-classic/1.5.6/logback-classic-1.5.6.jar:/home/litmanen/.m2/repository/ch/qos/logback/logback-core/1.5.6/logback-core-1.5.6.jar:/home/litmanen/.m2/repository/org/apache/logging/log4j/log4j-to-slf4j/2.23.1/log4j-to-slf4j-2.23.1.jar:/home/litmanen/.m2/repository/org/apache/logging/log4j/log4j-api/2.23.1/log4j-api-2.23.1.jar:/home/litmanen/.m2/repository/org/slf4j/jul-to-slf4j/2.0.13/jul-to-slf4j-2.0.13.jar:/home/litmanen/.m2/repository/org/springframework/boot/spring-boot-starter-validation/3.3.0/spring-boot-starter-validation-3.3.0.jar:/home/litmanen/.m2/repository/org/apache/tomcat/embed/tomcat-embed-el/10.1.24/tomcat-embed-el-10.1.24.jar:/home/litmanen/.m2/repository/org/hibernate/validator/hibernate-validator/8.0.1.Final/hibernate-validator-8.0.1.Final.jar:/home/litmanen/.m2/repository/jakarta/validation/jakarta.validation-api/3.0.2/jakarta.validation-api-3.0.2.jar:/home/litmanen/.m2/repository/org/springframework/boot/spring-boot-starter-web/3.3.0/spring-boot-starter-web-3.3.0.jar:/home/litmanen/.m2/repository/org/springframework/boot/spring-boot-starter-json/3.3.0/spring-boot-starter-json-3.3.0.jar:/home/litmanen/.m2/repository/com/fasterxml/jackson/core/jackson-databind/2.17.1/jackson-databind-2.17.1.jar:/home/litmanen/.m2/repository/com/fasterxml/jackson/core/jackson-annotations/2.17.1/jackson-annotations-2.17.1.jar:/home/litmanen/.m2/repository/com/fasterxml/jackson/core/jackson-core/2.17.1/jackson-core-2.17.1.jar:/home/litmanen/.m2/repository/com/fasterxml/jackson/datatype/jackson-datatype-jdk8/2.17.1/jackson-datatype-jdk8-2.17.1.jar:/home/litmanen/.m2/repository/com/fasterxml/jackson/datatype/jackson-datatype-jsr310/2.17.1/jackson-datatype-jsr310-2.17.1.jar:/home/litmanen/.m2/repository/com/fasterxml/jackson/module/jackson-module-parameter-names/2.17.1/jackson-module-parameter-names-2.17.1.jar:/home/litmanen/.m2/repository/org/springframework/boot/spring-boot-starter-tomcat/3.3.0/spring-boot-starter-tomcat-3.3.0.jar:/home/litmanen/.m2/repository/org/apache/tomcat/embed/tomcat-embed-core/10.1.24/tomcat-embed-core-10.1.24.jar:/home/litmanen/.m2/repository/org/apache/tomcat/embed/tomcat-embed-websocket/10.1.24/tomcat-embed-websocket-10.1.24.jar:/home/litmanen/.m2/repository/org/springframework/spring-web/6.1.8/spring-web-6.1.8.jar:/home/litmanen/.m2/repository/io/jsonwebtoken/jjwt/0.12.5/jjwt-0.12.5.jar:/home/litmanen/.m2/repository/io/jsonwebtoken/jjwt-api/0.12.5/jjwt-api-0.12.5.jar:/home/litmanen/.m2/repository/io/jsonwebtoken/jjwt-impl/0.12.5/jjwt-impl-0.12.5.jar:/home/litmanen/.m2/repository/io/jsonwebtoken/jjwt-jackson/0.12.5/jjwt-jackson-0.12.5.jar:/home/litmanen/.m2/repository/org/junit/jupiter/junit-jupiter-api/5.10.0/junit-jupiter-api-5.10.0.jar:/home/litmanen/.m2/repository/org/opentest4j/opentest4j/1.3.0/opentest4j-1.3.0.jar:/home/litmanen/.m2/repository/org/junit/platform/junit-platform-commons/1.10.2/junit-platform-commons-1.10.2.jar:/home/litmanen/.m2/repository/org/apiguardian/apiguardian-api/1.1.2/apiguardian-api-1.1.2.jar:/home/litmanen/.m2/repository/org/mockito/mockito-core/5.4.0/mockito-core-5.4.0.jar:/home/litmanen/.m2/repository/net/bytebuddy/byte-buddy/1.14.16/byte-buddy-1.14.16.jar:/home/litmanen/.m2/repository/net/bytebuddy/byte-buddy-agent/1.14.16/byte-buddy-agent-1.14.16.jar:/home/litmanen/.m2/repository/org/objenesis/objenesis/3.3/objenesis-3.3.jar:/home/litmanen/.m2/repository/org/postgresql/postgresql/42.7.3/postgresql-42.7.3.jar:/home/litmanen/.m2/repository/org/checkerframework/checker-qual/3.42.0/checker-qual-3.42.0.jar:/home/litmanen/.m2/repository/org/springframework/boot/spring-boot-starter-test/3.3.0/spring-boot-starter-test-3.3.0.jar:/home/litmanen/.m2/repository/org/springframework/boot/spring-boot-test/3.3.0/spring-boot-test-3.3.0.jar:/home/litmanen/.m2/repository/org/springframework/boot/spring-boot-test-autoconfigure/3.3.0/spring-boot-test-autoconfigure-3.3.0.jar:/home/litmanen/.m2/repository/com/jayway/jsonpath/json-path/2.9.0/json-path-2.9.0.jar:/home/litmanen/.m2/repository/jakarta/xml/bind/jakarta.xml.bind-api/4.0.2/jakarta.xml.bind-api-4.0.2.jar:/home/litmanen/.m2/repository/jakarta/activation/jakarta.activation-api/2.1.3/jakarta.activation-api-2.1.3.jar:/home/litmanen/.m2/repository/net/minidev/json-smart/2.5.1/json-smart-2.5.1.jar:/home/litmanen/.m2/repository/net/minidev/accessors-smart/2.5.1/accessors-smart-2.5.1.jar:/home/litmanen/.m2/repository/org/ow2/asm/asm/9.6/asm-9.6.jar:/home/litmanen/.m2/repository/org/assertj/assertj-core/3.25.3/assertj-core-3.25.3.jar:/home/litmanen/.m2/repository/org/awaitility/awaitility/4.2.1/awaitility-4.2.1.jar:/home/litmanen/.m2/repository/org/hamcrest/hamcrest/2.2/hamcrest-2.2.jar:/home/litmanen/.m2/repository/org/junit/jupiter/junit-jupiter/5.10.2/junit-jupiter-5.10.2.jar:/home/litmanen/.m2/repository/org/junit/jupiter/junit-jupiter-params/5.10.2/junit-jupiter-params-5.10.2.jar:/home/litmanen/.m2/repository/org/junit/jupiter/junit-jupiter-engine/5.10.2/junit-jupiter-engine-5.10.2.jar:/home/litmanen/.m2/repository/org/junit/platform/junit-platform-engine/1.10.2/junit-platform-engine-1.10.2.jar:/home/litmanen/.m2/repository/org/mockito/mockito-junit-jupiter/5.11.0/mockito-junit-jupiter-5.11.0.jar:/home/litmanen/.m2/repository/org/skyscreamer/jsonassert/1.5.1/jsonassert-1.5.1.jar:/home/litmanen/.m2/repository/com/vaadin/external/google/android-json/0.0.20131108.vaadin1/android-json-0.0.20131108.vaadin1.jar:/home/litmanen/.m2/repository/org/springframework/spring-test/6.1.8/spring-test-6.1.8.jar:/home/litmanen/.m2/repository/org/xmlunit/xmlunit-core/2.9.1/xmlunit-core-2.9.1.jar:/home/litmanen/.m2/repository/org/springframework/security/spring-security-test/6.3.0/spring-security-test-6.3.0.jar:, java.vm.vendor=Amazon.com Inc., sun.arch.data.model=64, java.vendor.url=https://aws.amazon.com/corretto/, user.timezone=Europe/Brussels, jakarta.persistence.sharedCache.mode=UNSPECIFIED, org.jboss.logging.provider=slf4j, java.vm.specification.version=21, os.name=Linux, jakarta.persistence.nonJtaDataSource=HikariDataSource (HikariPool-1), sun.java.launcher=SUN_STANDARD, sun.boot.library.path=/home/litmanen/.sdkman/candidates/java/21.0.3-amzn/lib, sun.java.command=/home/litmanen/becode-code/CommunistDate/target/surefire/surefirebooter-20240624154037614_3.jar /home/litmanen/becode-code/CommunistDate/target/surefire 2024-06-24T15-40-37_440-jvmRun1 surefire-20240624154037614_1tmp surefire_0-20240624154037614_2tmp, javax.persistence.nonJtaDataSource=HikariDataSource (HikariPool-1), hibernate.transaction.jta.platform=org.hibernate.engine.transaction.jta.platform.internal.NoJtaPlatform@72c704f1, jdk.debug=release, surefire.test.class.path=/home/litmanen/becode-code/CommunistDate/target/test-classes:/home/litmanen/becode-code/CommunistDate/target/classes:/home/litmanen/.m2/repository/org/springframework/boot/spring-boot-starter-data-jpa/3.3.0/spring-boot-starter-data-jpa-3.3.0.jar:/home/litmanen/.m2/repository/org/springframework/boot/spring-boot-starter-aop/3.3.0/spring-boot-starter-aop-3.3.0.jar:/home/litmanen/.m2/repository/org/aspectj/aspectjweaver/1.9.22/aspectjweaver-1.9.22.jar:/home/litmanen/.m2/repository/org/hibernate/orm/hibernate-core/6.5.2.Final/hibernate-core-6.5.2.Final.jar:/home/litmanen/.m2/repository/jakarta/persistence/jakarta.persistence-api/3.1.0/jakarta.persistence-api-3.1.0.jar:/home/litmanen/.m2/repository/jakarta/transaction/jakarta.transaction-api/2.0.1/jakarta.transaction-api-2.0.1.jar:/home/litmanen/.m2/repository/org/jboss/logging/jboss-logging/3.5.3.Final/jboss-logging-3.5.3.Final.jar:/home/litmanen/.m2/repository/org/hibernate/common/hibernate-commons-annotations/6.0.6.Final/hibernate-commons-annotations-6.0.6.Final.jar:/home/litmanen/.m2/repository/io/smallrye/jandex/3.1.2/jandex-3.1.2.jar:/home/litmanen/.m2/repository/com/fasterxml/classmate/1.7.0/classmate-1.7.0.jar:/home/litmanen/.m2/repository/org/glassfish/jaxb/jaxb-runtime/4.0.5/jaxb-runtime-4.0.5.jar:/home/litmanen/.m2/repository/org/glassfish/jaxb/jaxb-core/4.0.5/jaxb-core-4.0.5.jar:/home/litmanen/.m2/repository/org/eclipse/angus/angus-activation/2.0.2/angus-activation-2.0.2.jar:/home/litmanen/.m2/repository/org/glassfish/jaxb/txw2/4.0.5/txw2-4.0.5.jar:/home/litmanen/.m2/repository/com/sun/istack/istack-commons-runtime/4.1.2/istack-commons-runtime-4.1.2.jar:/home/litmanen/.m2/repository/jakarta/inject/jakarta.inject-api/2.0.1/jakarta.inject-api-2.0.1.jar:/home/litmanen/.m2/repository/org/antlr/antlr4-runtime/4.13.0/antlr4-runtime-4.13.0.jar:/home/litmanen/.m2/repository/org/springframework/data/spring-data-jpa/3.3.0/spring-data-jpa-3.3.0.jar:/home/litmanen/.m2/repository/org/springframework/data/spring-data-commons/3.3.0/spring-data-commons-3.3.0.jar:/home/litmanen/.m2/repository/org/springframework/spring-orm/6.1.8/spring-orm-6.1.8.jar:/home/litmanen/.m2/repository/org/springframework/spring-tx/6.1.8/spring-tx-6.1.8.jar:/home/litmanen/.m2/repository/jakarta/annotation/jakarta.annotation-api/2.1.1/jakarta.annotation-api-2.1.1.jar:/home/litmanen/.m2/repository/org/slf4j/slf4j-api/2.0.13/slf4j-api-2.0.13.jar:/home/litmanen/.m2/repository/org/springframework/spring-aspects/6.1.8/spring-aspects-6.1.8.jar:/home/litmanen/.m2/repository/org/springframework/boot/spring-boot-starter-jdbc/3.3.0/spring-boot-starter-jdbc-3.3.0.jar:/home/litmanen/.m2/repository/org/springframework/boot/spring-boot-starter/3.3.0/spring-boot-starter-3.3.0.jar:/home/litmanen/.m2/repository/org/springframework/boot/spring-boot/3.3.0/spring-boot-3.3.0.jar:/home/litmanen/.m2/repository/org/springframework/boot/spring-boot-autoconfigure/3.3.0/spring-boot-autoconfigure-3.3.0.jar:/home/litmanen/.m2/repository/org/yaml/snakeyaml/2.2/snakeyaml-2.2.jar:/home/litmanen/.m2/repository/com/zaxxer/HikariCP/5.1.0/HikariCP-5.1.0.jar:/home/litmanen/.m2/repository/org/springframework/spring-jdbc/6.1.8/spring-jdbc-6.1.8.jar:/home/litmanen/.m2/repository/org/springframework/boot/spring-boot-starter-oauth2-resource-server/3.3.0/spring-boot-starter-oauth2-resource-server-3.3.0.jar:/home/litmanen/.m2/repository/org/springframework/security/spring-security-config/6.3.0/spring-security-config-6.3.0.jar:/home/litmanen/.m2/repository/org/springframework/security/spring-security-core/6.3.0/spring-security-core-6.3.0.jar:/home/litmanen/.m2/repository/org/springframework/security/spring-security-crypto/6.3.0/spring-security-crypto-6.3.0.jar:/home/litmanen/.m2/repository/org/springframework/spring-expression/6.1.8/spring-expression-6.1.8.jar:/home/litmanen/.m2/repository/io/micrometer/micrometer-observation/1.13.0/micrometer-observation-1.13.0.jar:/home/litmanen/.m2/repository/io/micrometer/micrometer-commons/1.13.0/micrometer-commons-1.13.0.jar:/home/litmanen/.m2/repository/org/springframework/security/spring-security-oauth2-jose/6.3.0/spring-security-oauth2-jose-6.3.0.jar:/home/litmanen/.m2/repository/com/nimbusds/nimbus-jose-jwt/9.37.3/nimbus-jose-jwt-9.37.3.jar:/home/litmanen/.m2/repository/com/github/stephenc/jcip/jcip-annotations/1.0-1/jcip-annotations-1.0-1.jar:/home/litmanen/.m2/repository/org/springframework/boot/spring-boot-starter-websocket/3.3.0/spring-boot-starter-websocket-3.3.0.jar:/home/litmanen/.m2/repository/org/springframework/spring-messaging/6.1.8/spring-messaging-6.1.8.jar:/home/litmanen/.m2/repository/org/springframework/spring-websocket/6.1.8/spring-websocket-6.1.8.jar:/home/litmanen/.m2/repository/org/springframework/security/oauth/spring-security-oauth2/2.5.2.RELEASE/spring-security-oauth2-2.5.2.RELEASE.jar:/home/litmanen/.m2/repository/org/springframework/spring-beans/6.1.8/spring-beans-6.1.8.jar:/home/litmanen/.m2/repository/org/springframework/spring-core/6.1.8/spring-core-6.1.8.jar:/home/litmanen/.m2/repository/org/springframework/spring-jcl/6.1.8/spring-jcl-6.1.8.jar:/home/litmanen/.m2/repository/org/springframework/spring-context/6.1.8/spring-context-6.1.8.jar:/home/litmanen/.m2/repository/org/springframework/spring-webmvc/6.1.8/spring-webmvc-6.1.8.jar:/home/litmanen/.m2/repository/org/springframework/security/spring-security-web/6.3.0/spring-security-web-6.3.0.jar:/home/litmanen/.m2/repository/commons-codec/commons-codec/1.16.1/commons-codec-1.16.1.jar:/home/litmanen/.m2/repository/javax/servlet/javax.servlet-api/4.0.1/javax.servlet-api-4.0.1.jar:/home/litmanen/.m2/repository/org/springframework/security/spring-security-oauth2-resource-server/6.3.0/spring-security-oauth2-resource-server-6.3.0.jar:/home/litmanen/.m2/repository/org/springframework/security/spring-security-oauth2-core/6.3.0/spring-security-oauth2-core-6.3.0.jar:/home/litmanen/.m2/repository/org/springframework/boot/spring-boot-starter-security/3.3.0/spring-boot-starter-security-3.3.0.jar:/home/litmanen/.m2/repository/org/springframework/spring-aop/6.1.8/spring-aop-6.1.8.jar:/home/litmanen/.m2/repository/org/springframework/boot/spring-boot-starter-logging/3.3.0/spring-boot-starter-logging-3.3.0.jar:/home/litmanen/.m2/repository/ch/qos/logback/logback-classic/1.5.6/logback-classic-1.5.6.jar:/home/litmanen/.m2/repository/ch/qos/logback/logback-core/1.5.6/logback-core-1.5.6.jar:/home/litmanen/.m2/repository/org/apache/logging/log4j/log4j-to-slf4j/2.23.1/log4j-to-slf4j-2.23.1.jar:/home/litmanen/.m2/repository/org/apache/logging/log4j/log4j-api/2.23.1/log4j-api-2.23.1.jar:/home/litmanen/.m2/repository/org/slf4j/jul-to-slf4j/2.0.13/jul-to-slf4j-2.0.13.jar:/home/litmanen/.m2/repository/org/springframework/boot/spring-boot-starter-validation/3.3.0/spring-boot-starter-validation-3.3.0.jar:/home/litmanen/.m2/repository/org/apache/tomcat/embed/tomcat-embed-el/10.1.24/tomcat-embed-el-10.1.24.jar:/home/litmanen/.m2/repository/org/hibernate/validator/hibernate-validator/8.0.1.Final/hibernate-validator-8.0.1.Final.jar:/home/litmanen/.m2/repository/jakarta/validation/jakarta.validation-api/3.0.2/jakarta.validation-api-3.0.2.jar:/home/litmanen/.m2/repository/org/springframework/boot/spring-boot-starter-web/3.3.0/spring-boot-starter-web-3.3.0.jar:/home/litmanen/.m2/repository/org/springframework/boot/spring-boot-starter-json/3.3.0/spring-boot-starter-json-3.3.0.jar:/home/litmanen/.m2/repository/com/fasterxml/jackson/core/jackson-databind/2.17.1/jackson-databind-2.17.1.jar:/home/litmanen/.m2/repository/com/fasterxml/jackson/core/jackson-annotations/2.17.1/jackson-annotations-2.17.1.jar:/home/litmanen/.m2/repository/com/fasterxml/jackson/core/jackson-core/2.17.1/jackson-core-2.17.1.jar:/home/litmanen/.m2/repository/com/fasterxml/jackson/datatype/jackson-datatype-jdk8/2.17.1/jackson-datatype-jdk8-2.17.1.jar:/home/litmanen/.m2/repository/com/fasterxml/jackson/datatype/jackson-datatype-jsr310/2.17.1/jackson-datatype-jsr310-2.17.1.jar:/home/litmanen/.m2/repository/com/fasterxml/jackson/module/jackson-module-parameter-names/2.17.1/jackson-module-parameter-names-2.17.1.jar:/home/litmanen/.m2/repository/org/springframework/boot/spring-boot-starter-tomcat/3.3.0/spring-boot-starter-tomcat-3.3.0.jar:/home/litmanen/.m2/repository/org/apache/tomcat/embed/tomcat-embed-core/10.1.24/tomcat-embed-core-10.1.24.jar:/home/litmanen/.m2/repository/org/apache/tomcat/embed/tomcat-embed-websocket/10.1.24/tomcat-embed-websocket-10.1.24.jar:/home/litmanen/.m2/repository/org/springframework/spring-web/6.1.8/spring-web-6.1.8.jar:/home/litmanen/.m2/repository/io/jsonwebtoken/jjwt/0.12.5/jjwt-0.12.5.jar:/home/litmanen/.m2/repository/io/jsonwebtoken/jjwt-api/0.12.5/jjwt-api-0.12.5.jar:/home/litmanen/.m2/repository/io/jsonwebtoken/jjwt-impl/0.12.5/jjwt-impl-0.12.5.jar:/home/litmanen/.m2/repository/io/jsonwebtoken/jjwt-jackson/0.12.5/jjwt-jackson-0.12.5.jar:/home/litmanen/.m2/repository/org/junit/jupiter/junit-jupiter-api/5.10.0/junit-jupiter-api-5.10.0.jar:/home/litmanen/.m2/repository/org/opentest4j/opentest4j/1.3.0/opentest4j-1.3.0.jar:/home/litmanen/.m2/repository/org/junit/platform/junit-platform-commons/1.10.2/junit-platform-commons-1.10.2.jar:/home/litmanen/.m2/repository/org/apiguardian/apiguardian-api/1.1.2/apiguardian-api-1.1.2.jar:/home/litmanen/.m2/repository/org/mockito/mockito-core/5.4.0/mockito-core-5.4.0.jar:/home/litmanen/.m2/repository/net/bytebuddy/byte-buddy/1.14.16/byte-buddy-1.14.16.jar:/home/litmanen/.m2/repository/net/bytebuddy/byte-buddy-agent/1.14.16/byte-buddy-agent-1.14.16.jar:/home/litmanen/.m2/repository/org/objenesis/objenesis/3.3/objenesis-3.3.jar:/home/litmanen/.m2/repository/org/postgresql/postgresql/42.7.3/postgresql-42.7.3.jar:/home/litmanen/.m2/repository/org/checkerframework/checker-qual/3.42.0/checker-qual-3.42.0.jar:/home/litmanen/.m2/repository/org/springframework/boot/spring-boot-starter-test/3.3.0/spring-boot-starter-test-3.3.0.jar:/home/litmanen/.m2/repository/org/springframework/boot/spring-boot-test/3.3.0/spring-boot-test-3.3.0.jar:/home/litmanen/.m2/repository/org/springframework/boot/spring-boot-test-autoconfigure/3.3.0/spring-boot-test-autoconfigure-3.3.0.jar:/home/litmanen/.m2/repository/com/jayway/jsonpath/json-path/2.9.0/json-path-2.9.0.jar:/home/litmanen/.m2/repository/jakarta/xml/bind/jakarta.xml.bind-api/4.0.2/jakarta.xml.bind-api-4.0.2.jar:/home/litmanen/.m2/repository/jakarta/activation/jakarta.activation-api/2.1.3/jakarta.activation-api-2.1.3.jar:/home/litmanen/.m2/repository/net/minidev/json-smart/2.5.1/json-smart-2.5.1.jar:/home/litmanen/.m2/repository/net/minidev/accessors-smart/2.5.1/accessors-smart-2.5.1.jar:/home/litmanen/.m2/repository/org/ow2/asm/asm/9.6/asm-9.6.jar:/home/litmanen/.m2/repository/org/assertj/assertj-core/3.25.3/assertj-core-3.25.3.jar:/home/litmanen/.m2/repository/org/awaitility/awaitility/4.2.1/awaitility-4.2.1.jar:/home/litmanen/.m2/repository/org/hamcrest/hamcrest/2.2/hamcrest-2.2.jar:/home/litmanen/.m2/repository/org/junit/jupiter/junit-jupiter/5.10.2/junit-jupiter-5.10.2.jar:/home/litmanen/.m2/repository/org/junit/jupiter/junit-jupiter-params/5.10.2/junit-jupiter-params-5.10.2.jar:/home/litmanen/.m2/repository/org/junit/jupiter/junit-jupiter-engine/5.10.2/junit-jupiter-engine-5.10.2.jar:/home/litmanen/.m2/repository/org/junit/platform/junit-platform-engine/1.10.2/junit-platform-engine-1.10.2.jar:/home/litmanen/.m2/repository/org/mockito/mockito-junit-jupiter/5.11.0/mockito-junit-jupiter-5.11.0.jar:/home/litmanen/.m2/repository/org/skyscreamer/jsonassert/1.5.1/jsonassert-1.5.1.jar:/home/litmanen/.m2/repository/com/vaadin/external/google/android-json/0.0.20131108.vaadin1/android-json-0.0.20131108.vaadin1.jar:/home/litmanen/.m2/repository/org/springframework/spring-test/6.1.8/spring-test-6.1.8.jar:/home/litmanen/.m2/repository/org/xmlunit/xmlunit-core/2.9.1/xmlunit-core-2.9.1.jar:/home/litmanen/.m2/repository/org/springframework/security/spring-security-test/6.3.0/spring-security-test-6.3.0.jar:, sun.cpu.endian=little, hibernate.cdi.extensions=true, user.home=/home/litmanen, user.language=en, java.specification.vendor=Oracle Corporation, java.version.date=2024-04-16, java.home=/home/litmanen/.sdkman/candidates/java/21.0.3-amzn, file.separator=/, basedir=/home/litmanen/becode-code/CommunistDate, java.vm.compressedOopsMode=32-bit, line.separator=
, hibernate.persistenceUnitName=default, java.vm.specification.vendor=Oracle Corporation, java.specification.name=Java Platform API Specification, FILE_LOG_CHARSET=UTF-8, hibernate.transaction.coordinator_class=class org.hibernate.resource.transaction.backend.jdbc.internal.JdbcResourceLocalTransactionCoordinatorBuilderImpl, java.awt.headless=true, surefire.real.class.path=/home/litmanen/becode-code/CommunistDate/target/surefire/surefirebooter-20240624154037614_3.jar, jakarta.persistence.validation.mode=AUTO, sun.management.compiler=HotSpot 64-Bit Tiered Compilers, java.runtime.version=21.0.3+9-LTS, user.name=litmanen, stdout.encoding=UTF-8, path.separator=:, os.version=5.15.153.1-microsoft-standard-WSL2, java.runtime.name=OpenJDK Runtime Environment, file.encoding=UTF-8, java.vm.name=OpenJDK 64-Bit Server VM, java.vendor.version=Corretto-21.0.3.9.1, LOG_FILE=app.log, localRepository=/home/litmanen/.m2/repository, java.vendor.url.bug=https://github.com/corretto/corretto-21/issues/, java.io.tmpdir=/tmp, com.zaxxer.hikari.pool_number=1, java.version=21.0.3, hibernate.physical_naming_strategy=org.hibernate.boot.model.naming.CamelCaseToUnderscoresNamingStrategy, user.dir=/home/litmanen/becode-code/CommunistDate, os.arch=amd64, java.vm.specification.name=Java Virtual Machine Specification, PID=208601, CONSOLE_LOG_CHARSET=UTF-8, hibernate.boot.CfgXmlAccessService.key=org.hibernate.boot.registry.StandardServiceRegistryBuilder$1@76f9e000, native.encoding=UTF-8, java.library.path=/usr/java/packages/lib:/usr/lib64:/lib64:/lib:/usr/lib, stderr.encoding=UTF-8, java.vendor=Amazon.com Inc., java.vm.info=mixed mode, sharing, java.vm.version=21.0.3+9-LTS, sun.io.unicode.encoding=UnicodeLittle, hibernate.archive.scanner=org.hibernate.boot.archive.scan.internal.DisabledScanner, hibernate.connection.datasource=HikariDataSource (HikariPool-1), java.class.version=65.0, LOGGED_APPLICATION_NAME=[CommunistDate] }
2024-06-24T15:40:47.207+02:00 DEBUG 208601 --- [CommunistDate] [           main] o.hibernate.internal.SessionFactoryImpl  : Session factory constructed with filter configurations : {}
2024-06-24T15:40:47.214+02:00 DEBUG 208601 --- [CommunistDate] [           main] o.h.v.i.xml.config.ValidationXmlParser   : Trying to load META-INF/validation.xml for XML based Validator configuration.
2024-06-24T15:40:47.214+02:00 DEBUG 208601 --- [CommunistDate] [           main] o.h.v.i.xml.config.ResourceLoaderHelper  : Trying to load META-INF/validation.xml via TCCL
2024-06-24T15:40:47.214+02:00 DEBUG 208601 --- [CommunistDate] [           main] o.h.v.i.xml.config.ResourceLoaderHelper  : Trying to load META-INF/validation.xml via Hibernate Validator's class loader
2024-06-24T15:40:47.215+02:00 DEBUG 208601 --- [CommunistDate] [           main] o.h.v.i.xml.config.ValidationXmlParser   : No META-INF/validation.xml found. Using annotation based configuration only.
2024-06-24T15:40:47.215+02:00 DEBUG 208601 --- [CommunistDate] [           main] o.h.v.i.e.resolver.TraversableResolvers  : Found jakarta.persistence.Persistence on classpath containing 'getPersistenceUtil'. Assuming JPA 2 environment. Trying to instantiate JPA aware TraversableResolver
2024-06-24T15:40:47.216+02:00 DEBUG 208601 --- [CommunistDate] [           main] o.h.v.i.e.resolver.TraversableResolvers  : Instantiated JPA aware TraversableResolver of type org.hibernate.validator.internal.engine.resolver.JPATraversableResolver.
2024-06-24T15:40:47.216+02:00 DEBUG 208601 --- [CommunistDate] [           main] .h.v.m.ResourceBundleMessageInterpolator : Loaded expression factory via original TCCL
2024-06-24T15:40:47.218+02:00 DEBUG 208601 --- [CommunistDate] [           main] .i.e.ValidatorFactoryConfigurationHelper : HV000252: Using org.hibernate.validator.internal.engine.DefaultPropertyNodeNameProvider as property node name provider.
2024-06-24T15:40:47.219+02:00 DEBUG 208601 --- [CommunistDate] [           main] .i.e.ValidatorFactoryConfigurationHelper : HV000234: Using org.hibernate.validator.messageinterpolation.ResourceBundleMessageInterpolator as ValidatorFactory-scoped message interpolator.
2024-06-24T15:40:47.219+02:00 DEBUG 208601 --- [CommunistDate] [           main] .i.e.ValidatorFactoryConfigurationHelper : HV000234: Using org.hibernate.validator.internal.engine.resolver.JPATraversableResolver as ValidatorFactory-scoped traversable resolver.
2024-06-24T15:40:47.220+02:00 DEBUG 208601 --- [CommunistDate] [           main] .i.e.ValidatorFactoryConfigurationHelper : HV000234: Using org.hibernate.validator.internal.util.ExecutableParameterNameProvider as ValidatorFactory-scoped parameter name provider.
2024-06-24T15:40:47.220+02:00 DEBUG 208601 --- [CommunistDate] [           main] .i.e.ValidatorFactoryConfigurationHelper : HV000234: Using org.hibernate.validator.internal.engine.DefaultClockProvider as ValidatorFactory-scoped clock provider.
2024-06-24T15:40:47.220+02:00 DEBUG 208601 --- [CommunistDate] [           main] .i.e.ValidatorFactoryConfigurationHelper : HV000234: Using org.hibernate.validator.internal.engine.scripting.DefaultScriptEvaluatorFactory as ValidatorFactory-scoped script evaluator factory.
2024-06-24T15:40:47.221+02:00 DEBUG 208601 --- [CommunistDate] [           main] o.h.boot.internal.ClassLoaderAccessImpl  : Not known whether passed class name [com.example.CommunistDate.Chat.Chat] is safe
2024-06-24T15:40:47.222+02:00 DEBUG 208601 --- [CommunistDate] [           main] o.h.boot.internal.ClassLoaderAccessImpl  : No temp ClassLoader provided; using live ClassLoader for loading potentially unsafe class : com.example.CommunistDate.Chat.Chat
2024-06-24T15:40:47.273+02:00 DEBUG 208601 --- [CommunistDate] [           main] o.h.boot.internal.ClassLoaderAccessImpl  : Not known whether passed class name [com.example.CommunistDate.Users.User] is safe
2024-06-24T15:40:47.273+02:00 DEBUG 208601 --- [CommunistDate] [           main] o.h.boot.internal.ClassLoaderAccessImpl  : No temp ClassLoader provided; using live ClassLoader for loading potentially unsafe class : com.example.CommunistDate.Users.User
2024-06-24T15:40:47.290+02:00 DEBUG 208601 --- [CommunistDate] [           main] .h.s.i.SessionFactoryServiceRegistryImpl : EventListenerRegistry access via ServiceRegistry is deprecated.  Use `sessionFactory.getEventEngine().getListenerRegistry()` instead
2024-06-24T15:40:47.297+02:00 DEBUG 208601 --- [CommunistDate] [           main] .h.t.s.s.SchemaManagementToolCoordinator : No schema actions specified for contributor `orm`; doing nothing
2024-06-24T15:40:47.361+02:00 DEBUG 208601 --- [CommunistDate] [           main] o.h.q.sqm.function.SqmFunctionRegistry   : Registered SqmFunctionTemplate [NamedSqmFunctionTemplate(max)] under max; prior registration was null
2024-06-24T15:40:47.362+02:00 DEBUG 208601 --- [CommunistDate] [           main] o.h.q.sqm.function.SqmFunctionRegistry   : Registered SqmFunctionTemplate [NamedSqmFunctionTemplate(min)] under min; prior registration was null
2024-06-24T15:40:47.363+02:00 DEBUG 208601 --- [CommunistDate] [           main] o.h.q.sqm.function.SqmFunctionRegistry   : Registered SqmFunctionTemplate [NamedSqmFunctionTemplate(sum)] under sum; prior registration was null
2024-06-24T15:40:47.364+02:00 DEBUG 208601 --- [CommunistDate] [           main] o.h.q.sqm.function.SqmFunctionRegistry   : Registered SqmFunctionTemplate [NamedSqmFunctionTemplate(avg)] under avg; prior registration was null
2024-06-24T15:40:47.369+02:00 DEBUG 208601 --- [CommunistDate] [           main] o.h.q.sqm.function.SqmFunctionRegistry   : Registered SqmFunctionTemplate [org.hibernate.dialect.function.CountFunction@194e78af] under count; prior registration was null
2024-06-24T15:40:47.371+02:00 DEBUG 208601 --- [CommunistDate] [           main] o.h.q.sqm.function.SqmFunctionRegistry   : Registered SqmFunctionTemplate [org.hibernate.dialect.function.EveryAnyEmulation@7614378d] under every; prior registration was null
2024-06-24T15:40:47.371+02:00 DEBUG 208601 --- [CommunistDate] [           main] o.h.q.sqm.function.SqmFunctionRegistry   : Registered SqmFunctionTemplate [org.hibernate.dialect.function.EveryAnyEmulation@7028b5cc] under any; prior registration was null
2024-06-24T15:40:47.372+02:00 DEBUG 208601 --- [CommunistDate] [           main] o.h.q.sqm.function.SqmFunctionRegistry   : Registered SqmFunctionTemplate [NamedSqmFunctionTemplate(floor)] under floor; prior registration was null
2024-06-24T15:40:47.372+02:00 DEBUG 208601 --- [CommunistDate] [           main] o.h.q.sqm.function.SqmFunctionRegistry   : Registered SqmFunctionTemplate [NamedSqmFunctionTemplate(ceiling)] under ceiling; prior registration was null
2024-06-24T15:40:47.372+02:00 DEBUG 208601 --- [CommunistDate] [           main] o.h.q.sqm.function.SqmFunctionRegistry   : Registered SqmFunctionTemplate [NamedSqmFunctionTemplate(mod)] under mod; prior registration was null
2024-06-24T15:40:47.372+02:00 DEBUG 208601 --- [CommunistDate] [           main] o.h.q.sqm.function.SqmFunctionRegistry   : Registered SqmFunctionTemplate [NamedSqmFunctionTemplate(abs)] under abs; prior registration was null
2024-06-24T15:40:47.373+02:00 DEBUG 208601 --- [CommunistDate] [           main] o.h.q.sqm.function.SqmFunctionRegistry   : Registered SqmFunctionTemplate [NamedSqmFunctionTemplate(sign)] under sign; prior registration was null
2024-06-24T15:40:47.373+02:00 DEBUG 208601 --- [CommunistDate] [           main] o.h.q.sqm.function.SqmFunctionRegistry   : Registered SqmFunctionTemplate [NamedSqmFunctionTemplate(sqrt)] under sqrt; prior registration was null
2024-06-24T15:40:47.373+02:00 DEBUG 208601 --- [CommunistDate] [           main] o.h.q.sqm.function.SqmFunctionRegistry   : Registered SqmFunctionTemplate [NamedSqmFunctionTemplate(ln)] under ln; prior registration was null
2024-06-24T15:40:47.373+02:00 DEBUG 208601 --- [CommunistDate] [           main] o.h.q.sqm.function.SqmFunctionRegistry   : Registered SqmFunctionTemplate [NamedSqmFunctionTemplate(exp)] under exp; prior registration was null
2024-06-24T15:40:47.373+02:00 DEBUG 208601 --- [CommunistDate] [           main] o.h.q.sqm.function.SqmFunctionRegistry   : Registered SqmFunctionTemplate [NamedSqmFunctionTemplate(power)] under power; prior registration was null
2024-06-24T15:40:47.374+02:00 DEBUG 208601 --- [CommunistDate] [           main] o.h.q.sqm.function.SqmFunctionRegistry   : Registered SqmFunctionTemplate [NamedSqmFunctionTemplate(round)] under round; prior registration was null
2024-06-24T15:40:47.374+02:00 DEBUG 208601 --- [CommunistDate] [           main] o.h.q.sqm.function.SqmFunctionRegistry   : Registered SqmFunctionTemplate [NamedSqmFunctionTemplate(sin)] under sin; prior registration was null
2024-06-24T15:40:47.375+02:00 DEBUG 208601 --- [CommunistDate] [           main] o.h.q.sqm.function.SqmFunctionRegistry   : Registered SqmFunctionTemplate [NamedSqmFunctionTemplate(cos)] under cos; prior registration was null
2024-06-24T15:40:47.375+02:00 DEBUG 208601 --- [CommunistDate] [           main] o.h.q.sqm.function.SqmFunctionRegistry   : Registered SqmFunctionTemplate [NamedSqmFunctionTemplate(tan)] under tan; prior registration was null
2024-06-24T15:40:47.375+02:00 DEBUG 208601 --- [CommunistDate] [           main] o.h.q.sqm.function.SqmFunctionRegistry   : Registered SqmFunctionTemplate [NamedSqmFunctionTemplate(asin)] under asin; prior registration was null
2024-06-24T15:40:47.375+02:00 DEBUG 208601 --- [CommunistDate] [           main] o.h.q.sqm.function.SqmFunctionRegistry   : Registered SqmFunctionTemplate [NamedSqmFunctionTemplate(acos)] under acos; prior registration was null
2024-06-24T15:40:47.375+02:00 DEBUG 208601 --- [CommunistDate] [           main] o.h.q.sqm.function.SqmFunctionRegistry   : Registered SqmFunctionTemplate [NamedSqmFunctionTemplate(atan)] under atan; prior registration was null
2024-06-24T15:40:47.375+02:00 DEBUG 208601 --- [CommunistDate] [           main] o.h.q.sqm.function.SqmFunctionRegistry   : Registered SqmFunctionTemplate [NamedSqmFunctionTemplate(atan2)] under atan2; prior registration was null
2024-06-24T15:40:47.377+02:00 DEBUG 208601 --- [CommunistDate] [           main] o.h.q.sqm.function.SqmFunctionRegistry   : Registered SqmFunctionTemplate [org.hibernate.query.sqm.function.PatternBasedSqmFunctionDescriptor@515940af] under sinh; prior registration was null
2024-06-24T15:40:47.378+02:00 DEBUG 208601 --- [CommunistDate] [           main] o.h.q.sqm.function.SqmFunctionRegistry   : Registered SqmFunctionTemplate [org.hibernate.query.sqm.function.PatternBasedSqmFunctionDescriptor@5f8df69] under cosh; prior registration was null
2024-06-24T15:40:47.378+02:00 DEBUG 208601 --- [CommunistDate] [           main] o.h.q.sqm.function.SqmFunctionRegistry   : Registered SqmFunctionTemplate [org.hibernate.query.sqm.function.PatternBasedSqmFunctionDescriptor@1ce6a9bd] under tanh; prior registration was null
2024-06-24T15:40:47.378+02:00 DEBUG 208601 --- [CommunistDate] [           main] o.h.q.sqm.function.SqmFunctionRegistry   : Registered SqmFunctionTemplate [org.hibernate.query.sqm.function.PatternBasedSqmFunctionDescriptor@4a47bc9c] under pi; prior registration was null
2024-06-24T15:40:47.378+02:00 DEBUG 208601 --- [CommunistDate] [           main] o.h.q.sqm.function.SqmFunctionRegistry   : Registered SqmFunctionTemplate [org.hibernate.query.sqm.function.PatternBasedSqmFunctionDescriptor@5100c143] under log; prior registration was null
2024-06-24T15:40:47.379+02:00 DEBUG 208601 --- [CommunistDate] [           main] o.h.q.sqm.function.SqmFunctionRegistry   : Registered SqmFunctionTemplate [NamedSqmFunctionTemplate(coalesce)] under coalesce; prior registration was null
2024-06-24T15:40:47.379+02:00 DEBUG 208601 --- [CommunistDate] [           main] o.h.q.sqm.function.SqmFunctionRegistry   : Registered SqmFunctionTemplate [NamedSqmFunctionTemplate(nullif)] under nullif; prior registration was null
2024-06-24T15:40:47.379+02:00 DEBUG 208601 --- [CommunistDate] [           main] o.h.q.sqm.function.SqmFunctionRegistry   : Registered SqmFunctionTemplate [NamedSqmFunctionTemplate(left)] under left; prior registration was null
2024-06-24T15:40:47.379+02:00 DEBUG 208601 --- [CommunistDate] [           main] o.h.q.sqm.function.SqmFunctionRegistry   : Registered SqmFunctionTemplate [NamedSqmFunctionTemplate(right)] under right; prior registration was null
2024-06-24T15:40:47.379+02:00 DEBUG 208601 --- [CommunistDate] [           main] o.h.q.sqm.function.SqmFunctionRegistry   : Registered SqmFunctionTemplate [NamedSqmFunctionTemplate(replace)] under replace; prior registration was null
2024-06-24T15:40:47.380+02:00 DEBUG 208601 --- [CommunistDate] [           main] o.h.q.sqm.function.SqmFunctionRegistry   : Registered SqmFunctionTemplate [NamedSqmFunctionTemplate(concat)] under concat; prior registration was null
2024-06-24T15:40:47.380+02:00 DEBUG 208601 --- [CommunistDate] [           main] o.h.q.sqm.function.SqmFunctionRegistry   : Registered SqmFunctionTemplate [NamedSqmFunctionTemplate(lower)] under lower; prior registration was null
2024-06-24T15:40:47.380+02:00 DEBUG 208601 --- [CommunistDate] [           main] o.h.q.sqm.function.SqmFunctionRegistry   : Registered SqmFunctionTemplate [NamedSqmFunctionTemplate(upper)] under upper; prior registration was null
2024-06-24T15:40:47.380+02:00 DEBUG 208601 --- [CommunistDate] [           main] o.h.q.sqm.function.SqmFunctionRegistry   : Registered SqmFunctionTemplate [NamedSqmFunctionTemplate(substring)] under substring; prior registration was null
2024-06-24T15:40:47.380+02:00 DEBUG 208601 --- [CommunistDate] [           main] o.h.q.sqm.function.SqmFunctionRegistry   : Registered SqmFunctionTemplate [NamedSqmFunctionTemplate(locate)] under locate; prior registration was null
2024-06-24T15:40:47.381+02:00 DEBUG 208601 --- [CommunistDate] [           main] o.h.q.sqm.function.SqmFunctionRegistry   : Registered SqmFunctionTemplate [NamedSqmFunctionTemplate(character_length)] under character_length; prior registration was null
2024-06-24T15:40:47.381+02:00 DEBUG 208601 --- [CommunistDate] [           main] o.h.q.sqm.function.SqmFunctionRegistry   : Registering alternate key : length -> character_length
2024-06-24T15:40:47.382+02:00 DEBUG 208601 --- [CommunistDate] [           main] o.h.q.sqm.function.SqmFunctionRegistry   : Registered SqmFunctionTemplate [org.hibernate.dialect.function.LocatePositionEmulation@1af82ba8] under position; prior registration was null
2024-06-24T15:40:47.386+02:00 DEBUG 208601 --- [CommunistDate] [           main] o.h.q.sqm.function.SqmFunctionRegistry   : Registered SqmFunctionTemplate [org.hibernate.dialect.function.InsertSubstringOverlayEmulation@59014efe] under overlay; prior registration was null
2024-06-24T15:40:47.387+02:00 DEBUG 208601 --- [CommunistDate] [           main] o.h.q.sqm.function.SqmFunctionRegistry   : Registered SqmFunctionTemplate [org.hibernate.dialect.function.TrimFunction@7c03f9d0] under trim; prior registration was null
2024-06-24T15:40:47.390+02:00 DEBUG 208601 --- [CommunistDate] [           main] o.h.q.sqm.function.SqmFunctionRegistry   : Registered SqmFunctionTemplate [org.hibernate.dialect.function.CastFunction@5d15789f] under cast; prior registration was null
2024-06-24T15:40:47.391+02:00 DEBUG 208601 --- [CommunistDate] [           main] o.h.q.sqm.function.SqmFunctionRegistry   : Registered SqmFunctionTemplate [org.hibernate.query.sqm.function.PatternBasedSqmFunctionDescriptor@5abb7a8f] under collate; prior registration was null
2024-06-24T15:40:47.393+02:00 DEBUG 208601 --- [CommunistDate] [           main] o.h.q.sqm.function.SqmFunctionRegistry   : Registered SqmFunctionTemplate [org.hibernate.dialect.function.ExtractFunction@21688427] under extract; prior registration was null
2024-06-24T15:40:47.393+02:00 DEBUG 208601 --- [CommunistDate] [           main] o.h.q.sqm.function.SqmFunctionRegistry   : Registered SqmFunctionTemplate [NamedSqmFunctionTemplate(least)] under least; prior registration was null
2024-06-24T15:40:47.393+02:00 DEBUG 208601 --- [CommunistDate] [           main] o.h.q.sqm.function.SqmFunctionRegistry   : Registered SqmFunctionTemplate [NamedSqmFunctionTemplate(greatest)] under greatest; prior registration was null
2024-06-24T15:40:47.394+02:00 DEBUG 208601 --- [CommunistDate] [           main] o.h.q.sqm.function.SqmFunctionRegistry   : Registered SqmFunctionTemplate [org.hibernate.dialect.function.CoalesceIfnullEmulation@4cf5d999] under ifnull; prior registration was null
2024-06-24T15:40:47.395+02:00 DEBUG 208601 --- [CommunistDate] [           main] o.h.q.sqm.function.SqmFunctionRegistry   : Registered SqmFunctionTemplate [NamedSqmFunctionTemplate(lpad)] under lpad; prior registration was null
2024-06-24T15:40:47.395+02:00 DEBUG 208601 --- [CommunistDate] [           main] o.h.q.sqm.function.SqmFunctionRegistry   : Registered SqmFunctionTemplate [NamedSqmFunctionTemplate(rpad)] under rpad; prior registration was null
2024-06-24T15:40:47.396+02:00 DEBUG 208601 --- [CommunistDate] [           main] o.h.q.sqm.function.SqmFunctionRegistry   : Registered SqmFunctionTemplate [org.hibernate.dialect.function.LpadRpadPadEmulation@5c0272e0] under pad; prior registration was null
2024-06-24T15:40:47.398+02:00 DEBUG 208601 --- [CommunistDate] [           main] o.h.q.sqm.function.SqmFunctionRegistry   : Registered SqmFunctionTemplate [org.hibernate.dialect.function.CastStrEmulation@4cd90c36] under str; prior registration was null
2024-06-24T15:40:47.405+02:00 DEBUG 208601 --- [CommunistDate] [           main] o.h.q.sqm.function.SqmFunctionRegistry   : Registered SqmFunctionTemplate [org.hibernate.dialect.function.FormatFunction@1aaaabd1] under format; prior registration was null
2024-06-24T15:40:47.407+02:00 DEBUG 208601 --- [CommunistDate] [           main] o.h.q.sqm.function.SqmFunctionRegistry   : Registered SqmFunctionTemplate [org.hibernate.dialect.function.TimestampaddFunction@75663443] under timestampadd; prior registration was null
2024-06-24T15:40:47.409+02:00 DEBUG 208601 --- [CommunistDate] [           main] o.h.q.sqm.function.SqmFunctionRegistry   : Registered SqmFunctionTemplate [org.hibernate.dialect.function.TimestampdiffFunction@6c8e5ac4] under timestampdiff; prior registration was null
2024-06-24T15:40:47.409+02:00 DEBUG 208601 --- [CommunistDate] [           main] o.h.q.sqm.function.SqmFunctionRegistry   : Registering alternate key : dateadd -> timestampadd
2024-06-24T15:40:47.410+02:00 DEBUG 208601 --- [CommunistDate] [           main] o.h.q.sqm.function.SqmFunctionRegistry   : Registering alternate key : datediff -> timestampdiff
2024-06-24T15:40:47.410+02:00 DEBUG 208601 --- [CommunistDate] [           main] o.h.q.sqm.function.SqmFunctionRegistry   : Registered SqmFunctionTemplate [org.hibernate.dialect.function.CurrentFunction@50734cea] under current_date; prior registration was null
2024-06-24T15:40:47.411+02:00 DEBUG 208601 --- [CommunistDate] [           main] o.h.q.sqm.function.SqmFunctionRegistry   : Registered SqmFunctionTemplate [org.hibernate.dialect.function.CurrentFunction@4e6280de] under current_time; prior registration was null
2024-06-24T15:40:47.412+02:00 DEBUG 208601 --- [CommunistDate] [           main] o.h.q.sqm.function.SqmFunctionRegistry   : Registered SqmFunctionTemplate [org.hibernate.dialect.function.CurrentFunction@2fca282c] under current_timestamp; prior registration was null
2024-06-24T15:40:47.412+02:00 DEBUG 208601 --- [CommunistDate] [           main] o.h.q.sqm.function.SqmFunctionRegistry   : Registering alternate key : current date -> current_date
2024-06-24T15:40:47.412+02:00 DEBUG 208601 --- [CommunistDate] [           main] o.h.q.sqm.function.SqmFunctionRegistry   : Registering alternate key : current time -> current_time
2024-06-24T15:40:47.412+02:00 DEBUG 208601 --- [CommunistDate] [           main] o.h.q.sqm.function.SqmFunctionRegistry   : Registering alternate key : current timestamp -> current_timestamp
2024-06-24T15:40:47.412+02:00 DEBUG 208601 --- [CommunistDate] [           main] o.h.q.sqm.function.SqmFunctionRegistry   : Registered SqmFunctionTemplate [org.hibernate.dialect.function.CurrentFunction@4a2653a0] under local_date; prior registration was null
2024-06-24T15:40:47.413+02:00 DEBUG 208601 --- [CommunistDate] [           main] o.h.q.sqm.function.SqmFunctionRegistry   : Registered SqmFunctionTemplate [org.hibernate.dialect.function.CurrentFunction@784212] under local_time; prior registration was null
2024-06-24T15:40:47.413+02:00 DEBUG 208601 --- [CommunistDate] [           main] o.h.q.sqm.function.SqmFunctionRegistry   : Registered SqmFunctionTemplate [org.hibernate.dialect.function.CurrentFunction@5ac646b3] under local_datetime; prior registration was null
2024-06-24T15:40:47.413+02:00 DEBUG 208601 --- [CommunistDate] [           main] o.h.q.sqm.function.SqmFunctionRegistry   : Registered SqmFunctionTemplate [org.hibernate.dialect.function.CurrentFunction@24b38e8f] under offset_datetime; prior registration was null
2024-06-24T15:40:47.414+02:00 DEBUG 208601 --- [CommunistDate] [           main] o.h.q.sqm.function.SqmFunctionRegistry   : Registering alternate key : local date -> local_date
2024-06-24T15:40:47.414+02:00 DEBUG 208601 --- [CommunistDate] [           main] o.h.q.sqm.function.SqmFunctionRegistry   : Registering alternate key : local time -> local_time
2024-06-24T15:40:47.415+02:00 DEBUG 208601 --- [CommunistDate] [           main] o.h.q.sqm.function.SqmFunctionRegistry   : Registering alternate key : local datetime -> local_datetime
2024-06-24T15:40:47.416+02:00 DEBUG 208601 --- [CommunistDate] [           main] o.h.q.sqm.function.SqmFunctionRegistry   : Registering alternate key : offset datetime -> offset_datetime
2024-06-24T15:40:47.417+02:00 DEBUG 208601 --- [CommunistDate] [           main] o.h.q.sqm.function.SqmFunctionRegistry   : Registered SqmFunctionTemplate [org.hibernate.dialect.function.CurrentFunction@5cf072ea] under instant; prior registration was null
2024-06-24T15:40:47.418+02:00 DEBUG 208601 --- [CommunistDate] [           main] o.h.q.sqm.function.SqmFunctionRegistry   : Registering alternate key : current_instant -> instant
2024-06-24T15:40:47.421+02:00 DEBUG 208601 --- [CommunistDate] [           main] o.h.q.sqm.function.SqmFunctionRegistry   : Registered SqmFunctionTemplate [org.hibernate.dialect.function.SqlFunction@11069eac] under sql; prior registration was null
2024-06-24T15:40:47.422+02:00 DEBUG 208601 --- [CommunistDate] [           main] o.h.q.sqm.function.SqmFunctionRegistry   : Registered SqmFunctionTemplate [NamedSqmFunctionTemplate(cot)] under cot; prior registration was null
2024-06-24T15:40:47.423+02:00 DEBUG 208601 --- [CommunistDate] [           main] o.h.q.sqm.function.SqmFunctionRegistry   : Registered SqmFunctionTemplate [NamedSqmFunctionTemplate(radians)] under radians; prior registration was null
2024-06-24T15:40:47.424+02:00 DEBUG 208601 --- [CommunistDate] [           main] o.h.q.sqm.function.SqmFunctionRegistry   : Registered SqmFunctionTemplate [NamedSqmFunctionTemplate(degrees)] under degrees; prior registration was null
2024-06-24T15:40:47.425+02:00 DEBUG 208601 --- [CommunistDate] [           main] o.h.q.sqm.function.SqmFunctionRegistry   : Registered SqmFunctionTemplate [NamedSqmFunctionTemplate(log)] under log; prior registration was org.hibernate.query.sqm.function.PatternBasedSqmFunctionDescriptor@5100c143
2024-06-24T15:40:47.426+02:00 DEBUG 208601 --- [CommunistDate] [           main] o.h.q.sqm.function.SqmFunctionRegistry   : Registered SqmFunctionTemplate [org.hibernate.query.sqm.function.PatternBasedSqmFunctionDescriptor@5909285b] under mod; prior registration was NamedSqmFunctionTemplate(mod)
2024-06-24T15:40:47.426+02:00 DEBUG 208601 --- [CommunistDate] [           main] o.h.q.sqm.function.SqmFunctionRegistry   : Registered SqmFunctionTemplate [NamedSqmFunctionTemplate(log10)] under log10; prior registration was null
2024-06-24T15:40:47.426+02:00 DEBUG 208601 --- [CommunistDate] [           main] o.h.q.sqm.function.SqmFunctionRegistry   : Registered SqmFunctionTemplate [NamedSqmFunctionTemplate(tanh)] under tanh; prior registration was org.hibernate.query.sqm.function.PatternBasedSqmFunctionDescriptor@1ce6a9bd
2024-06-24T15:40:47.427+02:00 DEBUG 208601 --- [CommunistDate] [           main] o.h.q.sqm.function.SqmFunctionRegistry   : Registered SqmFunctionTemplate [NamedSqmFunctionTemplate(sinh)] under sinh; prior registration was org.hibernate.query.sqm.function.PatternBasedSqmFunctionDescriptor@515940af
2024-06-24T15:40:47.428+02:00 DEBUG 208601 --- [CommunistDate] [           main] o.h.q.sqm.function.SqmFunctionRegistry   : Registered SqmFunctionTemplate [NamedSqmFunctionTemplate(cosh)] under cosh; prior registration was org.hibernate.query.sqm.function.PatternBasedSqmFunctionDescriptor@5f8df69
2024-06-24T15:40:47.428+02:00 DEBUG 208601 --- [CommunistDate] [           main] o.h.q.sqm.function.SqmFunctionRegistry   : Registered SqmFunctionTemplate [NamedSqmFunctionTemplate(acosh)] under acosh; prior registration was null
2024-06-24T15:40:47.429+02:00 DEBUG 208601 --- [CommunistDate] [           main] o.h.q.sqm.function.SqmFunctionRegistry   : Registered SqmFunctionTemplate [NamedSqmFunctionTemplate(asinh)] under asinh; prior registration was null
2024-06-24T15:40:47.430+02:00 DEBUG 208601 --- [CommunistDate] [           main] o.h.q.sqm.function.SqmFunctionRegistry   : Registered SqmFunctionTemplate [NamedSqmFunctionTemplate(atanh)] under atanh; prior registration was null
2024-06-24T15:40:47.430+02:00 DEBUG 208601 --- [CommunistDate] [           main] o.h.q.sqm.function.SqmFunctionRegistry   : Registered SqmFunctionTemplate [NamedSqmFunctionTemplate(cbrt)] under cbrt; prior registration was null
2024-06-24T15:40:47.431+02:00 DEBUG 208601 --- [CommunistDate] [           main] o.h.q.sqm.function.SqmFunctionRegistry   : Registered SqmFunctionTemplate [NamedSqmFunctionTemplate(pi)] under pi; prior registration was org.hibernate.query.sqm.function.PatternBasedSqmFunctionDescriptor@4a47bc9c
2024-06-24T15:40:47.432+02:00 DEBUG 208601 --- [CommunistDate] [           main] o.h.q.sqm.function.SqmFunctionRegistry   : Registered SqmFunctionTemplate [NamedSqmFunctionTemplate(ltrim)] under ltrim; prior registration was null
2024-06-24T15:40:47.432+02:00 DEBUG 208601 --- [CommunistDate] [           main] o.h.q.sqm.function.SqmFunctionRegistry   : Registered SqmFunctionTemplate [NamedSqmFunctionTemplate(rtrim)] under rtrim; prior registration was null
2024-06-24T15:40:47.432+02:00 DEBUG 208601 --- [CommunistDate] [           main] o.h.q.sqm.function.SqmFunctionRegistry   : Registered SqmFunctionTemplate [NamedSqmFunctionTemplate(repeat)] under repeat; prior registration was null
2024-06-24T15:40:47.433+02:00 DEBUG 208601 --- [CommunistDate] [           main] o.h.q.sqm.function.SqmFunctionRegistry   : Registered SqmFunctionTemplate [NamedSqmFunctionTemplate(md5)] under md5; prior registration was null
2024-06-24T15:40:47.433+02:00 DEBUG 208601 --- [CommunistDate] [           main] o.h.q.sqm.function.SqmFunctionRegistry   : Registered SqmFunctionTemplate [NamedSqmFunctionTemplate(initcap)] under initcap; prior registration was null
2024-06-24T15:40:47.434+02:00 DEBUG 208601 --- [CommunistDate] [           main] o.h.q.sqm.function.SqmFunctionRegistry   : Registered SqmFunctionTemplate [NamedSqmFunctionTemplate(substr)] under substr; prior registration was null
2024-06-24T15:40:47.435+02:00 DEBUG 208601 --- [CommunistDate] [           main] o.h.q.sqm.function.SqmFunctionRegistry   : Registered SqmFunctionTemplate [NamedSqmFunctionTemplate(substr)] under substring; prior registration was NamedSqmFunctionTemplate(substring)
2024-06-24T15:40:47.435+02:00 DEBUG 208601 --- [CommunistDate] [           main] o.h.q.sqm.function.SqmFunctionRegistry   : Registered SqmFunctionTemplate [NamedSqmFunctionTemplate(translate)] under translate; prior registration was null
2024-06-24T15:40:47.436+02:00 DEBUG 208601 --- [CommunistDate] [           main] o.h.q.sqm.function.SqmFunctionRegistry   : Registered SqmFunctionTemplate [NamedSqmFunctionTemplate(to_number)] under to_number; prior registration was null
2024-06-24T15:40:47.437+02:00 DEBUG 208601 --- [CommunistDate] [           main] o.h.q.sqm.function.SqmFunctionRegistry   : Registered SqmFunctionTemplate [NamedSqmFunctionTemplate(to_char)] under to_char; prior registration was null
2024-06-24T15:40:47.437+02:00 DEBUG 208601 --- [CommunistDate] [           main] o.h.q.sqm.function.SqmFunctionRegistry   : Registered SqmFunctionTemplate [NamedSqmFunctionTemplate(to_date)] under to_date; prior registration was null
2024-06-24T15:40:47.438+02:00 DEBUG 208601 --- [CommunistDate] [           main] o.h.q.sqm.function.SqmFunctionRegistry   : Registered SqmFunctionTemplate [NamedSqmFunctionTemplate(to_timestamp)] under to_timestamp; prior registration was null
2024-06-24T15:40:47.439+02:00 DEBUG 208601 --- [CommunistDate] [           main] o.h.q.sqm.function.SqmFunctionRegistry   : Registered SqmFunctionTemplate [org.hibernate.dialect.function.ConcatPipeFunction@2dc73024] under concat; prior registration was NamedSqmFunctionTemplate(concat)
2024-06-24T15:40:47.439+02:00 DEBUG 208601 --- [CommunistDate] [           main] o.h.q.sqm.function.SqmFunctionRegistry   : Registered SqmFunctionTemplate [NamedSqmFunctionTemplate(localtime)] under localtime; prior registration was null
2024-06-24T15:40:47.440+02:00 DEBUG 208601 --- [CommunistDate] [           main] o.h.q.sqm.function.SqmFunctionRegistry   : Registered SqmFunctionTemplate [NamedSqmFunctionTemplate(localtimestamp)] under localtimestamp; prior registration was null
2024-06-24T15:40:47.440+02:00 DEBUG 208601 --- [CommunistDate] [           main] o.h.q.sqm.function.SqmFunctionRegistry   : Registered SqmFunctionTemplate [NamedSqmFunctionTemplate(localtime)] under local_time; prior registration was org.hibernate.dialect.function.CurrentFunction@784212
2024-06-24T15:40:47.440+02:00 DEBUG 208601 --- [CommunistDate] [           main] o.h.q.sqm.function.SqmFunctionRegistry   : Registered SqmFunctionTemplate [NamedSqmFunctionTemplate(localtimestamp)] under local_datetime; prior registration was org.hibernate.dialect.function.CurrentFunction@5ac646b3
2024-06-24T15:40:47.441+02:00 DEBUG 208601 --- [CommunistDate] [           main] o.h.q.sqm.function.SqmFunctionRegistry   : Registered SqmFunctionTemplate [org.hibernate.dialect.function.LengthFunction@432eb882] under character_length; prior registration was NamedSqmFunctionTemplate(character_length)
2024-06-24T15:40:47.441+02:00 DEBUG 208601 --- [CommunistDate] [           main] o.h.q.sqm.function.SqmFunctionRegistry   : Registering alternate key : length -> character_length
2024-06-24T15:40:47.442+02:00 DEBUG 208601 --- [CommunistDate] [           main] o.h.q.sqm.function.SqmFunctionRegistry   : Registered SqmFunctionTemplate [org.hibernate.dialect.function.LengthFunction@69372c1e] under bit_length; prior registration was null
2024-06-24T15:40:47.442+02:00 DEBUG 208601 --- [CommunistDate] [           main] o.h.q.sqm.function.SqmFunctionRegistry   : Registered SqmFunctionTemplate [org.hibernate.dialect.function.LengthFunction@24842b8e] under octet_length; prior registration was null
2024-06-24T15:40:47.442+02:00 DEBUG 208601 --- [CommunistDate] [           main] o.h.q.sqm.function.SqmFunctionRegistry   : Registered SqmFunctionTemplate [NamedSqmFunctionTemplate(ascii)] under ascii; prior registration was null
2024-06-24T15:40:47.442+02:00 DEBUG 208601 --- [CommunistDate] [           main] o.h.q.sqm.function.SqmFunctionRegistry   : Registered SqmFunctionTemplate [NamedSqmFunctionTemplate(chr)] under chr; prior registration was null
2024-06-24T15:40:47.442+02:00 DEBUG 208601 --- [CommunistDate] [           main] o.h.q.sqm.function.SqmFunctionRegistry   : Registering alternate key : char -> chr
2024-06-24T15:40:47.442+02:00 DEBUG 208601 --- [CommunistDate] [           main] o.h.q.sqm.function.SqmFunctionRegistry   : Registered SqmFunctionTemplate [org.hibernate.query.sqm.function.PatternBasedSqmFunctionDescriptor@146add7b] under position; prior registration was org.hibernate.dialect.function.LocatePositionEmulation@1af82ba8
2024-06-24T15:40:47.442+02:00 DEBUG 208601 --- [CommunistDate] [           main] o.h.q.sqm.function.SqmFunctionRegistry   : Registered SqmFunctionTemplate [org.hibernate.query.sqm.function.PatternBasedSqmFunctionDescriptor@22368ddc] under bitand; prior registration was null
2024-06-24T15:40:47.443+02:00 DEBUG 208601 --- [CommunistDate] [           main] o.h.q.sqm.function.SqmFunctionRegistry   : Registered SqmFunctionTemplate [org.hibernate.query.sqm.function.PatternBasedSqmFunctionDescriptor@72b10258] under bitor; prior registration was null
2024-06-24T15:40:47.443+02:00 DEBUG 208601 --- [CommunistDate] [           main] o.h.q.sqm.function.SqmFunctionRegistry   : Registered SqmFunctionTemplate [org.hibernate.query.sqm.function.PatternBasedSqmFunctionDescriptor@77ec9fdb] under bitxor; prior registration was null
2024-06-24T15:40:47.443+02:00 DEBUG 208601 --- [CommunistDate] [           main] o.h.q.sqm.function.SqmFunctionRegistry   : Registered SqmFunctionTemplate [org.hibernate.query.sqm.function.PatternBasedSqmFunctionDescriptor@35af1558] under bitnot; prior registration was null
2024-06-24T15:40:47.443+02:00 DEBUG 208601 --- [CommunistDate] [           main] o.h.q.sqm.function.SqmFunctionRegistry   : Registered SqmFunctionTemplate [NamedSqmFunctionTemplate(bit_and)] under bit_and; prior registration was null
2024-06-24T15:40:47.443+02:00 DEBUG 208601 --- [CommunistDate] [           main] o.h.q.sqm.function.SqmFunctionRegistry   : Registered SqmFunctionTemplate [NamedSqmFunctionTemplate(bit_or)] under bit_or; prior registration was null
2024-06-24T15:40:47.443+02:00 DEBUG 208601 --- [CommunistDate] [           main] o.h.q.sqm.function.SqmFunctionRegistry   : Registered SqmFunctionTemplate [NamedSqmFunctionTemplate(bool_and)] under bool_and; prior registration was null
2024-06-24T15:40:47.443+02:00 DEBUG 208601 --- [CommunistDate] [           main] o.h.q.sqm.function.SqmFunctionRegistry   : Registering alternate key : every -> bool_and
2024-06-24T15:40:47.443+02:00 DEBUG 208601 --- [CommunistDate] [           main] o.h.q.sqm.function.SqmFunctionRegistry   : Registered SqmFunctionTemplate [NamedSqmFunctionTemplate(bool_or)] under bool_or; prior registration was null
2024-06-24T15:40:47.444+02:00 DEBUG 208601 --- [CommunistDate] [           main] o.h.q.sqm.function.SqmFunctionRegistry   : Registering alternate key : any -> bool_or
2024-06-24T15:40:47.444+02:00 DEBUG 208601 --- [CommunistDate] [           main] o.h.q.sqm.function.SqmFunctionRegistry   : Registered SqmFunctionTemplate [org.hibernate.query.sqm.function.PatternBasedSqmFunctionDescriptor@2361365c] under median; prior registration was null
2024-06-24T15:40:47.444+02:00 DEBUG 208601 --- [CommunistDate] [           main] o.h.q.sqm.function.SqmFunctionRegistry   : Registered SqmFunctionTemplate [NamedSqmFunctionTemplate(stddev)] under stddev; prior registration was null
2024-06-24T15:40:47.444+02:00 DEBUG 208601 --- [CommunistDate] [           main] o.h.q.sqm.function.SqmFunctionRegistry   : Registered SqmFunctionTemplate [NamedSqmFunctionTemplate(stddev_pop)] under stddev_pop; prior registration was null
2024-06-24T15:40:47.444+02:00 DEBUG 208601 --- [CommunistDate] [           main] o.h.q.sqm.function.SqmFunctionRegistry   : Registered SqmFunctionTemplate [NamedSqmFunctionTemplate(stddev_samp)] under stddev_samp; prior registration was null
2024-06-24T15:40:47.444+02:00 DEBUG 208601 --- [CommunistDate] [           main] o.h.q.sqm.function.SqmFunctionRegistry   : Registered SqmFunctionTemplate [NamedSqmFunctionTemplate(variance)] under variance; prior registration was null
2024-06-24T15:40:47.445+02:00 DEBUG 208601 --- [CommunistDate] [           main] o.h.q.sqm.function.SqmFunctionRegistry   : Registered SqmFunctionTemplate [NamedSqmFunctionTemplate(var_pop)] under var_pop; prior registration was null
2024-06-24T15:40:47.445+02:00 DEBUG 208601 --- [CommunistDate] [           main] o.h.q.sqm.function.SqmFunctionRegistry   : Registered SqmFunctionTemplate [NamedSqmFunctionTemplate(var_samp)] under var_samp; prior registration was null
2024-06-24T15:40:47.445+02:00 DEBUG 208601 --- [CommunistDate] [           main] o.h.q.sqm.function.SqmFunctionRegistry   : Registered SqmFunctionTemplate [NamedSqmFunctionTemplate(covar_pop)] under covar_pop; prior registration was null
2024-06-24T15:40:47.445+02:00 DEBUG 208601 --- [CommunistDate] [           main] o.h.q.sqm.function.SqmFunctionRegistry   : Registered SqmFunctionTemplate [NamedSqmFunctionTemplate(covar_samp)] under covar_samp; prior registration was null
2024-06-24T15:40:47.445+02:00 DEBUG 208601 --- [CommunistDate] [           main] o.h.q.sqm.function.SqmFunctionRegistry   : Registered SqmFunctionTemplate [NamedSqmFunctionTemplate(corr)] under corr; prior registration was null
2024-06-24T15:40:47.446+02:00 DEBUG 208601 --- [CommunistDate] [           main] o.h.q.sqm.function.SqmFunctionRegistry   : Registered SqmFunctionTemplate [NamedSqmFunctionTemplate(regr_avgx)] under regr_avgx; prior registration was null
2024-06-24T15:40:47.446+02:00 DEBUG 208601 --- [CommunistDate] [           main] o.h.q.sqm.function.SqmFunctionRegistry   : Registered SqmFunctionTemplate [NamedSqmFunctionTemplate(regr_avgy)] under regr_avgy; prior registration was null
2024-06-24T15:40:47.446+02:00 DEBUG 208601 --- [CommunistDate] [           main] o.h.q.sqm.function.SqmFunctionRegistry   : Registered SqmFunctionTemplate [NamedSqmFunctionTemplate(regr_count)] under regr_count; prior registration was null
2024-06-24T15:40:47.446+02:00 DEBUG 208601 --- [CommunistDate] [           main] o.h.q.sqm.function.SqmFunctionRegistry   : Registered SqmFunctionTemplate [NamedSqmFunctionTemplate(regr_intercept)] under regr_intercept; prior registration was null
2024-06-24T15:40:47.446+02:00 DEBUG 208601 --- [CommunistDate] [           main] o.h.q.sqm.function.SqmFunctionRegistry   : Registered SqmFunctionTemplate [NamedSqmFunctionTemplate(regr_r2)] under regr_r2; prior registration was null
2024-06-24T15:40:47.446+02:00 DEBUG 208601 --- [CommunistDate] [           main] o.h.q.sqm.function.SqmFunctionRegistry   : Registered SqmFunctionTemplate [NamedSqmFunctionTemplate(regr_slope)] under regr_slope; prior registration was null
2024-06-24T15:40:47.447+02:00 DEBUG 208601 --- [CommunistDate] [           main] o.h.q.sqm.function.SqmFunctionRegistry   : Registered SqmFunctionTemplate [NamedSqmFunctionTemplate(regr_sxx)] under regr_sxx; prior registration was null
2024-06-24T15:40:47.447+02:00 DEBUG 208601 --- [CommunistDate] [           main] o.h.q.sqm.function.SqmFunctionRegistry   : Registered SqmFunctionTemplate [NamedSqmFunctionTemplate(regr_sxy)] under regr_sxy; prior registration was null
2024-06-24T15:40:47.447+02:00 DEBUG 208601 --- [CommunistDate] [           main] o.h.q.sqm.function.SqmFunctionRegistry   : Registered SqmFunctionTemplate [NamedSqmFunctionTemplate(regr_syy)] under regr_syy; prior registration was null
2024-06-24T15:40:47.447+02:00 DEBUG 208601 --- [CommunistDate] [           main] o.h.q.sqm.function.SqmFunctionRegistry   : Registered SqmFunctionTemplate [org.hibernate.query.sqm.function.PatternBasedSqmFunctionDescriptor@4ab90d01] under insert; prior registration was null
2024-06-24T15:40:47.448+02:00 DEBUG 208601 --- [CommunistDate] [           main] o.h.q.sqm.function.SqmFunctionRegistry   : Registered SqmFunctionTemplate [org.hibernate.query.sqm.function.MultipatternSqmFunctionDescriptor@34652065] under overlay; prior registration was org.hibernate.dialect.function.InsertSubstringOverlayEmulation@59014efe
2024-06-24T15:40:47.448+02:00 DEBUG 208601 --- [CommunistDate] [           main] o.h.q.sqm.function.SqmFunctionRegistry   : Registered SqmFunctionTemplate [NamedSqmFunctionTemplate(soundex)] under soundex; prior registration was null
2024-06-24T15:40:47.449+02:00 DEBUG 208601 --- [CommunistDate] [           main] o.h.q.sqm.function.SqmFunctionRegistry   : Registered SqmFunctionTemplate [org.hibernate.query.sqm.function.MultipatternSqmFunctionDescriptor@3dbbed3e] under locate; prior registration was NamedSqmFunctionTemplate(locate)
2024-06-24T15:40:47.449+02:00 DEBUG 208601 --- [CommunistDate] [           main] o.h.q.sqm.function.SqmFunctionRegistry   : Registered SqmFunctionTemplate [NamedSqmFunctionTemplate(row_number)] under row_number; prior registration was null
2024-06-24T15:40:47.450+02:00 DEBUG 208601 --- [CommunistDate] [           main] o.h.q.sqm.function.SqmFunctionRegistry   : Registered SqmFunctionTemplate [NamedSqmFunctionTemplate(lag)] under lag; prior registration was null
2024-06-24T15:40:47.451+02:00 DEBUG 208601 --- [CommunistDate] [           main] o.h.q.sqm.function.SqmFunctionRegistry   : Registered SqmFunctionTemplate [NamedSqmFunctionTemplate(lead)] under lead; prior registration was null
2024-06-24T15:40:47.451+02:00 DEBUG 208601 --- [CommunistDate] [           main] o.h.q.sqm.function.SqmFunctionRegistry   : Registered SqmFunctionTemplate [NamedSqmFunctionTemplate(first_value)] under first_value; prior registration was null
2024-06-24T15:40:47.451+02:00 DEBUG 208601 --- [CommunistDate] [           main] o.h.q.sqm.function.SqmFunctionRegistry   : Registered SqmFunctionTemplate [NamedSqmFunctionTemplate(last_value)] under last_value; prior registration was null
2024-06-24T15:40:47.452+02:00 DEBUG 208601 --- [CommunistDate] [           main] o.h.q.sqm.function.SqmFunctionRegistry   : Registered SqmFunctionTemplate [NamedSqmFunctionTemplate(nth_value)] under nth_value; prior registration was null
2024-06-24T15:40:47.453+02:00 DEBUG 208601 --- [CommunistDate] [           main] o.h.q.sqm.function.SqmFunctionRegistry   : Registered SqmFunctionTemplate [org.hibernate.dialect.function.ListaggStringAggEmulation@12bcf7c6] under listagg; prior registration was null
2024-06-24T15:40:47.456+02:00 DEBUG 208601 --- [CommunistDate] [           main] o.h.q.sqm.function.SqmFunctionRegistry   : Registered SqmFunctionTemplate [org.hibernate.dialect.function.array.PostgreSQLArrayConstructorFunction@73a116d] under array; prior registration was null
2024-06-24T15:40:47.457+02:00 DEBUG 208601 --- [CommunistDate] [           main] o.h.q.sqm.function.SqmFunctionRegistry   : Registered SqmFunctionTemplate [org.hibernate.dialect.function.array.PostgreSQLArrayConstructorFunction@205f52ea] under array_list; prior registration was null
2024-06-24T15:40:47.459+02:00 DEBUG 208601 --- [CommunistDate] [           main] o.h.q.sqm.function.SqmFunctionRegistry   : Registered SqmFunctionTemplate [org.hibernate.dialect.function.array.ArrayAggFunction@24b8a393] under array_agg; prior registration was null
2024-06-24T15:40:47.462+02:00 DEBUG 208601 --- [CommunistDate] [           main] o.h.q.sqm.function.SqmFunctionRegistry   : Registered SqmFunctionTemplate [org.hibernate.dialect.function.array.PostgreSQLArrayPositionFunction@4a6ef712] under array_position; prior registration was null
2024-06-24T15:40:47.468+02:00 DEBUG 208601 --- [CommunistDate] [           main] o.h.q.sqm.function.SqmFunctionRegistry   : Registered SqmFunctionTemplate [org.hibernate.dialect.function.array.PostgreSQLArrayPositionsFunction@3eadad14] under array_positions; prior registration was null
2024-06-24T15:40:47.473+02:00 DEBUG 208601 --- [CommunistDate] [           main] o.h.q.sqm.function.SqmFunctionRegistry   : Registered SqmFunctionTemplate [org.hibernate.dialect.function.array.PostgreSQLArrayPositionsFunction@5b4d9bda] under array_positions_list; prior registration was null
2024-06-24T15:40:47.473+02:00 DEBUG 208601 --- [CommunistDate] [           main] o.h.q.sqm.function.SqmFunctionRegistry   : Registered SqmFunctionTemplate [org.hibernate.query.sqm.function.PatternBasedSqmFunctionDescriptor@467a2584] under array_length; prior registration was null
2024-06-24T15:40:47.475+02:00 DEBUG 208601 --- [CommunistDate] [           main] o.h.q.sqm.function.SqmFunctionRegistry   : Registered SqmFunctionTemplate [org.hibernate.dialect.function.array.PostgreSQLArrayConcatFunction@414e8b31] under array_concat; prior registration was null
2024-06-24T15:40:47.477+02:00 DEBUG 208601 --- [CommunistDate] [           main] o.h.q.sqm.function.SqmFunctionRegistry   : Registered SqmFunctionTemplate [org.hibernate.dialect.function.array.PostgreSQLArrayConcatElementFunction@5ca86715] under array_prepend; prior registration was null
2024-06-24T15:40:47.477+02:00 DEBUG 208601 --- [CommunistDate] [           main] o.h.q.sqm.function.SqmFunctionRegistry   : Registered SqmFunctionTemplate [org.hibernate.dialect.function.array.PostgreSQLArrayConcatElementFunction@53d808ea] under array_append; prior registration was null
2024-06-24T15:40:47.480+02:00 DEBUG 208601 --- [CommunistDate] [           main] o.h.q.sqm.function.SqmFunctionRegistry   : Registered SqmFunctionTemplate [org.hibernate.dialect.function.array.ArrayContainsOperatorFunction@57eed461] under array_contains; prior registration was null
2024-06-24T15:40:47.480+02:00 DEBUG 208601 --- [CommunistDate] [           main] o.h.q.sqm.function.SqmFunctionRegistry   : Registered SqmFunctionTemplate [org.hibernate.dialect.function.array.ArrayContainsOperatorFunction@3c62f69a] under array_contains_nullable; prior registration was null
2024-06-24T15:40:47.483+02:00 DEBUG 208601 --- [CommunistDate] [           main] o.h.q.sqm.function.SqmFunctionRegistry   : Registered SqmFunctionTemplate [org.hibernate.dialect.function.array.ArrayOverlapsOperatorFunction@50c2ef56] under array_overlaps; prior registration was null
2024-06-24T15:40:47.483+02:00 DEBUG 208601 --- [CommunistDate] [           main] o.h.q.sqm.function.SqmFunctionRegistry   : Registered SqmFunctionTemplate [org.hibernate.dialect.function.array.ArrayOverlapsOperatorFunction@560d6d2] under array_overlaps_nullable; prior registration was null
2024-06-24T15:40:47.485+02:00 DEBUG 208601 --- [CommunistDate] [           main] o.h.q.sqm.function.SqmFunctionRegistry   : Registered SqmFunctionTemplate [org.hibernate.query.sqm.function.PatternBasedSqmFunctionDescriptor@16a499d1] under array_get; prior registration was null
2024-06-24T15:40:47.486+02:00 DEBUG 208601 --- [CommunistDate] [           main] o.h.q.sqm.function.SqmFunctionRegistry   : Registered SqmFunctionTemplate [org.hibernate.dialect.function.array.ArraySetUnnestFunction@70700b8a] under array_set; prior registration was null
2024-06-24T15:40:47.486+02:00 DEBUG 208601 --- [CommunistDate] [           main] o.h.q.sqm.function.SqmFunctionRegistry   : Registered SqmFunctionTemplate [NamedSqmFunctionTemplate(array_remove)] under array_remove; prior registration was null
2024-06-24T15:40:47.487+02:00 DEBUG 208601 --- [CommunistDate] [           main] o.h.q.sqm.function.SqmFunctionRegistry   : Registered SqmFunctionTemplate [org.hibernate.dialect.function.array.ArrayRemoveIndexUnnestFunction@5ebe903a] under array_remove_index; prior registration was null
2024-06-24T15:40:47.487+02:00 DEBUG 208601 --- [CommunistDate] [           main] o.h.q.sqm.function.SqmFunctionRegistry   : Registered SqmFunctionTemplate [org.hibernate.query.sqm.function.PatternBasedSqmFunctionDescriptor@7c88d04f] under array_slice; prior registration was null
2024-06-24T15:40:47.488+02:00 DEBUG 208601 --- [CommunistDate] [           main] o.h.q.sqm.function.SqmFunctionRegistry   : Registered SqmFunctionTemplate [NamedSqmFunctionTemplate(array_replace)] under array_replace; prior registration was null
2024-06-24T15:40:47.488+02:00 DEBUG 208601 --- [CommunistDate] [           main] o.h.q.sqm.function.SqmFunctionRegistry   : Registered SqmFunctionTemplate [org.hibernate.query.sqm.function.PatternBasedSqmFunctionDescriptor@71df5f30] under array_trim; prior registration was null
2024-06-24T15:40:47.489+02:00 DEBUG 208601 --- [CommunistDate] [           main] o.h.q.sqm.function.SqmFunctionRegistry   : Registered SqmFunctionTemplate [org.hibernate.dialect.function.array.PostgreSQLArrayFillFunction@44e79e9e] under array_fill; prior registration was null
2024-06-24T15:40:47.490+02:00 DEBUG 208601 --- [CommunistDate] [           main] o.h.q.sqm.function.SqmFunctionRegistry   : Registered SqmFunctionTemplate [org.hibernate.dialect.function.array.PostgreSQLArrayFillFunction@5bc14211] under array_fill_list; prior registration was null
2024-06-24T15:40:47.490+02:00 DEBUG 208601 --- [CommunistDate] [           main] o.h.q.sqm.function.SqmFunctionRegistry   : Registered SqmFunctionTemplate [org.hibernate.dialect.function.array.ArrayToStringFunction@74450c9b] under array_to_string; prior registration was null
2024-06-24T15:40:47.490+02:00 DEBUG 208601 --- [CommunistDate] [           main] o.h.q.sqm.function.SqmFunctionRegistry   : Registered SqmFunctionTemplate [NamedSqmFunctionTemplate(make_date)] under make_date; prior registration was null
2024-06-24T15:40:47.491+02:00 DEBUG 208601 --- [CommunistDate] [           main] o.h.q.sqm.function.SqmFunctionRegistry   : Registered SqmFunctionTemplate [NamedSqmFunctionTemplate(make_time)] under make_time; prior registration was null
2024-06-24T15:40:47.491+02:00 DEBUG 208601 --- [CommunistDate] [           main] o.h.q.sqm.function.SqmFunctionRegistry   : Registered SqmFunctionTemplate [NamedSqmFunctionTemplate(make_timestamp)] under make_timestamp; prior registration was null
2024-06-24T15:40:47.491+02:00 DEBUG 208601 --- [CommunistDate] [           main] o.h.q.sqm.function.SqmFunctionRegistry   : Registered SqmFunctionTemplate [NamedSqmFunctionTemplate(make_timestamptz)] under make_timestamptz; prior registration was null
2024-06-24T15:40:47.493+02:00 DEBUG 208601 --- [CommunistDate] [           main] o.h.q.sqm.function.SqmFunctionRegistry   : Registered SqmFunctionTemplate [org.hibernate.dialect.function.InverseDistributionFunction@49153009] under mode; prior registration was null
2024-06-24T15:40:47.493+02:00 DEBUG 208601 --- [CommunistDate] [           main] o.h.q.sqm.function.SqmFunctionRegistry   : Registered SqmFunctionTemplate [org.hibernate.dialect.function.InverseDistributionFunction@a1b7549] under percentile_cont; prior registration was null
2024-06-24T15:40:47.493+02:00 DEBUG 208601 --- [CommunistDate] [           main] o.h.q.sqm.function.SqmFunctionRegistry   : Registered SqmFunctionTemplate [org.hibernate.dialect.function.InverseDistributionFunction@7aa63f50] under percentile_disc; prior registration was null
2024-06-24T15:40:47.494+02:00 DEBUG 208601 --- [CommunistDate] [           main] o.h.q.sqm.function.SqmFunctionRegistry   : Registered SqmFunctionTemplate [org.hibernate.dialect.function.HypotheticalSetFunction@6eab92f3] under rank; prior registration was null
2024-06-24T15:40:47.494+02:00 DEBUG 208601 --- [CommunistDate] [           main] o.h.q.sqm.function.SqmFunctionRegistry   : Registered SqmFunctionTemplate [org.hibernate.dialect.function.HypotheticalSetFunction@321b7b9e] under dense_rank; prior registration was null
2024-06-24T15:40:47.494+02:00 DEBUG 208601 --- [CommunistDate] [           main] o.h.q.sqm.function.SqmFunctionRegistry   : Registered SqmFunctionTemplate [org.hibernate.dialect.function.HypotheticalSetFunction@21eedcde] under percent_rank; prior registration was null
2024-06-24T15:40:47.495+02:00 DEBUG 208601 --- [CommunistDate] [           main] o.h.q.sqm.function.SqmFunctionRegistry   : Registered SqmFunctionTemplate [org.hibernate.dialect.function.HypotheticalSetFunction@67396475] under cume_dist; prior registration was null
2024-06-24T15:40:47.496+02:00 DEBUG 208601 --- [CommunistDate] [           main] o.h.q.sqm.function.SqmFunctionRegistry   : Registered SqmFunctionTemplate [org.hibernate.dialect.function.PostgreSQLMinMaxFunction@47f0e078] under min; prior registration was NamedSqmFunctionTemplate(min)
2024-06-24T15:40:47.497+02:00 DEBUG 208601 --- [CommunistDate] [           main] o.h.q.sqm.function.SqmFunctionRegistry   : Registered SqmFunctionTemplate [org.hibernate.dialect.function.PostgreSQLMinMaxFunction@28db2afb] under max; prior registration was NamedSqmFunctionTemplate(max)
2024-06-24T15:40:47.497+02:00 DEBUG 208601 --- [CommunistDate] [           main] o.h.q.sqm.function.SqmFunctionRegistry   : Registered SqmFunctionTemplate [org.hibernate.query.sqm.function.PatternBasedSqmFunctionDescriptor@5c703860] under bitxor; prior registration was org.hibernate.query.sqm.function.PatternBasedSqmFunctionDescriptor@77ec9fdb
2024-06-24T15:40:47.498+02:00 DEBUG 208601 --- [CommunistDate] [           main] o.h.q.sqm.function.SqmFunctionRegistry   : Registered SqmFunctionTemplate [org.hibernate.dialect.function.PostgreSQLTruncRoundFunction@6a116354] under round; prior registration was NamedSqmFunctionTemplate(round)
2024-06-24T15:40:47.501+02:00 DEBUG 208601 --- [CommunistDate] [           main] o.h.q.sqm.function.SqmFunctionRegistry   : Registered SqmFunctionTemplate [org.hibernate.dialect.function.PostgreSQLTruncFunction@1a77eb6] under trunc; prior registration was null
2024-06-24T15:40:47.501+02:00 DEBUG 208601 --- [CommunistDate] [           main] o.h.q.sqm.function.SqmFunctionRegistry   : Registering alternate key : truncate -> trunc
2024-06-24T15:40:47.501+02:00 DEBUG 208601 --- [CommunistDate] [           main] o.h.q.sqm.function.SqmFunctionRegistry   : Registered SqmFunctionTemplate [org.hibernate.query.sqm.function.PatternBasedSqmFunctionDescriptor@52d9f36b] under date_trunc; prior registration was null
2024-06-24T15:40:47.504+02:00 DEBUG 208601 --- [CommunistDate] [           main] org.hibernate.HQL_FUNCTIONS              : abs(NUMERIC arg)
2024-06-24T15:40:47.504+02:00 DEBUG 208601 --- [CommunistDate] [           main] org.hibernate.HQL_FUNCTIONS              : Double acos(NUMERIC arg)
2024-06-24T15:40:47.504+02:00 DEBUG 208601 --- [CommunistDate] [           main] org.hibernate.HQL_FUNCTIONS              : Double acosh(NUMERIC arg)
2024-06-24T15:40:47.504+02:00 DEBUG 208601 --- [CommunistDate] [           main] org.hibernate.HQL_FUNCTIONS              : Boolean any(BOOLEAN predicate)
2024-06-24T15:40:47.504+02:00 DEBUG 208601 --- [CommunistDate] [           main] org.hibernate.HQL_FUNCTIONS              : array( ... )
2024-06-24T15:40:47.504+02:00 DEBUG 208601 --- [CommunistDate] [           main] org.hibernate.HQL_FUNCTIONS              : array_agg(arg)
2024-06-24T15:40:47.505+02:00 DEBUG 208601 --- [CommunistDate] [           main] org.hibernate.HQL_FUNCTIONS              : array_append( ... )
2024-06-24T15:40:47.505+02:00 DEBUG 208601 --- [CommunistDate] [           main] org.hibernate.HQL_FUNCTIONS              : array_concat( ... )
2024-06-24T15:40:47.505+02:00 DEBUG 208601 --- [CommunistDate] [           main] org.hibernate.HQL_FUNCTIONS              : Boolean array_contains(ARRAY haystackArray, OBJECT needleElementOrArray)
2024-06-24T15:40:47.505+02:00 DEBUG 208601 --- [CommunistDate] [           main] org.hibernate.HQL_FUNCTIONS              : Boolean array_contains_nullable(ARRAY haystackArray, OBJECT needleElementOrArray)
2024-06-24T15:40:47.505+02:00 DEBUG 208601 --- [CommunistDate] [           main] org.hibernate.HQL_FUNCTIONS              : array_fill(OBJECT element, INTEGER elementCount)
2024-06-24T15:40:47.505+02:00 DEBUG 208601 --- [CommunistDate] [           main] org.hibernate.HQL_FUNCTIONS              : array_fill_list(OBJECT element, INTEGER elementCount)
2024-06-24T15:40:47.505+02:00 DEBUG 208601 --- [CommunistDate] [           main] org.hibernate.HQL_FUNCTIONS              : array_get(ARRAY array, INTEGER index)
2024-06-24T15:40:47.505+02:00 DEBUG 208601 --- [CommunistDate] [           main] org.hibernate.HQL_FUNCTIONS              : Integer array_length(ARRAY array)
2024-06-24T15:40:47.505+02:00 DEBUG 208601 --- [CommunistDate] [           main] org.hibernate.HQL_FUNCTIONS              : array_list( ... )
2024-06-24T15:40:47.506+02:00 DEBUG 208601 --- [CommunistDate] [           main] org.hibernate.HQL_FUNCTIONS              : Boolean array_overlaps(ARRAY array0, OBJECT array1)
2024-06-24T15:40:47.506+02:00 DEBUG 208601 --- [CommunistDate] [           main] org.hibernate.HQL_FUNCTIONS              : Boolean array_overlaps_nullable(ARRAY array0, OBJECT array1)
2024-06-24T15:40:47.506+02:00 DEBUG 208601 --- [CommunistDate] [           main] org.hibernate.HQL_FUNCTIONS              : Integer array_position(ARRAY array, OBJECT element[, INTEGER startPosition])
2024-06-24T15:40:47.506+02:00 DEBUG 208601 --- [CommunistDate] [           main] org.hibernate.HQL_FUNCTIONS              : int[] array_positions(ARRAY array, OBJECT element)
2024-06-24T15:40:47.506+02:00 DEBUG 208601 --- [CommunistDate] [           main] org.hibernate.HQL_FUNCTIONS              : List array_positions_list(ARRAY array, OBJECT element)
2024-06-24T15:40:47.507+02:00 DEBUG 208601 --- [CommunistDate] [           main] org.hibernate.HQL_FUNCTIONS              : array_prepend( ... )
2024-06-24T15:40:47.507+02:00 DEBUG 208601 --- [CommunistDate] [           main] org.hibernate.HQL_FUNCTIONS              : array_remove( ... )
2024-06-24T15:40:47.507+02:00 DEBUG 208601 --- [CommunistDate] [           main] org.hibernate.HQL_FUNCTIONS              : array_remove_index( ... )
2024-06-24T15:40:47.507+02:00 DEBUG 208601 --- [CommunistDate] [           main] org.hibernate.HQL_FUNCTIONS              : array_replace(ARRAY array, OBJECT old, OBJECT new)
2024-06-24T15:40:47.507+02:00 DEBUG 208601 --- [CommunistDate] [           main] org.hibernate.HQL_FUNCTIONS              : array_set( ... )
2024-06-24T15:40:47.507+02:00 DEBUG 208601 --- [CommunistDate] [           main] org.hibernate.HQL_FUNCTIONS              : array_slice(ARRAY array, INTEGER start, INTEGER end)
2024-06-24T15:40:47.508+02:00 DEBUG 208601 --- [CommunistDate] [           main] org.hibernate.HQL_FUNCTIONS              : String array_to_string( ... )
2024-06-24T15:40:47.508+02:00 DEBUG 208601 --- [CommunistDate] [           main] org.hibernate.HQL_FUNCTIONS              : array_trim(ARRAY array, INTEGER elementsToRemove)
2024-06-24T15:40:47.508+02:00 DEBUG 208601 --- [CommunistDate] [           main] org.hibernate.HQL_FUNCTIONS              : Integer ascii(STRING arg)
2024-06-24T15:40:47.508+02:00 DEBUG 208601 --- [CommunistDate] [           main] org.hibernate.HQL_FUNCTIONS              : Double asin(NUMERIC arg)
2024-06-24T15:40:47.508+02:00 DEBUG 208601 --- [CommunistDate] [           main] org.hibernate.HQL_FUNCTIONS              : Double asinh(NUMERIC arg)
2024-06-24T15:40:47.509+02:00 DEBUG 208601 --- [CommunistDate] [           main] org.hibernate.HQL_FUNCTIONS              : Double atan(NUMERIC arg)
2024-06-24T15:40:47.509+02:00 DEBUG 208601 --- [CommunistDate] [           main] org.hibernate.HQL_FUNCTIONS              : Double atan2(NUMERIC arg0, NUMERIC arg1)
2024-06-24T15:40:47.509+02:00 DEBUG 208601 --- [CommunistDate] [           main] org.hibernate.HQL_FUNCTIONS              : Double atanh(NUMERIC arg)
2024-06-24T15:40:47.510+02:00 DEBUG 208601 --- [CommunistDate] [           main] org.hibernate.HQL_FUNCTIONS              : avg(arg)
2024-06-24T15:40:47.511+02:00 DEBUG 208601 --- [CommunistDate] [           main] org.hibernate.HQL_FUNCTIONS              : bit_and(arg)
2024-06-24T15:40:47.511+02:00 DEBUG 208601 --- [CommunistDate] [           main] org.hibernate.HQL_FUNCTIONS              : Integer bit_length(STRING_OR_CLOB arg)
2024-06-24T15:40:47.512+02:00 DEBUG 208601 --- [CommunistDate] [           main] org.hibernate.HQL_FUNCTIONS              : bit_or(arg)
2024-06-24T15:40:47.512+02:00 DEBUG 208601 --- [CommunistDate] [           main] org.hibernate.HQL_FUNCTIONS              : bitand(arg0, arg1)
2024-06-24T15:40:47.512+02:00 DEBUG 208601 --- [CommunistDate] [           main] org.hibernate.HQL_FUNCTIONS              : bitnot(arg)
2024-06-24T15:40:47.512+02:00 DEBUG 208601 --- [CommunistDate] [           main] org.hibernate.HQL_FUNCTIONS              : bitor(arg0, arg1)
2024-06-24T15:40:47.513+02:00 DEBUG 208601 --- [CommunistDate] [           main] org.hibernate.HQL_FUNCTIONS              : bitxor(arg0, arg1)
2024-06-24T15:40:47.513+02:00 DEBUG 208601 --- [CommunistDate] [           main] org.hibernate.HQL_FUNCTIONS              : Boolean bool_and(BOOLEAN predicate)
2024-06-24T15:40:47.514+02:00 DEBUG 208601 --- [CommunistDate] [           main] org.hibernate.HQL_FUNCTIONS              : Boolean bool_or(BOOLEAN predicate)
2024-06-24T15:40:47.514+02:00 DEBUG 208601 --- [CommunistDate] [           main] org.hibernate.HQL_FUNCTIONS              : cast(arg as Type)
2024-06-24T15:40:47.514+02:00 DEBUG 208601 --- [CommunistDate] [           main] org.hibernate.HQL_FUNCTIONS              : Double cbrt(NUMERIC arg)
2024-06-24T15:40:47.515+02:00 DEBUG 208601 --- [CommunistDate] [           main] org.hibernate.HQL_FUNCTIONS              : ceiling(NUMERIC arg)
2024-06-24T15:40:47.516+02:00 DEBUG 208601 --- [CommunistDate] [           main] org.hibernate.HQL_FUNCTIONS              : Character char(INTEGER arg)
2024-06-24T15:40:47.516+02:00 DEBUG 208601 --- [CommunistDate] [           main] org.hibernate.HQL_FUNCTIONS              : Integer character_length(STRING_OR_CLOB arg)
2024-06-24T15:40:47.517+02:00 DEBUG 208601 --- [CommunistDate] [           main] org.hibernate.HQL_FUNCTIONS              : Character chr(INTEGER arg)
2024-06-24T15:40:47.517+02:00 DEBUG 208601 --- [CommunistDate] [           main] org.hibernate.HQL_FUNCTIONS              : coalesce(arg0[, arg1[, ...]])
2024-06-24T15:40:47.518+02:00 DEBUG 208601 --- [CommunistDate] [           main] org.hibernate.HQL_FUNCTIONS              : String collate(STRING string as COLLATION collation)
2024-06-24T15:40:47.518+02:00 DEBUG 208601 --- [CommunistDate] [           main] org.hibernate.HQL_FUNCTIONS              : (STRING string0[, STRING string1[, ...]])
2024-06-24T15:40:47.518+02:00 DEBUG 208601 --- [CommunistDate] [           main] org.hibernate.HQL_FUNCTIONS              : Double corr(NUMERIC arg0, NUMERIC arg1)
2024-06-24T15:40:47.518+02:00 DEBUG 208601 --- [CommunistDate] [           main] org.hibernate.HQL_FUNCTIONS              : Double cos(NUMERIC arg)
2024-06-24T15:40:47.518+02:00 DEBUG 208601 --- [CommunistDate] [           main] org.hibernate.HQL_FUNCTIONS              : Double cosh(NUMERIC arg)
2024-06-24T15:40:47.518+02:00 DEBUG 208601 --- [CommunistDate] [           main] org.hibernate.HQL_FUNCTIONS              : Double cot(NUMERIC arg)
2024-06-24T15:40:47.519+02:00 DEBUG 208601 --- [CommunistDate] [           main] org.hibernate.HQL_FUNCTIONS              : Long count([distinct ]{arg|*})
2024-06-24T15:40:47.519+02:00 DEBUG 208601 --- [CommunistDate] [           main] org.hibernate.HQL_FUNCTIONS              : Double covar_pop(NUMERIC arg0, NUMERIC arg1)
2024-06-24T15:40:47.520+02:00 DEBUG 208601 --- [CommunistDate] [           main] org.hibernate.HQL_FUNCTIONS              : Double covar_samp(NUMERIC arg0, NUMERIC arg1)
2024-06-24T15:40:47.520+02:00 DEBUG 208601 --- [CommunistDate] [           main] org.hibernate.HQL_FUNCTIONS              : Double cume_dist([arg0[, ...]])
2024-06-24T15:40:47.521+02:00 DEBUG 208601 --- [CommunistDate] [           main] org.hibernate.HQL_FUNCTIONS              : Date current date
2024-06-24T15:40:47.521+02:00 DEBUG 208601 --- [CommunistDate] [           main] org.hibernate.HQL_FUNCTIONS              : Time current time
2024-06-24T15:40:47.521+02:00 DEBUG 208601 --- [CommunistDate] [           main] org.hibernate.HQL_FUNCTIONS              : Timestamp current timestamp
2024-06-24T15:40:47.524+02:00 DEBUG 208601 --- [CommunistDate] [           main] org.hibernate.HQL_FUNCTIONS              : Date current_date
2024-06-24T15:40:47.524+02:00 DEBUG 208601 --- [CommunistDate] [           main] org.hibernate.HQL_FUNCTIONS              : Instant current_instant
2024-06-24T15:40:47.524+02:00 DEBUG 208601 --- [CommunistDate] [           main] org.hibernate.HQL_FUNCTIONS              : Time current_time
2024-06-24T15:40:47.525+02:00 DEBUG 208601 --- [CommunistDate] [           main] org.hibernate.HQL_FUNCTIONS              : Timestamp current_timestamp
2024-06-24T15:40:47.525+02:00 DEBUG 208601 --- [CommunistDate] [           main] org.hibernate.HQL_FUNCTIONS              : date_trunc(STRING field, TEMPORAL datetime)
2024-06-24T15:40:47.525+02:00 DEBUG 208601 --- [CommunistDate] [           main] org.hibernate.HQL_FUNCTIONS              : dateadd(TEMPORAL_UNIT field, INTEGER magnitude, TEMPORAL datetime)
2024-06-24T15:40:47.526+02:00 DEBUG 208601 --- [CommunistDate] [           main] org.hibernate.HQL_FUNCTIONS              : Long|Double datediff(TEMPORAL_UNIT field, TEMPORAL start, TEMPORAL end)
2024-06-24T15:40:47.526+02:00 DEBUG 208601 --- [CommunistDate] [           main] org.hibernate.HQL_FUNCTIONS              : Double degrees(NUMERIC arg)
2024-06-24T15:40:47.527+02:00 DEBUG 208601 --- [CommunistDate] [           main] org.hibernate.HQL_FUNCTIONS              : Long dense_rank([arg0[, ...]])
2024-06-24T15:40:47.527+02:00 DEBUG 208601 --- [CommunistDate] [           main] org.hibernate.HQL_FUNCTIONS              : Boolean every(BOOLEAN predicate)
2024-06-24T15:40:47.527+02:00 DEBUG 208601 --- [CommunistDate] [           main] org.hibernate.HQL_FUNCTIONS              : Double exp(NUMERIC arg)
2024-06-24T15:40:47.527+02:00 DEBUG 208601 --- [CommunistDate] [           main] org.hibernate.HQL_FUNCTIONS              : extract(TEMPORAL_UNIT field from TEMPORAL arg)
2024-06-24T15:40:47.527+02:00 DEBUG 208601 --- [CommunistDate] [           main] org.hibernate.HQL_FUNCTIONS              : first_valueANY value
2024-06-24T15:40:47.527+02:00 DEBUG 208601 --- [CommunistDate] [           main] org.hibernate.HQL_FUNCTIONS              : floor(NUMERIC arg)
2024-06-24T15:40:47.528+02:00 DEBUG 208601 --- [CommunistDate] [           main] org.hibernate.HQL_FUNCTIONS              : String format(TEMPORAL datetime as STRING pattern)
2024-06-24T15:40:47.528+02:00 DEBUG 208601 --- [CommunistDate] [           main] org.hibernate.HQL_FUNCTIONS              : greatest(COMPARABLE arg0, COMPARABLE arg1[, arg2[, ...]])
2024-06-24T15:40:47.528+02:00 DEBUG 208601 --- [CommunistDate] [           main] org.hibernate.HQL_FUNCTIONS              : ifnull(arg0, arg1)
2024-06-24T15:40:47.528+02:00 DEBUG 208601 --- [CommunistDate] [           main] org.hibernate.HQL_FUNCTIONS              : String initcap(arg)
2024-06-24T15:40:47.529+02:00 DEBUG 208601 --- [CommunistDate] [           main] org.hibernate.HQL_FUNCTIONS              : String insert(STRING string, INTEGER start, INTEGER length, STRING replacement)
2024-06-24T15:40:47.529+02:00 DEBUG 208601 --- [CommunistDate] [           main] org.hibernate.HQL_FUNCTIONS              : Instant instant
2024-06-24T15:40:47.529+02:00 DEBUG 208601 --- [CommunistDate] [           main] org.hibernate.HQL_FUNCTIONS              : lagANY value[, INTEGER offset[, ANY default]]
2024-06-24T15:40:47.529+02:00 DEBUG 208601 --- [CommunistDate] [           main] org.hibernate.HQL_FUNCTIONS              : last_valueANY value
2024-06-24T15:40:47.529+02:00 DEBUG 208601 --- [CommunistDate] [           main] org.hibernate.HQL_FUNCTIONS              : leadANY value[, INTEGER offset[, ANY default]]
2024-06-24T15:40:47.530+02:00 DEBUG 208601 --- [CommunistDate] [           main] org.hibernate.HQL_FUNCTIONS              : least(COMPARABLE arg0, COMPARABLE arg1[, arg2[, ...]])
2024-06-24T15:40:47.530+02:00 DEBUG 208601 --- [CommunistDate] [           main] org.hibernate.HQL_FUNCTIONS              : String left(STRING string, INTEGER length)
2024-06-24T15:40:47.530+02:00 DEBUG 208601 --- [CommunistDate] [           main] org.hibernate.HQL_FUNCTIONS              : Integer length(STRING_OR_CLOB arg)
2024-06-24T15:40:47.530+02:00 DEBUG 208601 --- [CommunistDate] [           main] org.hibernate.HQL_FUNCTIONS              : String listagg(STRING arg0, STRING arg1)
2024-06-24T15:40:47.530+02:00 DEBUG 208601 --- [CommunistDate] [           main] org.hibernate.HQL_FUNCTIONS              : Double ln(NUMERIC arg)
2024-06-24T15:40:47.530+02:00 DEBUG 208601 --- [CommunistDate] [           main] org.hibernate.HQL_FUNCTIONS              : LocalDate local date
2024-06-24T15:40:47.530+02:00 DEBUG 208601 --- [CommunistDate] [           main] org.hibernate.HQL_FUNCTIONS              : LocalDateTime local datetime
2024-06-24T15:40:47.530+02:00 DEBUG 208601 --- [CommunistDate] [           main] org.hibernate.HQL_FUNCTIONS              : LocalTime local time
2024-06-24T15:40:47.531+02:00 DEBUG 208601 --- [CommunistDate] [           main] org.hibernate.HQL_FUNCTIONS              : LocalDate local_date
2024-06-24T15:40:47.531+02:00 DEBUG 208601 --- [CommunistDate] [           main] org.hibernate.HQL_FUNCTIONS              : LocalDateTime local_datetime
2024-06-24T15:40:47.531+02:00 DEBUG 208601 --- [CommunistDate] [           main] org.hibernate.HQL_FUNCTIONS              : LocalTime local_time
2024-06-24T15:40:47.531+02:00 DEBUG 208601 --- [CommunistDate] [           main] org.hibernate.HQL_FUNCTIONS              : Time localtime
2024-06-24T15:40:47.531+02:00 DEBUG 208601 --- [CommunistDate] [           main] org.hibernate.HQL_FUNCTIONS              : Timestamp localtimestamp
2024-06-24T15:40:47.531+02:00 DEBUG 208601 --- [CommunistDate] [           main] org.hibernate.HQL_FUNCTIONS              : Integer locate(STRING pattern, STRING string[, INTEGER start])
2024-06-24T15:40:47.532+02:00 DEBUG 208601 --- [CommunistDate] [           main] org.hibernate.HQL_FUNCTIONS              : Double log(NUMERIC arg0[, NUMERIC arg1])
2024-06-24T15:40:47.533+02:00 DEBUG 208601 --- [CommunistDate] [           main] org.hibernate.HQL_FUNCTIONS              : Double log10(NUMERIC arg)
2024-06-24T15:40:47.533+02:00 DEBUG 208601 --- [CommunistDate] [           main] org.hibernate.HQL_FUNCTIONS              : String lower(STRING string)
2024-06-24T15:40:47.534+02:00 DEBUG 208601 --- [CommunistDate] [           main] org.hibernate.HQL_FUNCTIONS              : String lpad(STRING string, INTEGER length[, STRING padding])
2024-06-24T15:40:47.534+02:00 DEBUG 208601 --- [CommunistDate] [           main] org.hibernate.HQL_FUNCTIONS              : String ltrim(STRING string[, STRING characters])
2024-06-24T15:40:47.534+02:00 DEBUG 208601 --- [CommunistDate] [           main] org.hibernate.HQL_FUNCTIONS              : Date make_date(INTEGER arg0, INTEGER arg1, INTEGER arg2)
2024-06-24T15:40:47.535+02:00 DEBUG 208601 --- [CommunistDate] [           main] org.hibernate.HQL_FUNCTIONS              : Time make_time(INTEGER arg0, INTEGER arg1, INTEGER arg2)
2024-06-24T15:40:47.536+02:00 DEBUG 208601 --- [CommunistDate] [           main] org.hibernate.HQL_FUNCTIONS              : Timestamp make_timestamp(INTEGER arg0, INTEGER arg1, INTEGER arg2, INTEGER arg3, INTEGER arg4, INTEGER arg5)
2024-06-24T15:40:47.536+02:00 DEBUG 208601 --- [CommunistDate] [           main] org.hibernate.HQL_FUNCTIONS              : Timestamp make_timestamptz(INTEGER arg0, INTEGER arg1, INTEGER arg2, INTEGER arg3, INTEGER arg4, INTEGER arg5[, INTEGER arg6])
2024-06-24T15:40:47.537+02:00 DEBUG 208601 --- [CommunistDate] [           main] org.hibernate.HQL_FUNCTIONS              : max(COMPARABLE arg)
2024-06-24T15:40:47.537+02:00 DEBUG 208601 --- [CommunistDate] [           main] org.hibernate.HQL_FUNCTIONS              : String md5(arg)
2024-06-24T15:40:47.538+02:00 DEBUG 208601 --- [CommunistDate] [           main] org.hibernate.HQL_FUNCTIONS              : Double median(NUMERIC arg)
2024-06-24T15:40:47.538+02:00 DEBUG 208601 --- [CommunistDate] [           main] org.hibernate.HQL_FUNCTIONS              : min(COMPARABLE arg)
2024-06-24T15:40:47.538+02:00 DEBUG 208601 --- [CommunistDate] [           main] org.hibernate.HQL_FUNCTIONS              : Integer mod(INTEGER arg0, INTEGER arg1)
2024-06-24T15:40:47.539+02:00 DEBUG 208601 --- [CommunistDate] [           main] org.hibernate.HQL_FUNCTIONS              : mode()
2024-06-24T15:40:47.539+02:00 DEBUG 208601 --- [CommunistDate] [           main] org.hibernate.HQL_FUNCTIONS              : nth_valueANY value, INTEGER nth
2024-06-24T15:40:47.539+02:00 DEBUG 208601 --- [CommunistDate] [           main] org.hibernate.HQL_FUNCTIONS              : nullif(arg0, arg1)
2024-06-24T15:40:47.539+02:00 DEBUG 208601 --- [CommunistDate] [           main] org.hibernate.HQL_FUNCTIONS              : Integer octet_length(STRING_OR_CLOB arg)
2024-06-24T15:40:47.539+02:00 DEBUG 208601 --- [CommunistDate] [           main] org.hibernate.HQL_FUNCTIONS              : OffsetDateTime offset datetime
2024-06-24T15:40:47.539+02:00 DEBUG 208601 --- [CommunistDate] [           main] org.hibernate.HQL_FUNCTIONS              : OffsetDateTime offset_datetime
2024-06-24T15:40:47.540+02:00 DEBUG 208601 --- [CommunistDate] [           main] org.hibernate.HQL_FUNCTIONS              : String overlay(string placing replacement from start[ for length])
2024-06-24T15:40:47.541+02:00 DEBUG 208601 --- [CommunistDate] [           main] org.hibernate.HQL_FUNCTIONS              : String pad(STRING string with INTEGER length {leading|trailing}[ STRING character])
2024-06-24T15:40:47.541+02:00 DEBUG 208601 --- [CommunistDate] [           main] org.hibernate.HQL_FUNCTIONS              : Double percent_rank([arg0[, ...]])
2024-06-24T15:40:47.542+02:00 DEBUG 208601 --- [CommunistDate] [           main] org.hibernate.HQL_FUNCTIONS              : percentile_cont(NUMERIC arg)
2024-06-24T15:40:47.542+02:00 DEBUG 208601 --- [CommunistDate] [           main] org.hibernate.HQL_FUNCTIONS              : percentile_disc(NUMERIC arg)
2024-06-24T15:40:47.543+02:00 DEBUG 208601 --- [CommunistDate] [           main] org.hibernate.HQL_FUNCTIONS              : Double pi
2024-06-24T15:40:47.543+02:00 DEBUG 208601 --- [CommunistDate] [           main] org.hibernate.HQL_FUNCTIONS              : Integer position(STRING pattern in STRING string)
2024-06-24T15:40:47.544+02:00 DEBUG 208601 --- [CommunistDate] [           main] org.hibernate.HQL_FUNCTIONS              : Double power(NUMERIC arg0, NUMERIC arg1)
2024-06-24T15:40:47.544+02:00 DEBUG 208601 --- [CommunistDate] [           main] org.hibernate.HQL_FUNCTIONS              : Double radians(NUMERIC arg)
2024-06-24T15:40:47.545+02:00 DEBUG 208601 --- [CommunistDate] [           main] org.hibernate.HQL_FUNCTIONS              : Long rank([arg0[, ...]])
2024-06-24T15:40:47.545+02:00 DEBUG 208601 --- [CommunistDate] [           main] org.hibernate.HQL_FUNCTIONS              : Double regr_avgx(NUMERIC arg0, NUMERIC arg1)
2024-06-24T15:40:47.545+02:00 DEBUG 208601 --- [CommunistDate] [           main] org.hibernate.HQL_FUNCTIONS              : Double regr_avgy(NUMERIC arg0, NUMERIC arg1)
2024-06-24T15:40:47.546+02:00 DEBUG 208601 --- [CommunistDate] [           main] org.hibernate.HQL_FUNCTIONS              : Double regr_count(NUMERIC arg0, NUMERIC arg1)
2024-06-24T15:40:47.546+02:00 DEBUG 208601 --- [CommunistDate] [           main] org.hibernate.HQL_FUNCTIONS              : Double regr_intercept(NUMERIC arg0, NUMERIC arg1)
2024-06-24T15:40:47.547+02:00 DEBUG 208601 --- [CommunistDate] [           main] org.hibernate.HQL_FUNCTIONS              : Double regr_r2(NUMERIC arg0, NUMERIC arg1)
2024-06-24T15:40:47.547+02:00 DEBUG 208601 --- [CommunistDate] [           main] org.hibernate.HQL_FUNCTIONS              : Double regr_slope(NUMERIC arg0, NUMERIC arg1)
2024-06-24T15:40:47.548+02:00 DEBUG 208601 --- [CommunistDate] [           main] org.hibernate.HQL_FUNCTIONS              : Double regr_sxx(NUMERIC arg0, NUMERIC arg1)
2024-06-24T15:40:47.548+02:00 DEBUG 208601 --- [CommunistDate] [           main] org.hibernate.HQL_FUNCTIONS              : Double regr_sxy(NUMERIC arg0, NUMERIC arg1)
2024-06-24T15:40:47.548+02:00 DEBUG 208601 --- [CommunistDate] [           main] org.hibernate.HQL_FUNCTIONS              : Double regr_syy(NUMERIC arg0, NUMERIC arg1)
2024-06-24T15:40:47.549+02:00 DEBUG 208601 --- [CommunistDate] [           main] org.hibernate.HQL_FUNCTIONS              : String repeat(STRING string, INTEGER times)
2024-06-24T15:40:47.549+02:00 DEBUG 208601 --- [CommunistDate] [           main] org.hibernate.HQL_FUNCTIONS              : String replace(STRING string, STRING pattern, STRING replacement)
2024-06-24T15:40:47.549+02:00 DEBUG 208601 --- [CommunistDate] [           main] org.hibernate.HQL_FUNCTIONS              : String right(STRING string, INTEGER length)
2024-06-24T15:40:47.550+02:00 DEBUG 208601 --- [CommunistDate] [           main] org.hibernate.HQL_FUNCTIONS              : round(NUMERIC number[, INTEGER places])
2024-06-24T15:40:47.550+02:00 DEBUG 208601 --- [CommunistDate] [           main] org.hibernate.HQL_FUNCTIONS              : Long row_number()
2024-06-24T15:40:47.550+02:00 DEBUG 208601 --- [CommunistDate] [           main] org.hibernate.HQL_FUNCTIONS              : String rpad(STRING string, INTEGER length[, STRING padding])
2024-06-24T15:40:47.550+02:00 DEBUG 208601 --- [CommunistDate] [           main] org.hibernate.HQL_FUNCTIONS              : String rtrim(STRING string[, STRING characters])
2024-06-24T15:40:47.551+02:00 DEBUG 208601 --- [CommunistDate] [           main] org.hibernate.HQL_FUNCTIONS              : Integer sign(NUMERIC arg)
2024-06-24T15:40:47.552+02:00 DEBUG 208601 --- [CommunistDate] [           main] org.hibernate.HQL_FUNCTIONS              : Double sin(NUMERIC arg)
2024-06-24T15:40:47.554+02:00 DEBUG 208601 --- [CommunistDate] [           main] org.hibernate.HQL_FUNCTIONS              : Double sinh(NUMERIC arg)
2024-06-24T15:40:47.555+02:00 DEBUG 208601 --- [CommunistDate] [           main] org.hibernate.HQL_FUNCTIONS              : String soundex(arg)
2024-06-24T15:40:47.555+02:00 DEBUG 208601 --- [CommunistDate] [           main] org.hibernate.HQL_FUNCTIONS              : Object sql
2024-06-24T15:40:47.556+02:00 DEBUG 208601 --- [CommunistDate] [           main] org.hibernate.HQL_FUNCTIONS              : Double sqrt(NUMERIC arg)
2024-06-24T15:40:47.556+02:00 DEBUG 208601 --- [CommunistDate] [           main] org.hibernate.HQL_FUNCTIONS              : Double stddev(NUMERIC arg)
2024-06-24T15:40:47.557+02:00 DEBUG 208601 --- [CommunistDate] [           main] org.hibernate.HQL_FUNCTIONS              : Double stddev_pop(NUMERIC arg)
2024-06-24T15:40:47.557+02:00 DEBUG 208601 --- [CommunistDate] [           main] org.hibernate.HQL_FUNCTIONS              : Double stddev_samp(NUMERIC arg)
2024-06-24T15:40:47.557+02:00 DEBUG 208601 --- [CommunistDate] [           main] org.hibernate.HQL_FUNCTIONS              : String str(arg)
2024-06-24T15:40:47.557+02:00 DEBUG 208601 --- [CommunistDate] [           main] org.hibernate.HQL_FUNCTIONS              : String substr(STRING string, INTEGER start[, INTEGER length])
2024-06-24T15:40:47.557+02:00 DEBUG 208601 --- [CommunistDate] [           main] org.hibernate.HQL_FUNCTIONS              : String substring(STRING string{ from|,} INTEGER start[{ for|,} INTEGER length])
2024-06-24T15:40:47.557+02:00 DEBUG 208601 --- [CommunistDate] [           main] org.hibernate.HQL_FUNCTIONS              : sum(arg)
2024-06-24T15:40:47.559+02:00 DEBUG 208601 --- [CommunistDate] [           main] org.hibernate.HQL_FUNCTIONS              : Double tan(NUMERIC arg)
2024-06-24T15:40:47.559+02:00 DEBUG 208601 --- [CommunistDate] [           main] org.hibernate.HQL_FUNCTIONS              : Double tanh(NUMERIC arg)
2024-06-24T15:40:47.560+02:00 DEBUG 208601 --- [CommunistDate] [           main] org.hibernate.HQL_FUNCTIONS              : timestampadd(TEMPORAL_UNIT field, INTEGER magnitude, TEMPORAL datetime)
2024-06-24T15:40:47.560+02:00 DEBUG 208601 --- [CommunistDate] [           main] org.hibernate.HQL_FUNCTIONS              : Long|Double timestampdiff(TEMPORAL_UNIT field, TEMPORAL start, TEMPORAL end)
2024-06-24T15:40:47.561+02:00 DEBUG 208601 --- [CommunistDate] [           main] org.hibernate.HQL_FUNCTIONS              : String to_char(ANY arg0[, STRING arg1, STRING arg2])
2024-06-24T15:40:47.562+02:00 DEBUG 208601 --- [CommunistDate] [           main] org.hibernate.HQL_FUNCTIONS              : Date to_date(STRING arg0[, STRING arg1, STRING arg2])
2024-06-24T15:40:47.563+02:00 DEBUG 208601 --- [CommunistDate] [           main] org.hibernate.HQL_FUNCTIONS              : Double to_number(STRING arg0[, STRING arg1, STRING arg2])
2024-06-24T15:40:47.564+02:00 DEBUG 208601 --- [CommunistDate] [           main] org.hibernate.HQL_FUNCTIONS              : Timestamp to_timestamp(STRING arg0[, STRING arg1, STRING arg2])
2024-06-24T15:40:47.564+02:00 DEBUG 208601 --- [CommunistDate] [           main] org.hibernate.HQL_FUNCTIONS              : String translate(STRING arg0, STRING arg1, STRING arg2)
2024-06-24T15:40:47.564+02:00 DEBUG 208601 --- [CommunistDate] [           main] org.hibernate.HQL_FUNCTIONS              : String trim([[{leading|trailing|both} ][STRING arg0 ]from] STRING arg1)
2024-06-24T15:40:47.565+02:00 DEBUG 208601 --- [CommunistDate] [           main] org.hibernate.HQL_FUNCTIONS              : trunc( ... )
2024-06-24T15:40:47.565+02:00 DEBUG 208601 --- [CommunistDate] [           main] org.hibernate.HQL_FUNCTIONS              : truncate( ... )
2024-06-24T15:40:47.565+02:00 DEBUG 208601 --- [CommunistDate] [           main] org.hibernate.HQL_FUNCTIONS              : String upper(STRING string)
2024-06-24T15:40:47.565+02:00 DEBUG 208601 --- [CommunistDate] [           main] org.hibernate.HQL_FUNCTIONS              : Double var_pop(NUMERIC arg)
2024-06-24T15:40:47.565+02:00 DEBUG 208601 --- [CommunistDate] [           main] org.hibernate.HQL_FUNCTIONS              : Double var_samp(NUMERIC arg)
2024-06-24T15:40:47.566+02:00 DEBUG 208601 --- [CommunistDate] [           main] org.hibernate.HQL_FUNCTIONS              : Double variance(NUMERIC arg)
2024-06-24T15:40:47.577+02:00 DEBUG 208601 --- [CommunistDate] [           main] org.hibernate.orm.query.plan.cache       : Starting QueryInterpretationCache(2048)
2024-06-24T15:40:47.777+02:00 DEBUG 208601 --- [CommunistDate] [           main] .h.s.i.SessionFactoryServiceRegistryImpl : EventListenerRegistry access via ServiceRegistry is deprecated.  Use `sessionFactory.getEventEngine().getListenerRegistry()` instead
2024-06-24T15:40:47.779+02:00 DEBUG 208601 --- [CommunistDate] [           main] h.e.i.EntityCopyObserverFactoryInitiator : Configured EntityCopyObserver strategy: disallow
2024-06-24T15:40:47.883+02:00 DEBUG 208601 --- [CommunistDate] [           main] org.hibernate.ormbytecode.interceptor    : To-one property `com.example.CommunistDate.Chat.Chat#receiver` was mapped with LAZY + NO_PROXY but the class was not enhanced
2024-06-24T15:40:47.884+02:00 DEBUG 208601 --- [CommunistDate] [           main] org.hibernate.ormbytecode.interceptor    : To-one property `com.example.CommunistDate.Chat.Chat#receiver` was mapped with LAZY + NO_PROXY but the class was not enhanced
2024-06-24T15:40:47.884+02:00 DEBUG 208601 --- [CommunistDate] [           main] org.hibernate.ormbytecode.interceptor    : To-one property `com.example.CommunistDate.Chat.Chat#sender` was mapped with LAZY + NO_PROXY but the class was not enhanced
2024-06-24T15:40:47.884+02:00 DEBUG 208601 --- [CommunistDate] [           main] org.hibernate.ormbytecode.interceptor    : To-one property `com.example.CommunistDate.Chat.Chat#sender` was mapped with LAZY + NO_PROXY but the class was not enhanced
2024-06-24T15:40:47.884+02:00 DEBUG 208601 --- [CommunistDate] [           main] o.h.boot.internal.ClassLoaderAccessImpl  : Not known whether passed class name [com.example.CommunistDate.Chat.Chat] is safe
2024-06-24T15:40:47.884+02:00 DEBUG 208601 --- [CommunistDate] [           main] o.h.boot.internal.ClassLoaderAccessImpl  : No temp ClassLoader provided; using live ClassLoader for loading potentially unsafe class : com.example.CommunistDate.Chat.Chat
2024-06-24T15:40:48.290+02:00 DEBUG 208601 --- [CommunistDate] [           main] org.hibernate.ormbytecode.interceptor    : To-one property `com.example.CommunistDate.Chat.Chat#receiver` was mapped with LAZY + NO_PROXY but the class was not enhanced
2024-06-24T15:40:48.290+02:00 DEBUG 208601 --- [CommunistDate] [           main] org.hibernate.ormbytecode.interceptor    : To-one property `com.example.CommunistDate.Chat.Chat#sender` was mapped with LAZY + NO_PROXY but the class was not enhanced
2024-06-24T15:40:48.338+02:00 DEBUG 208601 --- [CommunistDate] [           main] o.h.boot.internal.ClassLoaderAccessImpl  : Not known whether passed class name [com.example.CommunistDate.Users.User] is safe
2024-06-24T15:40:48.339+02:00 DEBUG 208601 --- [CommunistDate] [           main] o.h.boot.internal.ClassLoaderAccessImpl  : No temp ClassLoader provided; using live ClassLoader for loading potentially unsafe class : com.example.CommunistDate.Users.User
2024-06-24T15:40:48.417+02:00 DEBUG 208601 --- [CommunistDate] [           main] o.h.b.i.bytebuddy.BytecodeProviderImpl   : HHH000513: Unable to create the ReflectionOptimizer for [com.example.CommunistDate.Users.User]: private accessor [age]
2024-06-24T15:40:48.448+02:00 DEBUG 208601 --- [CommunistDate] [           main] o.hibernate.orm.model.mapping.creation   : Starting post-init callbacks
2024-06-24T15:40:48.448+02:00 DEBUG 208601 --- [CommunistDate] [           main] o.hibernate.orm.model.mapping.creation   : Starting PostInitCallbackEntry : To-one key - NavigableRole[com.example.CommunistDate.Chat.Chat.receiver]
2024-06-24T15:40:48.453+02:00 DEBUG 208601 --- [CommunistDate] [           main] o.hibernate.orm.model.mapping.creation   : Starting PostInitCallbackEntry : To-one key - NavigableRole[com.example.CommunistDate.Chat.Chat.sender]
2024-06-24T15:40:48.453+02:00 DEBUG 208601 --- [CommunistDate] [           main] o.hibernate.orm.model.mapping.creation   : Starting PostInitCallbackEntry : Entity(com.example.CommunistDate.Chat.Chat) `staticFetchableList` generator
2024-06-24T15:40:48.454+02:00 DEBUG 208601 --- [CommunistDate] [           main] o.hibernate.orm.model.mapping.creation   : Starting PostInitCallbackEntry : Entity(com.example.CommunistDate.Users.User) `staticFetchableList` generator
2024-06-24T15:40:48.587+02:00 DEBUG 208601 --- [CommunistDate] [           main] org.hibernate.orm.sql.ast.create         : Created new SQL alias : c1_0
2024-06-24T15:40:48.590+02:00 DEBUG 208601 --- [CommunistDate] [           main] org.hibernate.orm.sql.ast.create         : Registration of TableGroup [StandardTableGroup(com.example.CommunistDate.Chat.Chat)] with identifierForTableGroup [com.example.CommunistDate.Chat.Chat] for NavigablePath [com.example.CommunistDate.Chat.Chat] 
2024-06-24T15:40:48.608+02:00 DEBUG 208601 --- [CommunistDate] [           main] org.hibernate.orm.sql.ast.create         : Registration of TableGroup [org.hibernate.sql.ast.tree.from.LazyTableGroup@96c840a] with identifierForTableGroup [com.example.CommunistDate.Chat.Chat.receiver] for NavigablePath [com.example.CommunistDate.Chat.Chat.receiver] 
2024-06-24T15:40:48.611+02:00 DEBUG 208601 --- [CommunistDate] [           main] org.hibernate.orm.sql.ast.create         : Created new SQL alias : r1_0
2024-06-24T15:40:48.616+02:00 DEBUG 208601 --- [CommunistDate] [           main] org.hibernate.orm.sql.ast.create         : Registration of TableGroup [org.hibernate.sql.ast.tree.from.LazyTableGroup@7c680fe1] with identifierForTableGroup [com.example.CommunistDate.Chat.Chat.sender] for NavigablePath [com.example.CommunistDate.Chat.Chat.sender] 
2024-06-24T15:40:48.616+02:00 DEBUG 208601 --- [CommunistDate] [           main] org.hibernate.orm.sql.ast.create         : Created new SQL alias : s1_0
2024-06-24T15:40:48.625+02:00 DEBUG 208601 --- [CommunistDate] [           main] org.hibernate.orm.results.graph.AST      : DomainResult Graph:
 \-EntityResultImpl [com.example.CommunistDate.Chat.Chat]
 |  +-BasicFetch [com.example.CommunistDate.Chat.Chat.content]
 |  +-BasicFetch [com.example.CommunistDate.Chat.Chat.createdAt]
 |  +-EntityFetchJoinedImpl [com.example.CommunistDate.Chat.Chat.receiver]
 |  \-EntityFetchJoinedImpl [com.example.CommunistDate.Chat.Chat.sender]

2024-06-24T15:40:48.628+02:00 DEBUG 208601 --- [CommunistDate] [           main] org.hibernate.orm.sql.ast.tree           : SQL AST Tree:
    SelectStatement {
      FromClause {
        StandardTableGroup (c1 : com.example.CommunistDate.Chat.Chat) {
          primaryTableReference : chat as c1_0
          TableGroupJoins {
             join LazyTableGroup (r1 : com.example.CommunistDate.Chat.Chat.receiver) {
              primaryTableReference : users as r1_0
            }
             join LazyTableGroup (s1 : com.example.CommunistDate.Chat.Chat.sender) {
              primaryTableReference : users as s1_0
            }
          }
        }
      }
    }

2024-06-24T15:40:48.639+02:00 DEBUG 208601 --- [CommunistDate] [           main] o.h.p.entity.AbstractEntityPersister     : Static SQL for entity: com.example.CommunistDate.Chat.Chat
2024-06-24T15:40:48.639+02:00 DEBUG 208601 --- [CommunistDate] [           main] o.h.p.entity.AbstractEntityPersister     :  Version select: select id from chat where id=?
2024-06-24T15:40:48.639+02:00 DEBUG 208601 --- [CommunistDate] [           main] o.h.p.entity.AbstractEntityPersister     :  Insert (0): insert into chat (content,timestamp,receiver_id,sender_id) values (?,?,?,?) returning id
2024-06-24T15:40:48.639+02:00 DEBUG 208601 --- [CommunistDate] [           main] o.h.p.entity.AbstractEntityPersister     :  Update (0): update chat set content=?,timestamp=?,receiver_id=?,sender_id=? where id=?
2024-06-24T15:40:48.639+02:00 DEBUG 208601 --- [CommunistDate] [           main] o.h.p.entity.AbstractEntityPersister     :  Delete (0): delete from chat where id=?
2024-06-24T15:40:48.639+02:00 DEBUG 208601 --- [CommunistDate] [           main] org.hibernate.orm.sql.ast.create         : Created new SQL alias : u1_0
2024-06-24T15:40:48.640+02:00 DEBUG 208601 --- [CommunistDate] [           main] org.hibernate.orm.sql.ast.create         : Registration of TableGroup [StandardTableGroup(com.example.CommunistDate.Users.User)] with identifierForTableGroup [com.example.CommunistDate.Users.User] for NavigablePath [com.example.CommunistDate.Users.User] 
2024-06-24T15:40:48.640+02:00 DEBUG 208601 --- [CommunistDate] [           main] org.hibernate.orm.results.graph.AST      : DomainResult Graph:
 \-EntityResultImpl [com.example.CommunistDate.Users.User]
 |  +-BasicFetch [com.example.CommunistDate.Users.User.age]
 |  +-BasicFetch [com.example.CommunistDate.Users.User.biography]
 |  +-BasicFetch [com.example.CommunistDate.Users.User.city]
 |  +-BasicFetch [com.example.CommunistDate.Users.User.communismLevel]
 |  +-BasicFetch [com.example.CommunistDate.Users.User.communismRelationship]
 |  +-BasicFetch [com.example.CommunistDate.Users.User.countryOfResidence]
 |  +-BasicFetch [com.example.CommunistDate.Users.User.email]
 |  +-BasicFetch [com.example.CommunistDate.Users.User.fourthLanguage]
 |  +-BasicFetch [com.example.CommunistDate.Users.User.gender]
 |  +-BasicFetch [com.example.CommunistDate.Users.User.isAdmin]
 |  +-BasicFetch [com.example.CommunistDate.Users.User.language]
 |  +-BasicFetch [com.example.CommunistDate.Users.User.nationality]
 |  +-BasicFetch [com.example.CommunistDate.Users.User.partnerShare]
 |  +-BasicFetch [com.example.CommunistDate.Users.User.password]
 |  +-BasicFetch [com.example.CommunistDate.Users.User.politicalBelief]
 |  +-BasicFetch [com.example.CommunistDate.Users.User.profilePicture]
 |  +-BasicFetch [com.example.CommunistDate.Users.User.secondLanguage]
 |  +-BasicFetch [com.example.CommunistDate.Users.User.sexualOrientation]
 |  +-BasicFetch [com.example.CommunistDate.Users.User.thirdLanguage]
 |  \-BasicFetch [com.example.CommunistDate.Users.User.username]

2024-06-24T15:40:48.641+02:00 DEBUG 208601 --- [CommunistDate] [           main] org.hibernate.orm.sql.ast.tree           : SQL AST Tree:
    SelectStatement {
      FromClause {
        StandardTableGroup (u1 : com.example.CommunistDate.Users.User) {
          primaryTableReference : users as u1_0
        }
      }
    }

2024-06-24T15:40:48.641+02:00 DEBUG 208601 --- [CommunistDate] [           main] o.h.p.entity.AbstractEntityPersister     : Static SQL for entity: com.example.CommunistDate.Users.User
2024-06-24T15:40:48.641+02:00 DEBUG 208601 --- [CommunistDate] [           main] o.h.p.entity.AbstractEntityPersister     :  Version select: select id from users where id=?
2024-06-24T15:40:48.641+02:00 DEBUG 208601 --- [CommunistDate] [           main] o.h.p.entity.AbstractEntityPersister     :  Insert (0): insert into users (age,biography,city,communism_level,communism_relationship,country_of_residence,email,fourth_language,gender,isadmin,language,nationality,partner_share,password,political_belief,profile_picture,second_language,sexual_orientation,third_language,username) values (?,?,?,?,?,?,?,?,?,?,?,?,?,?,?,?,?,?,?,?) returning id
2024-06-24T15:40:48.641+02:00 DEBUG 208601 --- [CommunistDate] [           main] o.h.p.entity.AbstractEntityPersister     :  Update (0): update users set age=?,biography=?,city=?,communism_level=?,communism_relationship=?,country_of_residence=?,email=?,fourth_language=?,gender=?,isadmin=?,language=?,nationality=?,partner_share=?,password=?,political_belief=?,profile_picture=?,second_language=?,sexual_orientation=?,third_language=?,username=? where id=?
2024-06-24T15:40:48.641+02:00 DEBUG 208601 --- [CommunistDate] [           main] o.h.p.entity.AbstractEntityPersister     :  Delete (0): delete from users where id=?
2024-06-24T15:40:48.672+02:00  INFO 208601 --- [CommunistDate] [           main] o.h.e.t.j.p.i.JtaPlatformInitiator       : HHH000489: No JTA platform available (set 'hibernate.transaction.jta.platform' to enable JTA platform integration)
2024-06-24T15:40:48.673+02:00 DEBUG 208601 --- [CommunistDate] [           main] o.h.type.spi.TypeConfiguration$Scope     : Scoping TypeConfiguration [org.hibernate.type.spi.TypeConfiguration@3a54638b] to SessionFactoryImplementor [org.hibernate.internal.SessionFactoryImpl@613a608e]
2024-06-24T15:40:48.675+02:00 DEBUG 208601 --- [CommunistDate] [           main] o.h.query.named.NamedObjectRepository    : Checking 0 named HQL queries
2024-06-24T15:40:48.675+02:00 DEBUG 208601 --- [CommunistDate] [           main] o.h.query.named.NamedObjectRepository    : Checking 0 named SQL queries
2024-06-24T15:40:48.675+02:00 DEBUG 208601 --- [CommunistDate] [           main] .h.t.s.s.SchemaManagementToolCoordinator : No schema actions specified for contributor `orm`; doing nothing
2024-06-24T15:40:48.676+02:00 DEBUG 208601 --- [CommunistDate] [           main] .h.t.s.s.SchemaManagementToolCoordinator : No actions found; doing nothing
2024-06-24T15:40:48.677+02:00 DEBUG 208601 --- [CommunistDate] [           main] o.h.internal.SessionFactoryRegistry      : Initializing SessionFactoryRegistry : org.hibernate.internal.SessionFactoryRegistry@53f94afe
2024-06-24T15:40:48.677+02:00 DEBUG 208601 --- [CommunistDate] [           main] o.h.internal.SessionFactoryRegistry      : Registering SessionFactory: a10d0297-cfd6-4d0f-90d2-6c2a04d443eb (<unnamed>)
2024-06-24T15:40:48.677+02:00 DEBUG 208601 --- [CommunistDate] [           main] o.h.internal.SessionFactoryRegistry      : Not binding SessionFactory to JNDI, no JNDI name configured
2024-06-24T15:40:48.677+02:00 DEBUG 208601 --- [CommunistDate] [           main] o.hibernate.internal.SessionFactoryImpl  : Instantiated SessionFactory
2024-06-24T15:40:48.677+02:00  INFO 208601 --- [CommunistDate] [           main] j.LocalContainerEntityManagerFactoryBean : Initialized JPA EntityManagerFactory for persistence unit 'default'
2024-06-24T15:40:48.843+02:00 DEBUG 208601 --- [CommunistDate] [           main] o.h.stat.internal.StatisticsInitiator    : Statistics initialized [enabled=false]
2024-06-24T15:40:49.087+02:00 DEBUG 208601 --- [CommunistDate] [           main] cResourceLocalTransactionCoordinatorImpl : JDBC transaction marked for rollback-only (exception provided for stack trace)

java.lang.Exception: exception just for purpose of providing stack trace
	at org.hibernate.resource.transaction.backend.jdbc.internal.JdbcResourceLocalTransactionCoordinatorImpl$TransactionDriverControlImpl.markRollbackOnly(JdbcResourceLocalTransactionCoordinatorImpl.java:309) ~[hibernate-core-6.5.2.Final.jar:6.5.2.Final]
	at org.hibernate.internal.AbstractSharedSessionContract.buildNamedQuery(AbstractSharedSessionContract.java:1109) ~[hibernate-core-6.5.2.Final.jar:6.5.2.Final]
	at org.hibernate.internal.AbstractSharedSessionContract.createNamedQuery(AbstractSharedSessionContract.java:987) ~[hibernate-core-6.5.2.Final.jar:6.5.2.Final]
	at org.hibernate.internal.AbstractSharedSessionContract.createNamedQuery(AbstractSharedSessionContract.java:140) ~[hibernate-core-6.5.2.Final.jar:6.5.2.Final]
	at java.base/jdk.internal.reflect.DirectMethodHandleAccessor.invoke(DirectMethodHandleAccessor.java:103) ~[na:na]
	at java.base/java.lang.reflect.Method.invoke(Method.java:580) ~[na:na]
	at org.springframework.orm.jpa.ExtendedEntityManagerCreator$ExtendedEntityManagerInvocationHandler.invoke(ExtendedEntityManagerCreator.java:364) ~[spring-orm-6.1.8.jar:6.1.8]
	at jdk.proxy2/jdk.proxy2.$Proxy133.createNamedQuery(Unknown Source) ~[na:na]
	at org.springframework.data.jpa.repository.query.NamedQuery.hasNamedQuery(NamedQuery.java:112) ~[spring-data-jpa-3.3.0.jar:3.3.0]
	at org.springframework.data.jpa.repository.query.NamedQuery.lookupFrom(NamedQuery.java:138) ~[spring-data-jpa-3.3.0.jar:3.3.0]
	at org.springframework.data.jpa.repository.query.JpaQueryLookupStrategy$DeclaredQueryLookupStrategy.resolveQuery(JpaQueryLookupStrategy.java:180) ~[spring-data-jpa-3.3.0.jar:3.3.0]
	at org.springframework.data.jpa.repository.query.JpaQueryLookupStrategy$CreateIfNotFoundQueryLookupStrategy.resolveQuery(JpaQueryLookupStrategy.java:252) ~[spring-data-jpa-3.3.0.jar:3.3.0]
	at org.springframework.data.jpa.repository.query.JpaQueryLookupStrategy$AbstractQueryLookupStrategy.resolveQuery(JpaQueryLookupStrategy.java:95) ~[spring-data-jpa-3.3.0.jar:3.3.0]
	at org.springframework.data.repository.core.support.QueryExecutorMethodInterceptor.lookupQuery(QueryExecutorMethodInterceptor.java:111) ~[spring-data-commons-3.3.0.jar:3.3.0]
	at org.springframework.data.repository.core.support.QueryExecutorMethodInterceptor.mapMethodsToQuery(QueryExecutorMethodInterceptor.java:99) ~[spring-data-commons-3.3.0.jar:3.3.0]
	at org.springframework.data.repository.core.support.QueryExecutorMethodInterceptor.lambda$new$0(QueryExecutorMethodInterceptor.java:88) ~[spring-data-commons-3.3.0.jar:3.3.0]
	at java.base/java.util.Optional.map(Optional.java:260) ~[na:na]
	at org.springframework.data.repository.core.support.QueryExecutorMethodInterceptor.<init>(QueryExecutorMethodInterceptor.java:88) ~[spring-data-commons-3.3.0.jar:3.3.0]
	at org.springframework.data.repository.core.support.RepositoryFactorySupport.getRepository(RepositoryFactorySupport.java:357) ~[spring-data-commons-3.3.0.jar:3.3.0]
	at org.springframework.data.repository.core.support.RepositoryFactoryBeanSupport.lambda$afterPropertiesSet$5(RepositoryFactoryBeanSupport.java:286) ~[spring-data-commons-3.3.0.jar:3.3.0]
	at org.springframework.data.util.Lazy.getNullable(Lazy.java:135) ~[spring-data-commons-3.3.0.jar:3.3.0]
	at org.springframework.data.util.Lazy.get(Lazy.java:113) ~[spring-data-commons-3.3.0.jar:3.3.0]
	at org.springframework.data.repository.core.support.RepositoryFactoryBeanSupport.afterPropertiesSet(RepositoryFactoryBeanSupport.java:292) ~[spring-data-commons-3.3.0.jar:3.3.0]
	at org.springframework.data.jpa.repository.support.JpaRepositoryFactoryBean.afterPropertiesSet(JpaRepositoryFactoryBean.java:132) ~[spring-data-jpa-3.3.0.jar:3.3.0]
	at org.springframework.beans.factory.support.AbstractAutowireCapableBeanFactory.invokeInitMethods(AbstractAutowireCapableBeanFactory.java:1835) ~[spring-beans-6.1.8.jar:6.1.8]
	at org.springframework.beans.factory.support.AbstractAutowireCapableBeanFactory.initializeBean(AbstractAutowireCapableBeanFactory.java:1784) ~[spring-beans-6.1.8.jar:6.1.8]
	at org.springframework.beans.factory.support.AbstractAutowireCapableBeanFactory.doCreateBean(AbstractAutowireCapableBeanFactory.java:600) ~[spring-beans-6.1.8.jar:6.1.8]
	at org.springframework.beans.factory.support.AbstractAutowireCapableBeanFactory.createBean(AbstractAutowireCapableBeanFactory.java:522) ~[spring-beans-6.1.8.jar:6.1.8]
	at org.springframework.beans.factory.support.AbstractBeanFactory.lambda$doGetBean$0(AbstractBeanFactory.java:337) ~[spring-beans-6.1.8.jar:6.1.8]
	at org.springframework.beans.factory.support.DefaultSingletonBeanRegistry.getSingleton(DefaultSingletonBeanRegistry.java:234) ~[spring-beans-6.1.8.jar:6.1.8]
	at org.springframework.beans.factory.support.AbstractBeanFactory.doGetBean(AbstractBeanFactory.java:335) ~[spring-beans-6.1.8.jar:6.1.8]
	at org.springframework.beans.factory.support.AbstractBeanFactory.getBean(AbstractBeanFactory.java:200) ~[spring-beans-6.1.8.jar:6.1.8]
	at org.springframework.beans.factory.config.DependencyDescriptor.resolveCandidate(DependencyDescriptor.java:254) ~[spring-beans-6.1.8.jar:6.1.8]
	at org.springframework.beans.factory.support.DefaultListableBeanFactory.doResolveDependency(DefaultListableBeanFactory.java:1443) ~[spring-beans-6.1.8.jar:6.1.8]
	at org.springframework.beans.factory.support.DefaultListableBeanFactory.resolveDependency(DefaultListableBeanFactory.java:1353) ~[spring-beans-6.1.8.jar:6.1.8]
	at org.springframework.beans.factory.support.ConstructorResolver.resolveAutowiredArgument(ConstructorResolver.java:904) ~[spring-beans-6.1.8.jar:6.1.8]
	at org.springframework.beans.factory.support.ConstructorResolver.createArgumentArray(ConstructorResolver.java:782) ~[spring-beans-6.1.8.jar:6.1.8]
	at org.springframework.beans.factory.support.ConstructorResolver.autowireConstructor(ConstructorResolver.java:237) ~[spring-beans-6.1.8.jar:6.1.8]
	at org.springframework.beans.factory.support.AbstractAutowireCapableBeanFactory.autowireConstructor(AbstractAutowireCapableBeanFactory.java:1357) ~[spring-beans-6.1.8.jar:6.1.8]
	at org.springframework.beans.factory.support.AbstractAutowireCapableBeanFactory.createBeanInstance(AbstractAutowireCapableBeanFactory.java:1194) ~[spring-beans-6.1.8.jar:6.1.8]
	at org.springframework.beans.factory.support.AbstractAutowireCapableBeanFactory.doCreateBean(AbstractAutowireCapableBeanFactory.java:562) ~[spring-beans-6.1.8.jar:6.1.8]
	at org.springframework.beans.factory.support.AbstractAutowireCapableBeanFactory.createBean(AbstractAutowireCapableBeanFactory.java:522) ~[spring-beans-6.1.8.jar:6.1.8]
	at org.springframework.beans.factory.support.AbstractBeanFactory.lambda$doGetBean$0(AbstractBeanFactory.java:337) ~[spring-beans-6.1.8.jar:6.1.8]
	at org.springframework.beans.factory.support.DefaultSingletonBeanRegistry.getSingleton(DefaultSingletonBeanRegistry.java:234) ~[spring-beans-6.1.8.jar:6.1.8]
	at org.springframework.beans.factory.support.AbstractBeanFactory.doGetBean(AbstractBeanFactory.java:335) ~[spring-beans-6.1.8.jar:6.1.8]
	at org.springframework.beans.factory.support.AbstractBeanFactory.getBean(AbstractBeanFactory.java:200) ~[spring-beans-6.1.8.jar:6.1.8]
	at org.springframework.beans.factory.config.DependencyDescriptor.resolveCandidate(DependencyDescriptor.java:254) ~[spring-beans-6.1.8.jar:6.1.8]
	at org.springframework.beans.factory.support.DefaultListableBeanFactory.doResolveDependency(DefaultListableBeanFactory.java:1443) ~[spring-beans-6.1.8.jar:6.1.8]
	at org.springframework.beans.factory.support.DefaultListableBeanFactory.resolveDependency(DefaultListableBeanFactory.java:1353) ~[spring-beans-6.1.8.jar:6.1.8]
	at org.springframework.beans.factory.support.ConstructorResolver.resolveAutowiredArgument(ConstructorResolver.java:904) ~[spring-beans-6.1.8.jar:6.1.8]
	at org.springframework.beans.factory.support.ConstructorResolver.createArgumentArray(ConstructorResolver.java:782) ~[spring-beans-6.1.8.jar:6.1.8]
	at org.springframework.beans.factory.support.ConstructorResolver.autowireConstructor(ConstructorResolver.java:237) ~[spring-beans-6.1.8.jar:6.1.8]
	at org.springframework.beans.factory.support.AbstractAutowireCapableBeanFactory.autowireConstructor(AbstractAutowireCapableBeanFactory.java:1357) ~[spring-beans-6.1.8.jar:6.1.8]
	at org.springframework.beans.factory.support.AbstractAutowireCapableBeanFactory.createBeanInstance(AbstractAutowireCapableBeanFactory.java:1194) ~[spring-beans-6.1.8.jar:6.1.8]
	at org.springframework.beans.factory.support.AbstractAutowireCapableBeanFactory.doCreateBean(AbstractAutowireCapableBeanFactory.java:562) ~[spring-beans-6.1.8.jar:6.1.8]
	at org.springframework.beans.factory.support.AbstractAutowireCapableBeanFactory.createBean(AbstractAutowireCapableBeanFactory.java:522) ~[spring-beans-6.1.8.jar:6.1.8]
	at org.springframework.beans.factory.support.AbstractBeanFactory.lambda$doGetBean$0(AbstractBeanFactory.java:337) ~[spring-beans-6.1.8.jar:6.1.8]
	at org.springframework.beans.factory.support.DefaultSingletonBeanRegistry.getSingleton(DefaultSingletonBeanRegistry.java:234) ~[spring-beans-6.1.8.jar:6.1.8]
	at org.springframework.beans.factory.support.AbstractBeanFactory.doGetBean(AbstractBeanFactory.java:335) ~[spring-beans-6.1.8.jar:6.1.8]
	at org.springframework.beans.factory.support.AbstractBeanFactory.getBean(AbstractBeanFactory.java:200) ~[spring-beans-6.1.8.jar:6.1.8]
	at org.springframework.beans.factory.support.DefaultListableBeanFactory.preInstantiateSingletons(DefaultListableBeanFactory.java:975) ~[spring-beans-6.1.8.jar:6.1.8]
	at org.springframework.context.support.AbstractApplicationContext.finishBeanFactoryInitialization(AbstractApplicationContext.java:962) ~[spring-context-6.1.8.jar:6.1.8]
	at org.springframework.context.support.AbstractApplicationContext.refresh(AbstractApplicationContext.java:624) ~[spring-context-6.1.8.jar:6.1.8]
	at org.springframework.boot.SpringApplication.refresh(SpringApplication.java:754) ~[spring-boot-3.3.0.jar:3.3.0]
	at org.springframework.boot.SpringApplication.refreshContext(SpringApplication.java:456) ~[spring-boot-3.3.0.jar:3.3.0]
	at org.springframework.boot.SpringApplication.run(SpringApplication.java:335) ~[spring-boot-3.3.0.jar:3.3.0]
	at org.springframework.boot.test.context.SpringBootContextLoader.lambda$loadContext$3(SpringBootContextLoader.java:137) ~[spring-boot-test-3.3.0.jar:3.3.0]
	at org.springframework.util.function.ThrowingSupplier.get(ThrowingSupplier.java:58) ~[spring-core-6.1.8.jar:6.1.8]
	at org.springframework.util.function.ThrowingSupplier.get(ThrowingSupplier.java:46) ~[spring-core-6.1.8.jar:6.1.8]
	at org.springframework.boot.SpringApplication.withHook(SpringApplication.java:1463) ~[spring-boot-3.3.0.jar:3.3.0]
	at org.springframework.boot.test.context.SpringBootContextLoader$ContextLoaderHook.run(SpringBootContextLoader.java:553) ~[spring-boot-test-3.3.0.jar:3.3.0]
	at org.springframework.boot.test.context.SpringBootContextLoader.loadContext(SpringBootContextLoader.java:137) ~[spring-boot-test-3.3.0.jar:3.3.0]
	at org.springframework.boot.test.context.SpringBootContextLoader.loadContext(SpringBootContextLoader.java:108) ~[spring-boot-test-3.3.0.jar:3.3.0]
	at org.springframework.test.context.cache.DefaultCacheAwareContextLoaderDelegate.loadContextInternal(DefaultCacheAwareContextLoaderDelegate.java:225) ~[spring-test-6.1.8.jar:6.1.8]
	at org.springframework.test.context.cache.DefaultCacheAwareContextLoaderDelegate.loadContext(DefaultCacheAwareContextLoaderDelegate.java:152) ~[spring-test-6.1.8.jar:6.1.8]
	at org.springframework.test.context.support.DefaultTestContext.getApplicationContext(DefaultTestContext.java:130) ~[spring-test-6.1.8.jar:6.1.8]
	at org.springframework.test.context.web.ServletTestExecutionListener.setUpRequestContextIfNecessary(ServletTestExecutionListener.java:191) ~[spring-test-6.1.8.jar:6.1.8]
	at org.springframework.test.context.web.ServletTestExecutionListener.prepareTestInstance(ServletTestExecutionListener.java:130) ~[spring-test-6.1.8.jar:6.1.8]
	at org.springframework.test.context.TestContextManager.prepareTestInstance(TestContextManager.java:260) ~[spring-test-6.1.8.jar:6.1.8]
	at org.springframework.test.context.junit.jupiter.SpringExtension.postProcessTestInstance(SpringExtension.java:163) ~[spring-test-6.1.8.jar:6.1.8]
	at org.junit.jupiter.engine.descriptor.ClassBasedTestDescriptor.lambda$invokeTestInstancePostProcessors$10(ClassBasedTestDescriptor.java:378) ~[junit-jupiter-engine-5.10.2.jar:5.10.2]
	at org.junit.jupiter.engine.descriptor.ClassBasedTestDescriptor.executeAndMaskThrowable(ClassBasedTestDescriptor.java:383) ~[junit-jupiter-engine-5.10.2.jar:5.10.2]
	at org.junit.jupiter.engine.descriptor.ClassBasedTestDescriptor.lambda$invokeTestInstancePostProcessors$11(ClassBasedTestDescriptor.java:378) ~[junit-jupiter-engine-5.10.2.jar:5.10.2]
	at java.base/java.util.stream.ReferencePipeline$3$1.accept(ReferencePipeline.java:197) ~[na:na]
	at java.base/java.util.stream.ReferencePipeline$2$1.accept(ReferencePipeline.java:179) ~[na:na]
	at java.base/java.util.ArrayList$ArrayListSpliterator.forEachRemaining(ArrayList.java:1708) ~[na:na]
	at java.base/java.util.stream.AbstractPipeline.copyInto(AbstractPipeline.java:509) ~[na:na]
	at java.base/java.util.stream.AbstractPipeline.wrapAndCopyInto(AbstractPipeline.java:499) ~[na:na]
	at java.base/java.util.stream.StreamSpliterators$WrappingSpliterator.forEachRemaining(StreamSpliterators.java:310) ~[na:na]
	at java.base/java.util.stream.Streams$ConcatSpliterator.forEachRemaining(Streams.java:735) ~[na:na]
	at java.base/java.util.stream.Streams$ConcatSpliterator.forEachRemaining(Streams.java:734) ~[na:na]
	at java.base/java.util.stream.ReferencePipeline$Head.forEach(ReferencePipeline.java:762) ~[na:na]
	at org.junit.jupiter.engine.descriptor.ClassBasedTestDescriptor.invokeTestInstancePostProcessors(ClassBasedTestDescriptor.java:377) ~[junit-jupiter-engine-5.10.2.jar:5.10.2]
	at org.junit.jupiter.engine.descriptor.ClassBasedTestDescriptor.lambda$instantiateAndPostProcessTestInstance$6(ClassBasedTestDescriptor.java:290) ~[junit-jupiter-engine-5.10.2.jar:5.10.2]
	at org.junit.platform.engine.support.hierarchical.ThrowableCollector.execute(ThrowableCollector.java:73) ~[junit-platform-engine-1.10.2.jar:1.10.2]
	at org.junit.jupiter.engine.descriptor.ClassBasedTestDescriptor.instantiateAndPostProcessTestInstance(ClassBasedTestDescriptor.java:289) ~[junit-jupiter-engine-5.10.2.jar:5.10.2]
	at org.junit.jupiter.engine.descriptor.ClassBasedTestDescriptor.lambda$testInstancesProvider$4(ClassBasedTestDescriptor.java:279) ~[junit-jupiter-engine-5.10.2.jar:5.10.2]
	at java.base/java.util.Optional.orElseGet(Optional.java:364) ~[na:na]
	at org.junit.jupiter.engine.descriptor.ClassBasedTestDescriptor.lambda$testInstancesProvider$5(ClassBasedTestDescriptor.java:278) ~[junit-jupiter-engine-5.10.2.jar:5.10.2]
	at org.junit.jupiter.engine.execution.TestInstancesProvider.getTestInstances(TestInstancesProvider.java:31) ~[junit-jupiter-engine-5.10.2.jar:5.10.2]
	at org.junit.jupiter.engine.descriptor.TestMethodTestDescriptor.lambda$prepare$0(TestMethodTestDescriptor.java:106) ~[junit-jupiter-engine-5.10.2.jar:5.10.2]
	at org.junit.platform.engine.support.hierarchical.ThrowableCollector.execute(ThrowableCollector.java:73) ~[junit-platform-engine-1.10.2.jar:1.10.2]
	at org.junit.jupiter.engine.descriptor.TestMethodTestDescriptor.prepare(TestMethodTestDescriptor.java:105) ~[junit-jupiter-engine-5.10.2.jar:5.10.2]
	at org.junit.jupiter.engine.descriptor.TestMethodTestDescriptor.prepare(TestMethodTestDescriptor.java:69) ~[junit-jupiter-engine-5.10.2.jar:5.10.2]
	at org.junit.platform.engine.support.hierarchical.NodeTestTask.lambda$prepare$2(NodeTestTask.java:123) ~[junit-platform-engine-1.10.2.jar:1.10.2]
	at org.junit.platform.engine.support.hierarchical.ThrowableCollector.execute(ThrowableCollector.java:73) ~[junit-platform-engine-1.10.2.jar:1.10.2]
	at org.junit.platform.engine.support.hierarchical.NodeTestTask.prepare(NodeTestTask.java:123) ~[junit-platform-engine-1.10.2.jar:1.10.2]
	at org.junit.platform.engine.support.hierarchical.NodeTestTask.execute(NodeTestTask.java:90) ~[junit-platform-engine-1.10.2.jar:1.10.2]
	at java.base/java.util.ArrayList.forEach(ArrayList.java:1596) ~[na:na]
	at org.junit.platform.engine.support.hierarchical.SameThreadHierarchicalTestExecutorService.invokeAll(SameThreadHierarchicalTestExecutorService.java:41) ~[junit-platform-engine-1.10.2.jar:1.10.2]
	at org.junit.platform.engine.support.hierarchical.NodeTestTask.lambda$executeRecursively$6(NodeTestTask.java:155) ~[junit-platform-engine-1.10.2.jar:1.10.2]
	at org.junit.platform.engine.support.hierarchical.ThrowableCollector.execute(ThrowableCollector.java:73) ~[junit-platform-engine-1.10.2.jar:1.10.2]
	at org.junit.platform.engine.support.hierarchical.NodeTestTask.lambda$executeRecursively$8(NodeTestTask.java:141) ~[junit-platform-engine-1.10.2.jar:1.10.2]
	at org.junit.platform.engine.support.hierarchical.Node.around(Node.java:137) ~[junit-platform-engine-1.10.2.jar:1.10.2]
	at org.junit.platform.engine.support.hierarchical.NodeTestTask.lambda$executeRecursively$9(NodeTestTask.java:139) ~[junit-platform-engine-1.10.2.jar:1.10.2]
	at org.junit.platform.engine.support.hierarchical.ThrowableCollector.execute(ThrowableCollector.java:73) ~[junit-platform-engine-1.10.2.jar:1.10.2]
	at org.junit.platform.engine.support.hierarchical.NodeTestTask.executeRecursively(NodeTestTask.java:138) ~[junit-platform-engine-1.10.2.jar:1.10.2]
	at org.junit.platform.engine.support.hierarchical.NodeTestTask.execute(NodeTestTask.java:95) ~[junit-platform-engine-1.10.2.jar:1.10.2]
	at java.base/java.util.ArrayList.forEach(ArrayList.java:1596) ~[na:na]
	at org.junit.platform.engine.support.hierarchical.SameThreadHierarchicalTestExecutorService.invokeAll(SameThreadHierarchicalTestExecutorService.java:41) ~[junit-platform-engine-1.10.2.jar:1.10.2]
	at org.junit.platform.engine.support.hierarchical.NodeTestTask.lambda$executeRecursively$6(NodeTestTask.java:155) ~[junit-platform-engine-1.10.2.jar:1.10.2]
	at org.junit.platform.engine.support.hierarchical.ThrowableCollector.execute(ThrowableCollector.java:73) ~[junit-platform-engine-1.10.2.jar:1.10.2]
	at org.junit.platform.engine.support.hierarchical.NodeTestTask.lambda$executeRecursively$8(NodeTestTask.java:141) ~[junit-platform-engine-1.10.2.jar:1.10.2]
	at org.junit.platform.engine.support.hierarchical.Node.around(Node.java:137) ~[junit-platform-engine-1.10.2.jar:1.10.2]
	at org.junit.platform.engine.support.hierarchical.NodeTestTask.lambda$executeRecursively$9(NodeTestTask.java:139) ~[junit-platform-engine-1.10.2.jar:1.10.2]
	at org.junit.platform.engine.support.hierarchical.ThrowableCollector.execute(ThrowableCollector.java:73) ~[junit-platform-engine-1.10.2.jar:1.10.2]
	at org.junit.platform.engine.support.hierarchical.NodeTestTask.executeRecursively(NodeTestTask.java:138) ~[junit-platform-engine-1.10.2.jar:1.10.2]
	at org.junit.platform.engine.support.hierarchical.NodeTestTask.execute(NodeTestTask.java:95) ~[junit-platform-engine-1.10.2.jar:1.10.2]
	at org.junit.platform.engine.support.hierarchical.SameThreadHierarchicalTestExecutorService.submit(SameThreadHierarchicalTestExecutorService.java:35) ~[junit-platform-engine-1.10.2.jar:1.10.2]
	at org.junit.platform.engine.support.hierarchical.HierarchicalTestExecutor.execute(HierarchicalTestExecutor.java:57) ~[junit-platform-engine-1.10.2.jar:1.10.2]
	at org.junit.platform.engine.support.hierarchical.HierarchicalTestEngine.execute(HierarchicalTestEngine.java:54) ~[junit-platform-engine-1.10.2.jar:1.10.2]
	at org.junit.platform.launcher.core.EngineExecutionOrchestrator.execute(EngineExecutionOrchestrator.java:198) ~[junit-platform-launcher-1.10.2.jar:1.10.2]
	at org.junit.platform.launcher.core.EngineExecutionOrchestrator.execute(EngineExecutionOrchestrator.java:169) ~[junit-platform-launcher-1.10.2.jar:1.10.2]
	at org.junit.platform.launcher.core.EngineExecutionOrchestrator.execute(EngineExecutionOrchestrator.java:93) ~[junit-platform-launcher-1.10.2.jar:1.10.2]
	at org.junit.platform.launcher.core.EngineExecutionOrchestrator.lambda$execute$0(EngineExecutionOrchestrator.java:58) ~[junit-platform-launcher-1.10.2.jar:1.10.2]
	at org.junit.platform.launcher.core.EngineExecutionOrchestrator.withInterceptedStreams(EngineExecutionOrchestrator.java:141) ~[junit-platform-launcher-1.10.2.jar:1.10.2]
	at org.junit.platform.launcher.core.EngineExecutionOrchestrator.execute(EngineExecutionOrchestrator.java:57) ~[junit-platform-launcher-1.10.2.jar:1.10.2]
	at org.junit.platform.launcher.core.DefaultLauncher.execute(DefaultLauncher.java:103) ~[junit-platform-launcher-1.10.2.jar:1.10.2]
	at org.junit.platform.launcher.core.DefaultLauncher.execute(DefaultLauncher.java:85) ~[junit-platform-launcher-1.10.2.jar:1.10.2]
	at org.junit.platform.launcher.core.DelegatingLauncher.execute(DelegatingLauncher.java:47) ~[junit-platform-launcher-1.10.2.jar:1.10.2]
	at org.apache.maven.surefire.junitplatform.LazyLauncher.execute(LazyLauncher.java:56) ~[surefire-junit-platform-3.2.5.jar:3.2.5]
	at org.apache.maven.surefire.junitplatform.JUnitPlatformProvider.execute(JUnitPlatformProvider.java:184) ~[surefire-junit-platform-3.2.5.jar:3.2.5]
	at org.apache.maven.surefire.junitplatform.JUnitPlatformProvider.invokeAllTests(JUnitPlatformProvider.java:148) ~[surefire-junit-platform-3.2.5.jar:3.2.5]
	at org.apache.maven.surefire.junitplatform.JUnitPlatformProvider.invoke(JUnitPlatformProvider.java:122) ~[surefire-junit-platform-3.2.5.jar:3.2.5]
	at org.apache.maven.surefire.booter.ForkedBooter.runSuitesInProcess(ForkedBooter.java:385) ~[surefire-booter-3.2.5.jar:3.2.5]
	at org.apache.maven.surefire.booter.ForkedBooter.execute(ForkedBooter.java:162) ~[surefire-booter-3.2.5.jar:3.2.5]
	at org.apache.maven.surefire.booter.ForkedBooter.run(ForkedBooter.java:507) ~[surefire-booter-3.2.5.jar:3.2.5]
	at org.apache.maven.surefire.booter.ForkedBooter.main(ForkedBooter.java:495) ~[surefire-booter-3.2.5.jar:3.2.5]

2024-06-24T15:40:49.298+02:00 DEBUG 208601 --- [CommunistDate] [           main] cResourceLocalTransactionCoordinatorImpl : JDBC transaction marked for rollback-only (exception provided for stack trace)

java.lang.Exception: exception just for purpose of providing stack trace
	at org.hibernate.resource.transaction.backend.jdbc.internal.JdbcResourceLocalTransactionCoordinatorImpl$TransactionDriverControlImpl.markRollbackOnly(JdbcResourceLocalTransactionCoordinatorImpl.java:309) ~[hibernate-core-6.5.2.Final.jar:6.5.2.Final]
	at org.hibernate.internal.AbstractSharedSessionContract.buildNamedQuery(AbstractSharedSessionContract.java:1109) ~[hibernate-core-6.5.2.Final.jar:6.5.2.Final]
	at org.hibernate.internal.AbstractSharedSessionContract.createNamedQuery(AbstractSharedSessionContract.java:987) ~[hibernate-core-6.5.2.Final.jar:6.5.2.Final]
	at org.hibernate.internal.AbstractSharedSessionContract.createNamedQuery(AbstractSharedSessionContract.java:140) ~[hibernate-core-6.5.2.Final.jar:6.5.2.Final]
	at java.base/jdk.internal.reflect.DirectMethodHandleAccessor.invoke(DirectMethodHandleAccessor.java:103) ~[na:na]
	at java.base/java.lang.reflect.Method.invoke(Method.java:580) ~[na:na]
	at org.springframework.orm.jpa.ExtendedEntityManagerCreator$ExtendedEntityManagerInvocationHandler.invoke(ExtendedEntityManagerCreator.java:364) ~[spring-orm-6.1.8.jar:6.1.8]
	at jdk.proxy2/jdk.proxy2.$Proxy133.createNamedQuery(Unknown Source) ~[na:na]
	at org.springframework.data.jpa.repository.query.NamedQuery.hasNamedQuery(NamedQuery.java:112) ~[spring-data-jpa-3.3.0.jar:3.3.0]
	at org.springframework.data.jpa.repository.query.NamedQuery.lookupFrom(NamedQuery.java:138) ~[spring-data-jpa-3.3.0.jar:3.3.0]
	at org.springframework.data.jpa.repository.query.JpaQueryLookupStrategy$DeclaredQueryLookupStrategy.resolveQuery(JpaQueryLookupStrategy.java:180) ~[spring-data-jpa-3.3.0.jar:3.3.0]
	at org.springframework.data.jpa.repository.query.JpaQueryLookupStrategy$CreateIfNotFoundQueryLookupStrategy.resolveQuery(JpaQueryLookupStrategy.java:252) ~[spring-data-jpa-3.3.0.jar:3.3.0]
	at org.springframework.data.jpa.repository.query.JpaQueryLookupStrategy$AbstractQueryLookupStrategy.resolveQuery(JpaQueryLookupStrategy.java:95) ~[spring-data-jpa-3.3.0.jar:3.3.0]
	at org.springframework.data.repository.core.support.QueryExecutorMethodInterceptor.lookupQuery(QueryExecutorMethodInterceptor.java:111) ~[spring-data-commons-3.3.0.jar:3.3.0]
	at org.springframework.data.repository.core.support.QueryExecutorMethodInterceptor.mapMethodsToQuery(QueryExecutorMethodInterceptor.java:99) ~[spring-data-commons-3.3.0.jar:3.3.0]
	at org.springframework.data.repository.core.support.QueryExecutorMethodInterceptor.lambda$new$0(QueryExecutorMethodInterceptor.java:88) ~[spring-data-commons-3.3.0.jar:3.3.0]
	at java.base/java.util.Optional.map(Optional.java:260) ~[na:na]
	at org.springframework.data.repository.core.support.QueryExecutorMethodInterceptor.<init>(QueryExecutorMethodInterceptor.java:88) ~[spring-data-commons-3.3.0.jar:3.3.0]
	at org.springframework.data.repository.core.support.RepositoryFactorySupport.getRepository(RepositoryFactorySupport.java:357) ~[spring-data-commons-3.3.0.jar:3.3.0]
	at org.springframework.data.repository.core.support.RepositoryFactoryBeanSupport.lambda$afterPropertiesSet$5(RepositoryFactoryBeanSupport.java:286) ~[spring-data-commons-3.3.0.jar:3.3.0]
	at org.springframework.data.util.Lazy.getNullable(Lazy.java:135) ~[spring-data-commons-3.3.0.jar:3.3.0]
	at org.springframework.data.util.Lazy.get(Lazy.java:113) ~[spring-data-commons-3.3.0.jar:3.3.0]
	at org.springframework.data.repository.core.support.RepositoryFactoryBeanSupport.afterPropertiesSet(RepositoryFactoryBeanSupport.java:292) ~[spring-data-commons-3.3.0.jar:3.3.0]
	at org.springframework.data.jpa.repository.support.JpaRepositoryFactoryBean.afterPropertiesSet(JpaRepositoryFactoryBean.java:132) ~[spring-data-jpa-3.3.0.jar:3.3.0]
	at org.springframework.beans.factory.support.AbstractAutowireCapableBeanFactory.invokeInitMethods(AbstractAutowireCapableBeanFactory.java:1835) ~[spring-beans-6.1.8.jar:6.1.8]
	at org.springframework.beans.factory.support.AbstractAutowireCapableBeanFactory.initializeBean(AbstractAutowireCapableBeanFactory.java:1784) ~[spring-beans-6.1.8.jar:6.1.8]
	at org.springframework.beans.factory.support.AbstractAutowireCapableBeanFactory.doCreateBean(AbstractAutowireCapableBeanFactory.java:600) ~[spring-beans-6.1.8.jar:6.1.8]
	at org.springframework.beans.factory.support.AbstractAutowireCapableBeanFactory.createBean(AbstractAutowireCapableBeanFactory.java:522) ~[spring-beans-6.1.8.jar:6.1.8]
	at org.springframework.beans.factory.support.AbstractBeanFactory.lambda$doGetBean$0(AbstractBeanFactory.java:337) ~[spring-beans-6.1.8.jar:6.1.8]
	at org.springframework.beans.factory.support.DefaultSingletonBeanRegistry.getSingleton(DefaultSingletonBeanRegistry.java:234) ~[spring-beans-6.1.8.jar:6.1.8]
	at org.springframework.beans.factory.support.AbstractBeanFactory.doGetBean(AbstractBeanFactory.java:335) ~[spring-beans-6.1.8.jar:6.1.8]
	at org.springframework.beans.factory.support.AbstractBeanFactory.getBean(AbstractBeanFactory.java:200) ~[spring-beans-6.1.8.jar:6.1.8]
	at org.springframework.beans.factory.config.DependencyDescriptor.resolveCandidate(DependencyDescriptor.java:254) ~[spring-beans-6.1.8.jar:6.1.8]
	at org.springframework.beans.factory.support.DefaultListableBeanFactory.doResolveDependency(DefaultListableBeanFactory.java:1443) ~[spring-beans-6.1.8.jar:6.1.8]
	at org.springframework.beans.factory.support.DefaultListableBeanFactory.resolveDependency(DefaultListableBeanFactory.java:1353) ~[spring-beans-6.1.8.jar:6.1.8]
	at org.springframework.beans.factory.support.ConstructorResolver.resolveAutowiredArgument(ConstructorResolver.java:904) ~[spring-beans-6.1.8.jar:6.1.8]
	at org.springframework.beans.factory.support.ConstructorResolver.createArgumentArray(ConstructorResolver.java:782) ~[spring-beans-6.1.8.jar:6.1.8]
	at org.springframework.beans.factory.support.ConstructorResolver.autowireConstructor(ConstructorResolver.java:237) ~[spring-beans-6.1.8.jar:6.1.8]
	at org.springframework.beans.factory.support.AbstractAutowireCapableBeanFactory.autowireConstructor(AbstractAutowireCapableBeanFactory.java:1357) ~[spring-beans-6.1.8.jar:6.1.8]
	at org.springframework.beans.factory.support.AbstractAutowireCapableBeanFactory.createBeanInstance(AbstractAutowireCapableBeanFactory.java:1194) ~[spring-beans-6.1.8.jar:6.1.8]
	at org.springframework.beans.factory.support.AbstractAutowireCapableBeanFactory.doCreateBean(AbstractAutowireCapableBeanFactory.java:562) ~[spring-beans-6.1.8.jar:6.1.8]
	at org.springframework.beans.factory.support.AbstractAutowireCapableBeanFactory.createBean(AbstractAutowireCapableBeanFactory.java:522) ~[spring-beans-6.1.8.jar:6.1.8]
	at org.springframework.beans.factory.support.AbstractBeanFactory.lambda$doGetBean$0(AbstractBeanFactory.java:337) ~[spring-beans-6.1.8.jar:6.1.8]
	at org.springframework.beans.factory.support.DefaultSingletonBeanRegistry.getSingleton(DefaultSingletonBeanRegistry.java:234) ~[spring-beans-6.1.8.jar:6.1.8]
	at org.springframework.beans.factory.support.AbstractBeanFactory.doGetBean(AbstractBeanFactory.java:335) ~[spring-beans-6.1.8.jar:6.1.8]
	at org.springframework.beans.factory.support.AbstractBeanFactory.getBean(AbstractBeanFactory.java:200) ~[spring-beans-6.1.8.jar:6.1.8]
	at org.springframework.beans.factory.config.DependencyDescriptor.resolveCandidate(DependencyDescriptor.java:254) ~[spring-beans-6.1.8.jar:6.1.8]
	at org.springframework.beans.factory.support.DefaultListableBeanFactory.doResolveDependency(DefaultListableBeanFactory.java:1443) ~[spring-beans-6.1.8.jar:6.1.8]
	at org.springframework.beans.factory.support.DefaultListableBeanFactory.resolveDependency(DefaultListableBeanFactory.java:1353) ~[spring-beans-6.1.8.jar:6.1.8]
	at org.springframework.beans.factory.support.ConstructorResolver.resolveAutowiredArgument(ConstructorResolver.java:904) ~[spring-beans-6.1.8.jar:6.1.8]
	at org.springframework.beans.factory.support.ConstructorResolver.createArgumentArray(ConstructorResolver.java:782) ~[spring-beans-6.1.8.jar:6.1.8]
	at org.springframework.beans.factory.support.ConstructorResolver.autowireConstructor(ConstructorResolver.java:237) ~[spring-beans-6.1.8.jar:6.1.8]
	at org.springframework.beans.factory.support.AbstractAutowireCapableBeanFactory.autowireConstructor(AbstractAutowireCapableBeanFactory.java:1357) ~[spring-beans-6.1.8.jar:6.1.8]
	at org.springframework.beans.factory.support.AbstractAutowireCapableBeanFactory.createBeanInstance(AbstractAutowireCapableBeanFactory.java:1194) ~[spring-beans-6.1.8.jar:6.1.8]
	at org.springframework.beans.factory.support.AbstractAutowireCapableBeanFactory.doCreateBean(AbstractAutowireCapableBeanFactory.java:562) ~[spring-beans-6.1.8.jar:6.1.8]
	at org.springframework.beans.factory.support.AbstractAutowireCapableBeanFactory.createBean(AbstractAutowireCapableBeanFactory.java:522) ~[spring-beans-6.1.8.jar:6.1.8]
	at org.springframework.beans.factory.support.AbstractBeanFactory.lambda$doGetBean$0(AbstractBeanFactory.java:337) ~[spring-beans-6.1.8.jar:6.1.8]
	at org.springframework.beans.factory.support.DefaultSingletonBeanRegistry.getSingleton(DefaultSingletonBeanRegistry.java:234) ~[spring-beans-6.1.8.jar:6.1.8]
	at org.springframework.beans.factory.support.AbstractBeanFactory.doGetBean(AbstractBeanFactory.java:335) ~[spring-beans-6.1.8.jar:6.1.8]
	at org.springframework.beans.factory.support.AbstractBeanFactory.getBean(AbstractBeanFactory.java:200) ~[spring-beans-6.1.8.jar:6.1.8]
	at org.springframework.beans.factory.support.DefaultListableBeanFactory.preInstantiateSingletons(DefaultListableBeanFactory.java:975) ~[spring-beans-6.1.8.jar:6.1.8]
	at org.springframework.context.support.AbstractApplicationContext.finishBeanFactoryInitialization(AbstractApplicationContext.java:962) ~[spring-context-6.1.8.jar:6.1.8]
	at org.springframework.context.support.AbstractApplicationContext.refresh(AbstractApplicationContext.java:624) ~[spring-context-6.1.8.jar:6.1.8]
	at org.springframework.boot.SpringApplication.refresh(SpringApplication.java:754) ~[spring-boot-3.3.0.jar:3.3.0]
	at org.springframework.boot.SpringApplication.refreshContext(SpringApplication.java:456) ~[spring-boot-3.3.0.jar:3.3.0]
	at org.springframework.boot.SpringApplication.run(SpringApplication.java:335) ~[spring-boot-3.3.0.jar:3.3.0]
	at org.springframework.boot.test.context.SpringBootContextLoader.lambda$loadContext$3(SpringBootContextLoader.java:137) ~[spring-boot-test-3.3.0.jar:3.3.0]
	at org.springframework.util.function.ThrowingSupplier.get(ThrowingSupplier.java:58) ~[spring-core-6.1.8.jar:6.1.8]
	at org.springframework.util.function.ThrowingSupplier.get(ThrowingSupplier.java:46) ~[spring-core-6.1.8.jar:6.1.8]
	at org.springframework.boot.SpringApplication.withHook(SpringApplication.java:1463) ~[spring-boot-3.3.0.jar:3.3.0]
	at org.springframework.boot.test.context.SpringBootContextLoader$ContextLoaderHook.run(SpringBootContextLoader.java:553) ~[spring-boot-test-3.3.0.jar:3.3.0]
	at org.springframework.boot.test.context.SpringBootContextLoader.loadContext(SpringBootContextLoader.java:137) ~[spring-boot-test-3.3.0.jar:3.3.0]
	at org.springframework.boot.test.context.SpringBootContextLoader.loadContext(SpringBootContextLoader.java:108) ~[spring-boot-test-3.3.0.jar:3.3.0]
	at org.springframework.test.context.cache.DefaultCacheAwareContextLoaderDelegate.loadContextInternal(DefaultCacheAwareContextLoaderDelegate.java:225) ~[spring-test-6.1.8.jar:6.1.8]
	at org.springframework.test.context.cache.DefaultCacheAwareContextLoaderDelegate.loadContext(DefaultCacheAwareContextLoaderDelegate.java:152) ~[spring-test-6.1.8.jar:6.1.8]
	at org.springframework.test.context.support.DefaultTestContext.getApplicationContext(DefaultTestContext.java:130) ~[spring-test-6.1.8.jar:6.1.8]
	at org.springframework.test.context.web.ServletTestExecutionListener.setUpRequestContextIfNecessary(ServletTestExecutionListener.java:191) ~[spring-test-6.1.8.jar:6.1.8]
	at org.springframework.test.context.web.ServletTestExecutionListener.prepareTestInstance(ServletTestExecutionListener.java:130) ~[spring-test-6.1.8.jar:6.1.8]
	at org.springframework.test.context.TestContextManager.prepareTestInstance(TestContextManager.java:260) ~[spring-test-6.1.8.jar:6.1.8]
	at org.springframework.test.context.junit.jupiter.SpringExtension.postProcessTestInstance(SpringExtension.java:163) ~[spring-test-6.1.8.jar:6.1.8]
	at org.junit.jupiter.engine.descriptor.ClassBasedTestDescriptor.lambda$invokeTestInstancePostProcessors$10(ClassBasedTestDescriptor.java:378) ~[junit-jupiter-engine-5.10.2.jar:5.10.2]
	at org.junit.jupiter.engine.descriptor.ClassBasedTestDescriptor.executeAndMaskThrowable(ClassBasedTestDescriptor.java:383) ~[junit-jupiter-engine-5.10.2.jar:5.10.2]
	at org.junit.jupiter.engine.descriptor.ClassBasedTestDescriptor.lambda$invokeTestInstancePostProcessors$11(ClassBasedTestDescriptor.java:378) ~[junit-jupiter-engine-5.10.2.jar:5.10.2]
	at java.base/java.util.stream.ReferencePipeline$3$1.accept(ReferencePipeline.java:197) ~[na:na]
	at java.base/java.util.stream.ReferencePipeline$2$1.accept(ReferencePipeline.java:179) ~[na:na]
	at java.base/java.util.ArrayList$ArrayListSpliterator.forEachRemaining(ArrayList.java:1708) ~[na:na]
	at java.base/java.util.stream.AbstractPipeline.copyInto(AbstractPipeline.java:509) ~[na:na]
	at java.base/java.util.stream.AbstractPipeline.wrapAndCopyInto(AbstractPipeline.java:499) ~[na:na]
	at java.base/java.util.stream.StreamSpliterators$WrappingSpliterator.forEachRemaining(StreamSpliterators.java:310) ~[na:na]
	at java.base/java.util.stream.Streams$ConcatSpliterator.forEachRemaining(Streams.java:735) ~[na:na]
	at java.base/java.util.stream.Streams$ConcatSpliterator.forEachRemaining(Streams.java:734) ~[na:na]
	at java.base/java.util.stream.ReferencePipeline$Head.forEach(ReferencePipeline.java:762) ~[na:na]
	at org.junit.jupiter.engine.descriptor.ClassBasedTestDescriptor.invokeTestInstancePostProcessors(ClassBasedTestDescriptor.java:377) ~[junit-jupiter-engine-5.10.2.jar:5.10.2]
	at org.junit.jupiter.engine.descriptor.ClassBasedTestDescriptor.lambda$instantiateAndPostProcessTestInstance$6(ClassBasedTestDescriptor.java:290) ~[junit-jupiter-engine-5.10.2.jar:5.10.2]
	at org.junit.platform.engine.support.hierarchical.ThrowableCollector.execute(ThrowableCollector.java:73) ~[junit-platform-engine-1.10.2.jar:1.10.2]
	at org.junit.jupiter.engine.descriptor.ClassBasedTestDescriptor.instantiateAndPostProcessTestInstance(ClassBasedTestDescriptor.java:289) ~[junit-jupiter-engine-5.10.2.jar:5.10.2]
	at org.junit.jupiter.engine.descriptor.ClassBasedTestDescriptor.lambda$testInstancesProvider$4(ClassBasedTestDescriptor.java:279) ~[junit-jupiter-engine-5.10.2.jar:5.10.2]
	at java.base/java.util.Optional.orElseGet(Optional.java:364) ~[na:na]
	at org.junit.jupiter.engine.descriptor.ClassBasedTestDescriptor.lambda$testInstancesProvider$5(ClassBasedTestDescriptor.java:278) ~[junit-jupiter-engine-5.10.2.jar:5.10.2]
	at org.junit.jupiter.engine.execution.TestInstancesProvider.getTestInstances(TestInstancesProvider.java:31) ~[junit-jupiter-engine-5.10.2.jar:5.10.2]
	at org.junit.jupiter.engine.descriptor.TestMethodTestDescriptor.lambda$prepare$0(TestMethodTestDescriptor.java:106) ~[junit-jupiter-engine-5.10.2.jar:5.10.2]
	at org.junit.platform.engine.support.hierarchical.ThrowableCollector.execute(ThrowableCollector.java:73) ~[junit-platform-engine-1.10.2.jar:1.10.2]
	at org.junit.jupiter.engine.descriptor.TestMethodTestDescriptor.prepare(TestMethodTestDescriptor.java:105) ~[junit-jupiter-engine-5.10.2.jar:5.10.2]
	at org.junit.jupiter.engine.descriptor.TestMethodTestDescriptor.prepare(TestMethodTestDescriptor.java:69) ~[junit-jupiter-engine-5.10.2.jar:5.10.2]
	at org.junit.platform.engine.support.hierarchical.NodeTestTask.lambda$prepare$2(NodeTestTask.java:123) ~[junit-platform-engine-1.10.2.jar:1.10.2]
	at org.junit.platform.engine.support.hierarchical.ThrowableCollector.execute(ThrowableCollector.java:73) ~[junit-platform-engine-1.10.2.jar:1.10.2]
	at org.junit.platform.engine.support.hierarchical.NodeTestTask.prepare(NodeTestTask.java:123) ~[junit-platform-engine-1.10.2.jar:1.10.2]
	at org.junit.platform.engine.support.hierarchical.NodeTestTask.execute(NodeTestTask.java:90) ~[junit-platform-engine-1.10.2.jar:1.10.2]
	at java.base/java.util.ArrayList.forEach(ArrayList.java:1596) ~[na:na]
	at org.junit.platform.engine.support.hierarchical.SameThreadHierarchicalTestExecutorService.invokeAll(SameThreadHierarchicalTestExecutorService.java:41) ~[junit-platform-engine-1.10.2.jar:1.10.2]
	at org.junit.platform.engine.support.hierarchical.NodeTestTask.lambda$executeRecursively$6(NodeTestTask.java:155) ~[junit-platform-engine-1.10.2.jar:1.10.2]
	at org.junit.platform.engine.support.hierarchical.ThrowableCollector.execute(ThrowableCollector.java:73) ~[junit-platform-engine-1.10.2.jar:1.10.2]
	at org.junit.platform.engine.support.hierarchical.NodeTestTask.lambda$executeRecursively$8(NodeTestTask.java:141) ~[junit-platform-engine-1.10.2.jar:1.10.2]
	at org.junit.platform.engine.support.hierarchical.Node.around(Node.java:137) ~[junit-platform-engine-1.10.2.jar:1.10.2]
	at org.junit.platform.engine.support.hierarchical.NodeTestTask.lambda$executeRecursively$9(NodeTestTask.java:139) ~[junit-platform-engine-1.10.2.jar:1.10.2]
	at org.junit.platform.engine.support.hierarchical.ThrowableCollector.execute(ThrowableCollector.java:73) ~[junit-platform-engine-1.10.2.jar:1.10.2]
	at org.junit.platform.engine.support.hierarchical.NodeTestTask.executeRecursively(NodeTestTask.java:138) ~[junit-platform-engine-1.10.2.jar:1.10.2]
	at org.junit.platform.engine.support.hierarchical.NodeTestTask.execute(NodeTestTask.java:95) ~[junit-platform-engine-1.10.2.jar:1.10.2]
	at java.base/java.util.ArrayList.forEach(ArrayList.java:1596) ~[na:na]
	at org.junit.platform.engine.support.hierarchical.SameThreadHierarchicalTestExecutorService.invokeAll(SameThreadHierarchicalTestExecutorService.java:41) ~[junit-platform-engine-1.10.2.jar:1.10.2]
	at org.junit.platform.engine.support.hierarchical.NodeTestTask.lambda$executeRecursively$6(NodeTestTask.java:155) ~[junit-platform-engine-1.10.2.jar:1.10.2]
	at org.junit.platform.engine.support.hierarchical.ThrowableCollector.execute(ThrowableCollector.java:73) ~[junit-platform-engine-1.10.2.jar:1.10.2]
	at org.junit.platform.engine.support.hierarchical.NodeTestTask.lambda$executeRecursively$8(NodeTestTask.java:141) ~[junit-platform-engine-1.10.2.jar:1.10.2]
	at org.junit.platform.engine.support.hierarchical.Node.around(Node.java:137) ~[junit-platform-engine-1.10.2.jar:1.10.2]
	at org.junit.platform.engine.support.hierarchical.NodeTestTask.lambda$executeRecursively$9(NodeTestTask.java:139) ~[junit-platform-engine-1.10.2.jar:1.10.2]
	at org.junit.platform.engine.support.hierarchical.ThrowableCollector.execute(ThrowableCollector.java:73) ~[junit-platform-engine-1.10.2.jar:1.10.2]
	at org.junit.platform.engine.support.hierarchical.NodeTestTask.executeRecursively(NodeTestTask.java:138) ~[junit-platform-engine-1.10.2.jar:1.10.2]
	at org.junit.platform.engine.support.hierarchical.NodeTestTask.execute(NodeTestTask.java:95) ~[junit-platform-engine-1.10.2.jar:1.10.2]
	at org.junit.platform.engine.support.hierarchical.SameThreadHierarchicalTestExecutorService.submit(SameThreadHierarchicalTestExecutorService.java:35) ~[junit-platform-engine-1.10.2.jar:1.10.2]
	at org.junit.platform.engine.support.hierarchical.HierarchicalTestExecutor.execute(HierarchicalTestExecutor.java:57) ~[junit-platform-engine-1.10.2.jar:1.10.2]
	at org.junit.platform.engine.support.hierarchical.HierarchicalTestEngine.execute(HierarchicalTestEngine.java:54) ~[junit-platform-engine-1.10.2.jar:1.10.2]
	at org.junit.platform.launcher.core.EngineExecutionOrchestrator.execute(EngineExecutionOrchestrator.java:198) ~[junit-platform-launcher-1.10.2.jar:1.10.2]
	at org.junit.platform.launcher.core.EngineExecutionOrchestrator.execute(EngineExecutionOrchestrator.java:169) ~[junit-platform-launcher-1.10.2.jar:1.10.2]
	at org.junit.platform.launcher.core.EngineExecutionOrchestrator.execute(EngineExecutionOrchestrator.java:93) ~[junit-platform-launcher-1.10.2.jar:1.10.2]
	at org.junit.platform.launcher.core.EngineExecutionOrchestrator.lambda$execute$0(EngineExecutionOrchestrator.java:58) ~[junit-platform-launcher-1.10.2.jar:1.10.2]
	at org.junit.platform.launcher.core.EngineExecutionOrchestrator.withInterceptedStreams(EngineExecutionOrchestrator.java:141) ~[junit-platform-launcher-1.10.2.jar:1.10.2]
	at org.junit.platform.launcher.core.EngineExecutionOrchestrator.execute(EngineExecutionOrchestrator.java:57) ~[junit-platform-launcher-1.10.2.jar:1.10.2]
	at org.junit.platform.launcher.core.DefaultLauncher.execute(DefaultLauncher.java:103) ~[junit-platform-launcher-1.10.2.jar:1.10.2]
	at org.junit.platform.launcher.core.DefaultLauncher.execute(DefaultLauncher.java:85) ~[junit-platform-launcher-1.10.2.jar:1.10.2]
	at org.junit.platform.launcher.core.DelegatingLauncher.execute(DelegatingLauncher.java:47) ~[junit-platform-launcher-1.10.2.jar:1.10.2]
	at org.apache.maven.surefire.junitplatform.LazyLauncher.execute(LazyLauncher.java:56) ~[surefire-junit-platform-3.2.5.jar:3.2.5]
	at org.apache.maven.surefire.junitplatform.JUnitPlatformProvider.execute(JUnitPlatformProvider.java:184) ~[surefire-junit-platform-3.2.5.jar:3.2.5]
	at org.apache.maven.surefire.junitplatform.JUnitPlatformProvider.invokeAllTests(JUnitPlatformProvider.java:148) ~[surefire-junit-platform-3.2.5.jar:3.2.5]
	at org.apache.maven.surefire.junitplatform.JUnitPlatformProvider.invoke(JUnitPlatformProvider.java:122) ~[surefire-junit-platform-3.2.5.jar:3.2.5]
	at org.apache.maven.surefire.booter.ForkedBooter.runSuitesInProcess(ForkedBooter.java:385) ~[surefire-booter-3.2.5.jar:3.2.5]
	at org.apache.maven.surefire.booter.ForkedBooter.execute(ForkedBooter.java:162) ~[surefire-booter-3.2.5.jar:3.2.5]
	at org.apache.maven.surefire.booter.ForkedBooter.run(ForkedBooter.java:507) ~[surefire-booter-3.2.5.jar:3.2.5]
	at org.apache.maven.surefire.booter.ForkedBooter.main(ForkedBooter.java:495) ~[surefire-booter-3.2.5.jar:3.2.5]

2024-06-24T15:40:49.330+02:00  INFO 208601 --- [CommunistDate] [           main] o.s.d.j.r.query.QueryEnhancerFactory     : Hibernate is in classpath; If applicable, HQL parser will be used.
2024-06-24T15:40:49.337+02:00 DEBUG 208601 --- [CommunistDate] [           main] cResourceLocalTransactionCoordinatorImpl : JDBC transaction marked for rollback-only (exception provided for stack trace)

java.lang.Exception: exception just for purpose of providing stack trace
	at org.hibernate.resource.transaction.backend.jdbc.internal.JdbcResourceLocalTransactionCoordinatorImpl$TransactionDriverControlImpl.markRollbackOnly(JdbcResourceLocalTransactionCoordinatorImpl.java:309) ~[hibernate-core-6.5.2.Final.jar:6.5.2.Final]
	at org.hibernate.internal.AbstractSharedSessionContract.buildNamedQuery(AbstractSharedSessionContract.java:1109) ~[hibernate-core-6.5.2.Final.jar:6.5.2.Final]
	at org.hibernate.internal.AbstractSharedSessionContract.createNamedQuery(AbstractSharedSessionContract.java:987) ~[hibernate-core-6.5.2.Final.jar:6.5.2.Final]
	at org.hibernate.internal.AbstractSharedSessionContract.createNamedQuery(AbstractSharedSessionContract.java:140) ~[hibernate-core-6.5.2.Final.jar:6.5.2.Final]
	at java.base/jdk.internal.reflect.DirectMethodHandleAccessor.invoke(DirectMethodHandleAccessor.java:103) ~[na:na]
	at java.base/java.lang.reflect.Method.invoke(Method.java:580) ~[na:na]
	at org.springframework.orm.jpa.ExtendedEntityManagerCreator$ExtendedEntityManagerInvocationHandler.invoke(ExtendedEntityManagerCreator.java:364) ~[spring-orm-6.1.8.jar:6.1.8]
	at jdk.proxy2/jdk.proxy2.$Proxy133.createNamedQuery(Unknown Source) ~[na:na]
	at org.springframework.data.jpa.repository.query.NamedQuery.hasNamedQuery(NamedQuery.java:112) ~[spring-data-jpa-3.3.0.jar:3.3.0]
	at org.springframework.data.jpa.repository.query.JpaQueryLookupStrategy$DeclaredQueryLookupStrategy.getCountQuery(JpaQueryLookupStrategy.java:204) ~[spring-data-jpa-3.3.0.jar:3.3.0]
	at org.springframework.data.jpa.repository.query.JpaQueryLookupStrategy$DeclaredQueryLookupStrategy.resolveQuery(JpaQueryLookupStrategy.java:171) ~[spring-data-jpa-3.3.0.jar:3.3.0]
	at org.springframework.data.jpa.repository.query.JpaQueryLookupStrategy$CreateIfNotFoundQueryLookupStrategy.resolveQuery(JpaQueryLookupStrategy.java:252) ~[spring-data-jpa-3.3.0.jar:3.3.0]
	at org.springframework.data.jpa.repository.query.JpaQueryLookupStrategy$AbstractQueryLookupStrategy.resolveQuery(JpaQueryLookupStrategy.java:95) ~[spring-data-jpa-3.3.0.jar:3.3.0]
	at org.springframework.data.repository.core.support.QueryExecutorMethodInterceptor.lookupQuery(QueryExecutorMethodInterceptor.java:111) ~[spring-data-commons-3.3.0.jar:3.3.0]
	at org.springframework.data.repository.core.support.QueryExecutorMethodInterceptor.mapMethodsToQuery(QueryExecutorMethodInterceptor.java:99) ~[spring-data-commons-3.3.0.jar:3.3.0]
	at org.springframework.data.repository.core.support.QueryExecutorMethodInterceptor.lambda$new$0(QueryExecutorMethodInterceptor.java:88) ~[spring-data-commons-3.3.0.jar:3.3.0]
	at java.base/java.util.Optional.map(Optional.java:260) ~[na:na]
	at org.springframework.data.repository.core.support.QueryExecutorMethodInterceptor.<init>(QueryExecutorMethodInterceptor.java:88) ~[spring-data-commons-3.3.0.jar:3.3.0]
	at org.springframework.data.repository.core.support.RepositoryFactorySupport.getRepository(RepositoryFactorySupport.java:357) ~[spring-data-commons-3.3.0.jar:3.3.0]
	at org.springframework.data.repository.core.support.RepositoryFactoryBeanSupport.lambda$afterPropertiesSet$5(RepositoryFactoryBeanSupport.java:286) ~[spring-data-commons-3.3.0.jar:3.3.0]
	at org.springframework.data.util.Lazy.getNullable(Lazy.java:135) ~[spring-data-commons-3.3.0.jar:3.3.0]
	at org.springframework.data.util.Lazy.get(Lazy.java:113) ~[spring-data-commons-3.3.0.jar:3.3.0]
	at org.springframework.data.repository.core.support.RepositoryFactoryBeanSupport.afterPropertiesSet(RepositoryFactoryBeanSupport.java:292) ~[spring-data-commons-3.3.0.jar:3.3.0]
	at org.springframework.data.jpa.repository.support.JpaRepositoryFactoryBean.afterPropertiesSet(JpaRepositoryFactoryBean.java:132) ~[spring-data-jpa-3.3.0.jar:3.3.0]
	at org.springframework.beans.factory.support.AbstractAutowireCapableBeanFactory.invokeInitMethods(AbstractAutowireCapableBeanFactory.java:1835) ~[spring-beans-6.1.8.jar:6.1.8]
	at org.springframework.beans.factory.support.AbstractAutowireCapableBeanFactory.initializeBean(AbstractAutowireCapableBeanFactory.java:1784) ~[spring-beans-6.1.8.jar:6.1.8]
	at org.springframework.beans.factory.support.AbstractAutowireCapableBeanFactory.doCreateBean(AbstractAutowireCapableBeanFactory.java:600) ~[spring-beans-6.1.8.jar:6.1.8]
	at org.springframework.beans.factory.support.AbstractAutowireCapableBeanFactory.createBean(AbstractAutowireCapableBeanFactory.java:522) ~[spring-beans-6.1.8.jar:6.1.8]
	at org.springframework.beans.factory.support.AbstractBeanFactory.lambda$doGetBean$0(AbstractBeanFactory.java:337) ~[spring-beans-6.1.8.jar:6.1.8]
	at org.springframework.beans.factory.support.DefaultSingletonBeanRegistry.getSingleton(DefaultSingletonBeanRegistry.java:234) ~[spring-beans-6.1.8.jar:6.1.8]
	at org.springframework.beans.factory.support.AbstractBeanFactory.doGetBean(AbstractBeanFactory.java:335) ~[spring-beans-6.1.8.jar:6.1.8]
	at org.springframework.beans.factory.support.AbstractBeanFactory.getBean(AbstractBeanFactory.java:200) ~[spring-beans-6.1.8.jar:6.1.8]
	at org.springframework.beans.factory.config.DependencyDescriptor.resolveCandidate(DependencyDescriptor.java:254) ~[spring-beans-6.1.8.jar:6.1.8]
	at org.springframework.beans.factory.support.DefaultListableBeanFactory.doResolveDependency(DefaultListableBeanFactory.java:1443) ~[spring-beans-6.1.8.jar:6.1.8]
	at org.springframework.beans.factory.support.DefaultListableBeanFactory.resolveDependency(DefaultListableBeanFactory.java:1353) ~[spring-beans-6.1.8.jar:6.1.8]
	at org.springframework.beans.factory.support.ConstructorResolver.resolveAutowiredArgument(ConstructorResolver.java:904) ~[spring-beans-6.1.8.jar:6.1.8]
	at org.springframework.beans.factory.support.ConstructorResolver.createArgumentArray(ConstructorResolver.java:782) ~[spring-beans-6.1.8.jar:6.1.8]
	at org.springframework.beans.factory.support.ConstructorResolver.autowireConstructor(ConstructorResolver.java:237) ~[spring-beans-6.1.8.jar:6.1.8]
	at org.springframework.beans.factory.support.AbstractAutowireCapableBeanFactory.autowireConstructor(AbstractAutowireCapableBeanFactory.java:1357) ~[spring-beans-6.1.8.jar:6.1.8]
	at org.springframework.beans.factory.support.AbstractAutowireCapableBeanFactory.createBeanInstance(AbstractAutowireCapableBeanFactory.java:1194) ~[spring-beans-6.1.8.jar:6.1.8]
	at org.springframework.beans.factory.support.AbstractAutowireCapableBeanFactory.doCreateBean(AbstractAutowireCapableBeanFactory.java:562) ~[spring-beans-6.1.8.jar:6.1.8]
	at org.springframework.beans.factory.support.AbstractAutowireCapableBeanFactory.createBean(AbstractAutowireCapableBeanFactory.java:522) ~[spring-beans-6.1.8.jar:6.1.8]
	at org.springframework.beans.factory.support.AbstractBeanFactory.lambda$doGetBean$0(AbstractBeanFactory.java:337) ~[spring-beans-6.1.8.jar:6.1.8]
	at org.springframework.beans.factory.support.DefaultSingletonBeanRegistry.getSingleton(DefaultSingletonBeanRegistry.java:234) ~[spring-beans-6.1.8.jar:6.1.8]
	at org.springframework.beans.factory.support.AbstractBeanFactory.doGetBean(AbstractBeanFactory.java:335) ~[spring-beans-6.1.8.jar:6.1.8]
	at org.springframework.beans.factory.support.AbstractBeanFactory.getBean(AbstractBeanFactory.java:200) ~[spring-beans-6.1.8.jar:6.1.8]
	at org.springframework.beans.factory.config.DependencyDescriptor.resolveCandidate(DependencyDescriptor.java:254) ~[spring-beans-6.1.8.jar:6.1.8]
	at org.springframework.beans.factory.support.DefaultListableBeanFactory.doResolveDependency(DefaultListableBeanFactory.java:1443) ~[spring-beans-6.1.8.jar:6.1.8]
	at org.springframework.beans.factory.support.DefaultListableBeanFactory.resolveDependency(DefaultListableBeanFactory.java:1353) ~[spring-beans-6.1.8.jar:6.1.8]
	at org.springframework.beans.factory.support.ConstructorResolver.resolveAutowiredArgument(ConstructorResolver.java:904) ~[spring-beans-6.1.8.jar:6.1.8]
	at org.springframework.beans.factory.support.ConstructorResolver.createArgumentArray(ConstructorResolver.java:782) ~[spring-beans-6.1.8.jar:6.1.8]
	at org.springframework.beans.factory.support.ConstructorResolver.autowireConstructor(ConstructorResolver.java:237) ~[spring-beans-6.1.8.jar:6.1.8]
	at org.springframework.beans.factory.support.AbstractAutowireCapableBeanFactory.autowireConstructor(AbstractAutowireCapableBeanFactory.java:1357) ~[spring-beans-6.1.8.jar:6.1.8]
	at org.springframework.beans.factory.support.AbstractAutowireCapableBeanFactory.createBeanInstance(AbstractAutowireCapableBeanFactory.java:1194) ~[spring-beans-6.1.8.jar:6.1.8]
	at org.springframework.beans.factory.support.AbstractAutowireCapableBeanFactory.doCreateBean(AbstractAutowireCapableBeanFactory.java:562) ~[spring-beans-6.1.8.jar:6.1.8]
	at org.springframework.beans.factory.support.AbstractAutowireCapableBeanFactory.createBean(AbstractAutowireCapableBeanFactory.java:522) ~[spring-beans-6.1.8.jar:6.1.8]
	at org.springframework.beans.factory.support.AbstractBeanFactory.lambda$doGetBean$0(AbstractBeanFactory.java:337) ~[spring-beans-6.1.8.jar:6.1.8]
	at org.springframework.beans.factory.support.DefaultSingletonBeanRegistry.getSingleton(DefaultSingletonBeanRegistry.java:234) ~[spring-beans-6.1.8.jar:6.1.8]
	at org.springframework.beans.factory.support.AbstractBeanFactory.doGetBean(AbstractBeanFactory.java:335) ~[spring-beans-6.1.8.jar:6.1.8]
	at org.springframework.beans.factory.support.AbstractBeanFactory.getBean(AbstractBeanFactory.java:200) ~[spring-beans-6.1.8.jar:6.1.8]
	at org.springframework.beans.factory.support.DefaultListableBeanFactory.preInstantiateSingletons(DefaultListableBeanFactory.java:975) ~[spring-beans-6.1.8.jar:6.1.8]
	at org.springframework.context.support.AbstractApplicationContext.finishBeanFactoryInitialization(AbstractApplicationContext.java:962) ~[spring-context-6.1.8.jar:6.1.8]
	at org.springframework.context.support.AbstractApplicationContext.refresh(AbstractApplicationContext.java:624) ~[spring-context-6.1.8.jar:6.1.8]
	at org.springframework.boot.SpringApplication.refresh(SpringApplication.java:754) ~[spring-boot-3.3.0.jar:3.3.0]
	at org.springframework.boot.SpringApplication.refreshContext(SpringApplication.java:456) ~[spring-boot-3.3.0.jar:3.3.0]
	at org.springframework.boot.SpringApplication.run(SpringApplication.java:335) ~[spring-boot-3.3.0.jar:3.3.0]
	at org.springframework.boot.test.context.SpringBootContextLoader.lambda$loadContext$3(SpringBootContextLoader.java:137) ~[spring-boot-test-3.3.0.jar:3.3.0]
	at org.springframework.util.function.ThrowingSupplier.get(ThrowingSupplier.java:58) ~[spring-core-6.1.8.jar:6.1.8]
	at org.springframework.util.function.ThrowingSupplier.get(ThrowingSupplier.java:46) ~[spring-core-6.1.8.jar:6.1.8]
	at org.springframework.boot.SpringApplication.withHook(SpringApplication.java:1463) ~[spring-boot-3.3.0.jar:3.3.0]
	at org.springframework.boot.test.context.SpringBootContextLoader$ContextLoaderHook.run(SpringBootContextLoader.java:553) ~[spring-boot-test-3.3.0.jar:3.3.0]
	at org.springframework.boot.test.context.SpringBootContextLoader.loadContext(SpringBootContextLoader.java:137) ~[spring-boot-test-3.3.0.jar:3.3.0]
	at org.springframework.boot.test.context.SpringBootContextLoader.loadContext(SpringBootContextLoader.java:108) ~[spring-boot-test-3.3.0.jar:3.3.0]
	at org.springframework.test.context.cache.DefaultCacheAwareContextLoaderDelegate.loadContextInternal(DefaultCacheAwareContextLoaderDelegate.java:225) ~[spring-test-6.1.8.jar:6.1.8]
	at org.springframework.test.context.cache.DefaultCacheAwareContextLoaderDelegate.loadContext(DefaultCacheAwareContextLoaderDelegate.java:152) ~[spring-test-6.1.8.jar:6.1.8]
	at org.springframework.test.context.support.DefaultTestContext.getApplicationContext(DefaultTestContext.java:130) ~[spring-test-6.1.8.jar:6.1.8]
	at org.springframework.test.context.web.ServletTestExecutionListener.setUpRequestContextIfNecessary(ServletTestExecutionListener.java:191) ~[spring-test-6.1.8.jar:6.1.8]
	at org.springframework.test.context.web.ServletTestExecutionListener.prepareTestInstance(ServletTestExecutionListener.java:130) ~[spring-test-6.1.8.jar:6.1.8]
	at org.springframework.test.context.TestContextManager.prepareTestInstance(TestContextManager.java:260) ~[spring-test-6.1.8.jar:6.1.8]
	at org.springframework.test.context.junit.jupiter.SpringExtension.postProcessTestInstance(SpringExtension.java:163) ~[spring-test-6.1.8.jar:6.1.8]
	at org.junit.jupiter.engine.descriptor.ClassBasedTestDescriptor.lambda$invokeTestInstancePostProcessors$10(ClassBasedTestDescriptor.java:378) ~[junit-jupiter-engine-5.10.2.jar:5.10.2]
	at org.junit.jupiter.engine.descriptor.ClassBasedTestDescriptor.executeAndMaskThrowable(ClassBasedTestDescriptor.java:383) ~[junit-jupiter-engine-5.10.2.jar:5.10.2]
	at org.junit.jupiter.engine.descriptor.ClassBasedTestDescriptor.lambda$invokeTestInstancePostProcessors$11(ClassBasedTestDescriptor.java:378) ~[junit-jupiter-engine-5.10.2.jar:5.10.2]
	at java.base/java.util.stream.ReferencePipeline$3$1.accept(ReferencePipeline.java:197) ~[na:na]
	at java.base/java.util.stream.ReferencePipeline$2$1.accept(ReferencePipeline.java:179) ~[na:na]
	at java.base/java.util.ArrayList$ArrayListSpliterator.forEachRemaining(ArrayList.java:1708) ~[na:na]
	at java.base/java.util.stream.AbstractPipeline.copyInto(AbstractPipeline.java:509) ~[na:na]
	at java.base/java.util.stream.AbstractPipeline.wrapAndCopyInto(AbstractPipeline.java:499) ~[na:na]
	at java.base/java.util.stream.StreamSpliterators$WrappingSpliterator.forEachRemaining(StreamSpliterators.java:310) ~[na:na]
	at java.base/java.util.stream.Streams$ConcatSpliterator.forEachRemaining(Streams.java:735) ~[na:na]
	at java.base/java.util.stream.Streams$ConcatSpliterator.forEachRemaining(Streams.java:734) ~[na:na]
	at java.base/java.util.stream.ReferencePipeline$Head.forEach(ReferencePipeline.java:762) ~[na:na]
	at org.junit.jupiter.engine.descriptor.ClassBasedTestDescriptor.invokeTestInstancePostProcessors(ClassBasedTestDescriptor.java:377) ~[junit-jupiter-engine-5.10.2.jar:5.10.2]
	at org.junit.jupiter.engine.descriptor.ClassBasedTestDescriptor.lambda$instantiateAndPostProcessTestInstance$6(ClassBasedTestDescriptor.java:290) ~[junit-jupiter-engine-5.10.2.jar:5.10.2]
	at org.junit.platform.engine.support.hierarchical.ThrowableCollector.execute(ThrowableCollector.java:73) ~[junit-platform-engine-1.10.2.jar:1.10.2]
	at org.junit.jupiter.engine.descriptor.ClassBasedTestDescriptor.instantiateAndPostProcessTestInstance(ClassBasedTestDescriptor.java:289) ~[junit-jupiter-engine-5.10.2.jar:5.10.2]
	at org.junit.jupiter.engine.descriptor.ClassBasedTestDescriptor.lambda$testInstancesProvider$4(ClassBasedTestDescriptor.java:279) ~[junit-jupiter-engine-5.10.2.jar:5.10.2]
	at java.base/java.util.Optional.orElseGet(Optional.java:364) ~[na:na]
	at org.junit.jupiter.engine.descriptor.ClassBasedTestDescriptor.lambda$testInstancesProvider$5(ClassBasedTestDescriptor.java:278) ~[junit-jupiter-engine-5.10.2.jar:5.10.2]
	at org.junit.jupiter.engine.execution.TestInstancesProvider.getTestInstances(TestInstancesProvider.java:31) ~[junit-jupiter-engine-5.10.2.jar:5.10.2]
	at org.junit.jupiter.engine.descriptor.TestMethodTestDescriptor.lambda$prepare$0(TestMethodTestDescriptor.java:106) ~[junit-jupiter-engine-5.10.2.jar:5.10.2]
	at org.junit.platform.engine.support.hierarchical.ThrowableCollector.execute(ThrowableCollector.java:73) ~[junit-platform-engine-1.10.2.jar:1.10.2]
	at org.junit.jupiter.engine.descriptor.TestMethodTestDescriptor.prepare(TestMethodTestDescriptor.java:105) ~[junit-jupiter-engine-5.10.2.jar:5.10.2]
	at org.junit.jupiter.engine.descriptor.TestMethodTestDescriptor.prepare(TestMethodTestDescriptor.java:69) ~[junit-jupiter-engine-5.10.2.jar:5.10.2]
	at org.junit.platform.engine.support.hierarchical.NodeTestTask.lambda$prepare$2(NodeTestTask.java:123) ~[junit-platform-engine-1.10.2.jar:1.10.2]
	at org.junit.platform.engine.support.hierarchical.ThrowableCollector.execute(ThrowableCollector.java:73) ~[junit-platform-engine-1.10.2.jar:1.10.2]
	at org.junit.platform.engine.support.hierarchical.NodeTestTask.prepare(NodeTestTask.java:123) ~[junit-platform-engine-1.10.2.jar:1.10.2]
	at org.junit.platform.engine.support.hierarchical.NodeTestTask.execute(NodeTestTask.java:90) ~[junit-platform-engine-1.10.2.jar:1.10.2]
	at java.base/java.util.ArrayList.forEach(ArrayList.java:1596) ~[na:na]
	at org.junit.platform.engine.support.hierarchical.SameThreadHierarchicalTestExecutorService.invokeAll(SameThreadHierarchicalTestExecutorService.java:41) ~[junit-platform-engine-1.10.2.jar:1.10.2]
	at org.junit.platform.engine.support.hierarchical.NodeTestTask.lambda$executeRecursively$6(NodeTestTask.java:155) ~[junit-platform-engine-1.10.2.jar:1.10.2]
	at org.junit.platform.engine.support.hierarchical.ThrowableCollector.execute(ThrowableCollector.java:73) ~[junit-platform-engine-1.10.2.jar:1.10.2]
	at org.junit.platform.engine.support.hierarchical.NodeTestTask.lambda$executeRecursively$8(NodeTestTask.java:141) ~[junit-platform-engine-1.10.2.jar:1.10.2]
	at org.junit.platform.engine.support.hierarchical.Node.around(Node.java:137) ~[junit-platform-engine-1.10.2.jar:1.10.2]
	at org.junit.platform.engine.support.hierarchical.NodeTestTask.lambda$executeRecursively$9(NodeTestTask.java:139) ~[junit-platform-engine-1.10.2.jar:1.10.2]
	at org.junit.platform.engine.support.hierarchical.ThrowableCollector.execute(ThrowableCollector.java:73) ~[junit-platform-engine-1.10.2.jar:1.10.2]
	at org.junit.platform.engine.support.hierarchical.NodeTestTask.executeRecursively(NodeTestTask.java:138) ~[junit-platform-engine-1.10.2.jar:1.10.2]
	at org.junit.platform.engine.support.hierarchical.NodeTestTask.execute(NodeTestTask.java:95) ~[junit-platform-engine-1.10.2.jar:1.10.2]
	at java.base/java.util.ArrayList.forEach(ArrayList.java:1596) ~[na:na]
	at org.junit.platform.engine.support.hierarchical.SameThreadHierarchicalTestExecutorService.invokeAll(SameThreadHierarchicalTestExecutorService.java:41) ~[junit-platform-engine-1.10.2.jar:1.10.2]
	at org.junit.platform.engine.support.hierarchical.NodeTestTask.lambda$executeRecursively$6(NodeTestTask.java:155) ~[junit-platform-engine-1.10.2.jar:1.10.2]
	at org.junit.platform.engine.support.hierarchical.ThrowableCollector.execute(ThrowableCollector.java:73) ~[junit-platform-engine-1.10.2.jar:1.10.2]
	at org.junit.platform.engine.support.hierarchical.NodeTestTask.lambda$executeRecursively$8(NodeTestTask.java:141) ~[junit-platform-engine-1.10.2.jar:1.10.2]
	at org.junit.platform.engine.support.hierarchical.Node.around(Node.java:137) ~[junit-platform-engine-1.10.2.jar:1.10.2]
	at org.junit.platform.engine.support.hierarchical.NodeTestTask.lambda$executeRecursively$9(NodeTestTask.java:139) ~[junit-platform-engine-1.10.2.jar:1.10.2]
	at org.junit.platform.engine.support.hierarchical.ThrowableCollector.execute(ThrowableCollector.java:73) ~[junit-platform-engine-1.10.2.jar:1.10.2]
	at org.junit.platform.engine.support.hierarchical.NodeTestTask.executeRecursively(NodeTestTask.java:138) ~[junit-platform-engine-1.10.2.jar:1.10.2]
	at org.junit.platform.engine.support.hierarchical.NodeTestTask.execute(NodeTestTask.java:95) ~[junit-platform-engine-1.10.2.jar:1.10.2]
	at org.junit.platform.engine.support.hierarchical.SameThreadHierarchicalTestExecutorService.submit(SameThreadHierarchicalTestExecutorService.java:35) ~[junit-platform-engine-1.10.2.jar:1.10.2]
	at org.junit.platform.engine.support.hierarchical.HierarchicalTestExecutor.execute(HierarchicalTestExecutor.java:57) ~[junit-platform-engine-1.10.2.jar:1.10.2]
	at org.junit.platform.engine.support.hierarchical.HierarchicalTestEngine.execute(HierarchicalTestEngine.java:54) ~[junit-platform-engine-1.10.2.jar:1.10.2]
	at org.junit.platform.launcher.core.EngineExecutionOrchestrator.execute(EngineExecutionOrchestrator.java:198) ~[junit-platform-launcher-1.10.2.jar:1.10.2]
	at org.junit.platform.launcher.core.EngineExecutionOrchestrator.execute(EngineExecutionOrchestrator.java:169) ~[junit-platform-launcher-1.10.2.jar:1.10.2]
	at org.junit.platform.launcher.core.EngineExecutionOrchestrator.execute(EngineExecutionOrchestrator.java:93) ~[junit-platform-launcher-1.10.2.jar:1.10.2]
	at org.junit.platform.launcher.core.EngineExecutionOrchestrator.lambda$execute$0(EngineExecutionOrchestrator.java:58) ~[junit-platform-launcher-1.10.2.jar:1.10.2]
	at org.junit.platform.launcher.core.EngineExecutionOrchestrator.withInterceptedStreams(EngineExecutionOrchestrator.java:141) ~[junit-platform-launcher-1.10.2.jar:1.10.2]
	at org.junit.platform.launcher.core.EngineExecutionOrchestrator.execute(EngineExecutionOrchestrator.java:57) ~[junit-platform-launcher-1.10.2.jar:1.10.2]
	at org.junit.platform.launcher.core.DefaultLauncher.execute(DefaultLauncher.java:103) ~[junit-platform-launcher-1.10.2.jar:1.10.2]
	at org.junit.platform.launcher.core.DefaultLauncher.execute(DefaultLauncher.java:85) ~[junit-platform-launcher-1.10.2.jar:1.10.2]
	at org.junit.platform.launcher.core.DelegatingLauncher.execute(DelegatingLauncher.java:47) ~[junit-platform-launcher-1.10.2.jar:1.10.2]
	at org.apache.maven.surefire.junitplatform.LazyLauncher.execute(LazyLauncher.java:56) ~[surefire-junit-platform-3.2.5.jar:3.2.5]
	at org.apache.maven.surefire.junitplatform.JUnitPlatformProvider.execute(JUnitPlatformProvider.java:184) ~[surefire-junit-platform-3.2.5.jar:3.2.5]
	at org.apache.maven.surefire.junitplatform.JUnitPlatformProvider.invokeAllTests(JUnitPlatformProvider.java:148) ~[surefire-junit-platform-3.2.5.jar:3.2.5]
	at org.apache.maven.surefire.junitplatform.JUnitPlatformProvider.invoke(JUnitPlatformProvider.java:122) ~[surefire-junit-platform-3.2.5.jar:3.2.5]
	at org.apache.maven.surefire.booter.ForkedBooter.runSuitesInProcess(ForkedBooter.java:385) ~[surefire-booter-3.2.5.jar:3.2.5]
	at org.apache.maven.surefire.booter.ForkedBooter.execute(ForkedBooter.java:162) ~[surefire-booter-3.2.5.jar:3.2.5]
	at org.apache.maven.surefire.booter.ForkedBooter.run(ForkedBooter.java:507) ~[surefire-booter-3.2.5.jar:3.2.5]
	at org.apache.maven.surefire.booter.ForkedBooter.main(ForkedBooter.java:495) ~[surefire-booter-3.2.5.jar:3.2.5]

2024-06-24T15:40:49.347+02:00 DEBUG 208601 --- [CommunistDate] [           main] cResourceLocalTransactionCoordinatorImpl : JDBC transaction marked for rollback-only (exception provided for stack trace)

java.lang.Exception: exception just for purpose of providing stack trace
	at org.hibernate.resource.transaction.backend.jdbc.internal.JdbcResourceLocalTransactionCoordinatorImpl$TransactionDriverControlImpl.markRollbackOnly(JdbcResourceLocalTransactionCoordinatorImpl.java:309) ~[hibernate-core-6.5.2.Final.jar:6.5.2.Final]
	at org.hibernate.internal.AbstractSharedSessionContract.buildNamedQuery(AbstractSharedSessionContract.java:1109) ~[hibernate-core-6.5.2.Final.jar:6.5.2.Final]
	at org.hibernate.internal.AbstractSharedSessionContract.createNamedQuery(AbstractSharedSessionContract.java:987) ~[hibernate-core-6.5.2.Final.jar:6.5.2.Final]
	at org.hibernate.internal.AbstractSharedSessionContract.createNamedQuery(AbstractSharedSessionContract.java:140) ~[hibernate-core-6.5.2.Final.jar:6.5.2.Final]
	at java.base/jdk.internal.reflect.DirectMethodHandleAccessor.invoke(DirectMethodHandleAccessor.java:103) ~[na:na]
	at java.base/java.lang.reflect.Method.invoke(Method.java:580) ~[na:na]
	at org.springframework.orm.jpa.ExtendedEntityManagerCreator$ExtendedEntityManagerInvocationHandler.invoke(ExtendedEntityManagerCreator.java:364) ~[spring-orm-6.1.8.jar:6.1.8]
	at jdk.proxy2/jdk.proxy2.$Proxy133.createNamedQuery(Unknown Source) ~[na:na]
	at org.springframework.data.jpa.repository.query.NamedQuery.hasNamedQuery(NamedQuery.java:112) ~[spring-data-jpa-3.3.0.jar:3.3.0]
	at org.springframework.data.jpa.repository.query.NamedQuery.lookupFrom(NamedQuery.java:138) ~[spring-data-jpa-3.3.0.jar:3.3.0]
	at org.springframework.data.jpa.repository.query.JpaQueryLookupStrategy$DeclaredQueryLookupStrategy.resolveQuery(JpaQueryLookupStrategy.java:180) ~[spring-data-jpa-3.3.0.jar:3.3.0]
	at org.springframework.data.jpa.repository.query.JpaQueryLookupStrategy$CreateIfNotFoundQueryLookupStrategy.resolveQuery(JpaQueryLookupStrategy.java:252) ~[spring-data-jpa-3.3.0.jar:3.3.0]
	at org.springframework.data.jpa.repository.query.JpaQueryLookupStrategy$AbstractQueryLookupStrategy.resolveQuery(JpaQueryLookupStrategy.java:95) ~[spring-data-jpa-3.3.0.jar:3.3.0]
	at org.springframework.data.repository.core.support.QueryExecutorMethodInterceptor.lookupQuery(QueryExecutorMethodInterceptor.java:111) ~[spring-data-commons-3.3.0.jar:3.3.0]
	at org.springframework.data.repository.core.support.QueryExecutorMethodInterceptor.mapMethodsToQuery(QueryExecutorMethodInterceptor.java:99) ~[spring-data-commons-3.3.0.jar:3.3.0]
	at org.springframework.data.repository.core.support.QueryExecutorMethodInterceptor.lambda$new$0(QueryExecutorMethodInterceptor.java:88) ~[spring-data-commons-3.3.0.jar:3.3.0]
	at java.base/java.util.Optional.map(Optional.java:260) ~[na:na]
	at org.springframework.data.repository.core.support.QueryExecutorMethodInterceptor.<init>(QueryExecutorMethodInterceptor.java:88) ~[spring-data-commons-3.3.0.jar:3.3.0]
	at org.springframework.data.repository.core.support.RepositoryFactorySupport.getRepository(RepositoryFactorySupport.java:357) ~[spring-data-commons-3.3.0.jar:3.3.0]
	at org.springframework.data.repository.core.support.RepositoryFactoryBeanSupport.lambda$afterPropertiesSet$5(RepositoryFactoryBeanSupport.java:286) ~[spring-data-commons-3.3.0.jar:3.3.0]
	at org.springframework.data.util.Lazy.getNullable(Lazy.java:135) ~[spring-data-commons-3.3.0.jar:3.3.0]
	at org.springframework.data.util.Lazy.get(Lazy.java:113) ~[spring-data-commons-3.3.0.jar:3.3.0]
	at org.springframework.data.repository.core.support.RepositoryFactoryBeanSupport.afterPropertiesSet(RepositoryFactoryBeanSupport.java:292) ~[spring-data-commons-3.3.0.jar:3.3.0]
	at org.springframework.data.jpa.repository.support.JpaRepositoryFactoryBean.afterPropertiesSet(JpaRepositoryFactoryBean.java:132) ~[spring-data-jpa-3.3.0.jar:3.3.0]
	at org.springframework.beans.factory.support.AbstractAutowireCapableBeanFactory.invokeInitMethods(AbstractAutowireCapableBeanFactory.java:1835) ~[spring-beans-6.1.8.jar:6.1.8]
	at org.springframework.beans.factory.support.AbstractAutowireCapableBeanFactory.initializeBean(AbstractAutowireCapableBeanFactory.java:1784) ~[spring-beans-6.1.8.jar:6.1.8]
	at org.springframework.beans.factory.support.AbstractAutowireCapableBeanFactory.doCreateBean(AbstractAutowireCapableBeanFactory.java:600) ~[spring-beans-6.1.8.jar:6.1.8]
	at org.springframework.beans.factory.support.AbstractAutowireCapableBeanFactory.createBean(AbstractAutowireCapableBeanFactory.java:522) ~[spring-beans-6.1.8.jar:6.1.8]
	at org.springframework.beans.factory.support.AbstractBeanFactory.lambda$doGetBean$0(AbstractBeanFactory.java:337) ~[spring-beans-6.1.8.jar:6.1.8]
	at org.springframework.beans.factory.support.DefaultSingletonBeanRegistry.getSingleton(DefaultSingletonBeanRegistry.java:234) ~[spring-beans-6.1.8.jar:6.1.8]
	at org.springframework.beans.factory.support.AbstractBeanFactory.doGetBean(AbstractBeanFactory.java:335) ~[spring-beans-6.1.8.jar:6.1.8]
	at org.springframework.beans.factory.support.AbstractBeanFactory.getBean(AbstractBeanFactory.java:200) ~[spring-beans-6.1.8.jar:6.1.8]
	at org.springframework.beans.factory.config.DependencyDescriptor.resolveCandidate(DependencyDescriptor.java:254) ~[spring-beans-6.1.8.jar:6.1.8]
	at org.springframework.beans.factory.support.DefaultListableBeanFactory.doResolveDependency(DefaultListableBeanFactory.java:1443) ~[spring-beans-6.1.8.jar:6.1.8]
	at org.springframework.beans.factory.support.DefaultListableBeanFactory.resolveDependency(DefaultListableBeanFactory.java:1353) ~[spring-beans-6.1.8.jar:6.1.8]
	at org.springframework.beans.factory.support.ConstructorResolver.resolveAutowiredArgument(ConstructorResolver.java:904) ~[spring-beans-6.1.8.jar:6.1.8]
	at org.springframework.beans.factory.support.ConstructorResolver.createArgumentArray(ConstructorResolver.java:782) ~[spring-beans-6.1.8.jar:6.1.8]
	at org.springframework.beans.factory.support.ConstructorResolver.autowireConstructor(ConstructorResolver.java:237) ~[spring-beans-6.1.8.jar:6.1.8]
	at org.springframework.beans.factory.support.AbstractAutowireCapableBeanFactory.autowireConstructor(AbstractAutowireCapableBeanFactory.java:1357) ~[spring-beans-6.1.8.jar:6.1.8]
	at org.springframework.beans.factory.support.AbstractAutowireCapableBeanFactory.createBeanInstance(AbstractAutowireCapableBeanFactory.java:1194) ~[spring-beans-6.1.8.jar:6.1.8]
	at org.springframework.beans.factory.support.AbstractAutowireCapableBeanFactory.doCreateBean(AbstractAutowireCapableBeanFactory.java:562) ~[spring-beans-6.1.8.jar:6.1.8]
	at org.springframework.beans.factory.support.AbstractAutowireCapableBeanFactory.createBean(AbstractAutowireCapableBeanFactory.java:522) ~[spring-beans-6.1.8.jar:6.1.8]
	at org.springframework.beans.factory.support.AbstractBeanFactory.lambda$doGetBean$0(AbstractBeanFactory.java:337) ~[spring-beans-6.1.8.jar:6.1.8]
	at org.springframework.beans.factory.support.DefaultSingletonBeanRegistry.getSingleton(DefaultSingletonBeanRegistry.java:234) ~[spring-beans-6.1.8.jar:6.1.8]
	at org.springframework.beans.factory.support.AbstractBeanFactory.doGetBean(AbstractBeanFactory.java:335) ~[spring-beans-6.1.8.jar:6.1.8]
	at org.springframework.beans.factory.support.AbstractBeanFactory.getBean(AbstractBeanFactory.java:200) ~[spring-beans-6.1.8.jar:6.1.8]
	at org.springframework.beans.factory.config.DependencyDescriptor.resolveCandidate(DependencyDescriptor.java:254) ~[spring-beans-6.1.8.jar:6.1.8]
	at org.springframework.beans.factory.support.DefaultListableBeanFactory.doResolveDependency(DefaultListableBeanFactory.java:1443) ~[spring-beans-6.1.8.jar:6.1.8]
	at org.springframework.beans.factory.support.DefaultListableBeanFactory.resolveDependency(DefaultListableBeanFactory.java:1353) ~[spring-beans-6.1.8.jar:6.1.8]
	at org.springframework.beans.factory.support.ConstructorResolver.resolveAutowiredArgument(ConstructorResolver.java:904) ~[spring-beans-6.1.8.jar:6.1.8]
	at org.springframework.beans.factory.support.ConstructorResolver.createArgumentArray(ConstructorResolver.java:782) ~[spring-beans-6.1.8.jar:6.1.8]
	at org.springframework.beans.factory.support.ConstructorResolver.autowireConstructor(ConstructorResolver.java:237) ~[spring-beans-6.1.8.jar:6.1.8]
	at org.springframework.beans.factory.support.AbstractAutowireCapableBeanFactory.autowireConstructor(AbstractAutowireCapableBeanFactory.java:1357) ~[spring-beans-6.1.8.jar:6.1.8]
	at org.springframework.beans.factory.support.AbstractAutowireCapableBeanFactory.createBeanInstance(AbstractAutowireCapableBeanFactory.java:1194) ~[spring-beans-6.1.8.jar:6.1.8]
	at org.springframework.beans.factory.support.AbstractAutowireCapableBeanFactory.doCreateBean(AbstractAutowireCapableBeanFactory.java:562) ~[spring-beans-6.1.8.jar:6.1.8]
	at org.springframework.beans.factory.support.AbstractAutowireCapableBeanFactory.createBean(AbstractAutowireCapableBeanFactory.java:522) ~[spring-beans-6.1.8.jar:6.1.8]
	at org.springframework.beans.factory.support.AbstractBeanFactory.lambda$doGetBean$0(AbstractBeanFactory.java:337) ~[spring-beans-6.1.8.jar:6.1.8]
	at org.springframework.beans.factory.support.DefaultSingletonBeanRegistry.getSingleton(DefaultSingletonBeanRegistry.java:234) ~[spring-beans-6.1.8.jar:6.1.8]
	at org.springframework.beans.factory.support.AbstractBeanFactory.doGetBean(AbstractBeanFactory.java:335) ~[spring-beans-6.1.8.jar:6.1.8]
	at org.springframework.beans.factory.support.AbstractBeanFactory.getBean(AbstractBeanFactory.java:200) ~[spring-beans-6.1.8.jar:6.1.8]
	at org.springframework.beans.factory.support.DefaultListableBeanFactory.preInstantiateSingletons(DefaultListableBeanFactory.java:975) ~[spring-beans-6.1.8.jar:6.1.8]
	at org.springframework.context.support.AbstractApplicationContext.finishBeanFactoryInitialization(AbstractApplicationContext.java:962) ~[spring-context-6.1.8.jar:6.1.8]
	at org.springframework.context.support.AbstractApplicationContext.refresh(AbstractApplicationContext.java:624) ~[spring-context-6.1.8.jar:6.1.8]
	at org.springframework.boot.SpringApplication.refresh(SpringApplication.java:754) ~[spring-boot-3.3.0.jar:3.3.0]
	at org.springframework.boot.SpringApplication.refreshContext(SpringApplication.java:456) ~[spring-boot-3.3.0.jar:3.3.0]
	at org.springframework.boot.SpringApplication.run(SpringApplication.java:335) ~[spring-boot-3.3.0.jar:3.3.0]
	at org.springframework.boot.test.context.SpringBootContextLoader.lambda$loadContext$3(SpringBootContextLoader.java:137) ~[spring-boot-test-3.3.0.jar:3.3.0]
	at org.springframework.util.function.ThrowingSupplier.get(ThrowingSupplier.java:58) ~[spring-core-6.1.8.jar:6.1.8]
	at org.springframework.util.function.ThrowingSupplier.get(ThrowingSupplier.java:46) ~[spring-core-6.1.8.jar:6.1.8]
	at org.springframework.boot.SpringApplication.withHook(SpringApplication.java:1463) ~[spring-boot-3.3.0.jar:3.3.0]
	at org.springframework.boot.test.context.SpringBootContextLoader$ContextLoaderHook.run(SpringBootContextLoader.java:553) ~[spring-boot-test-3.3.0.jar:3.3.0]
	at org.springframework.boot.test.context.SpringBootContextLoader.loadContext(SpringBootContextLoader.java:137) ~[spring-boot-test-3.3.0.jar:3.3.0]
	at org.springframework.boot.test.context.SpringBootContextLoader.loadContext(SpringBootContextLoader.java:108) ~[spring-boot-test-3.3.0.jar:3.3.0]
	at org.springframework.test.context.cache.DefaultCacheAwareContextLoaderDelegate.loadContextInternal(DefaultCacheAwareContextLoaderDelegate.java:225) ~[spring-test-6.1.8.jar:6.1.8]
	at org.springframework.test.context.cache.DefaultCacheAwareContextLoaderDelegate.loadContext(DefaultCacheAwareContextLoaderDelegate.java:152) ~[spring-test-6.1.8.jar:6.1.8]
	at org.springframework.test.context.support.DefaultTestContext.getApplicationContext(DefaultTestContext.java:130) ~[spring-test-6.1.8.jar:6.1.8]
	at org.springframework.test.context.web.ServletTestExecutionListener.setUpRequestContextIfNecessary(ServletTestExecutionListener.java:191) ~[spring-test-6.1.8.jar:6.1.8]
	at org.springframework.test.context.web.ServletTestExecutionListener.prepareTestInstance(ServletTestExecutionListener.java:130) ~[spring-test-6.1.8.jar:6.1.8]
	at org.springframework.test.context.TestContextManager.prepareTestInstance(TestContextManager.java:260) ~[spring-test-6.1.8.jar:6.1.8]
	at org.springframework.test.context.junit.jupiter.SpringExtension.postProcessTestInstance(SpringExtension.java:163) ~[spring-test-6.1.8.jar:6.1.8]
	at org.junit.jupiter.engine.descriptor.ClassBasedTestDescriptor.lambda$invokeTestInstancePostProcessors$10(ClassBasedTestDescriptor.java:378) ~[junit-jupiter-engine-5.10.2.jar:5.10.2]
	at org.junit.jupiter.engine.descriptor.ClassBasedTestDescriptor.executeAndMaskThrowable(ClassBasedTestDescriptor.java:383) ~[junit-jupiter-engine-5.10.2.jar:5.10.2]
	at org.junit.jupiter.engine.descriptor.ClassBasedTestDescriptor.lambda$invokeTestInstancePostProcessors$11(ClassBasedTestDescriptor.java:378) ~[junit-jupiter-engine-5.10.2.jar:5.10.2]
	at java.base/java.util.stream.ReferencePipeline$3$1.accept(ReferencePipeline.java:197) ~[na:na]
	at java.base/java.util.stream.ReferencePipeline$2$1.accept(ReferencePipeline.java:179) ~[na:na]
	at java.base/java.util.ArrayList$ArrayListSpliterator.forEachRemaining(ArrayList.java:1708) ~[na:na]
	at java.base/java.util.stream.AbstractPipeline.copyInto(AbstractPipeline.java:509) ~[na:na]
	at java.base/java.util.stream.AbstractPipeline.wrapAndCopyInto(AbstractPipeline.java:499) ~[na:na]
	at java.base/java.util.stream.StreamSpliterators$WrappingSpliterator.forEachRemaining(StreamSpliterators.java:310) ~[na:na]
	at java.base/java.util.stream.Streams$ConcatSpliterator.forEachRemaining(Streams.java:735) ~[na:na]
	at java.base/java.util.stream.Streams$ConcatSpliterator.forEachRemaining(Streams.java:734) ~[na:na]
	at java.base/java.util.stream.ReferencePipeline$Head.forEach(ReferencePipeline.java:762) ~[na:na]
	at org.junit.jupiter.engine.descriptor.ClassBasedTestDescriptor.invokeTestInstancePostProcessors(ClassBasedTestDescriptor.java:377) ~[junit-jupiter-engine-5.10.2.jar:5.10.2]
	at org.junit.jupiter.engine.descriptor.ClassBasedTestDescriptor.lambda$instantiateAndPostProcessTestInstance$6(ClassBasedTestDescriptor.java:290) ~[junit-jupiter-engine-5.10.2.jar:5.10.2]
	at org.junit.platform.engine.support.hierarchical.ThrowableCollector.execute(ThrowableCollector.java:73) ~[junit-platform-engine-1.10.2.jar:1.10.2]
	at org.junit.jupiter.engine.descriptor.ClassBasedTestDescriptor.instantiateAndPostProcessTestInstance(ClassBasedTestDescriptor.java:289) ~[junit-jupiter-engine-5.10.2.jar:5.10.2]
	at org.junit.jupiter.engine.descriptor.ClassBasedTestDescriptor.lambda$testInstancesProvider$4(ClassBasedTestDescriptor.java:279) ~[junit-jupiter-engine-5.10.2.jar:5.10.2]
	at java.base/java.util.Optional.orElseGet(Optional.java:364) ~[na:na]
	at org.junit.jupiter.engine.descriptor.ClassBasedTestDescriptor.lambda$testInstancesProvider$5(ClassBasedTestDescriptor.java:278) ~[junit-jupiter-engine-5.10.2.jar:5.10.2]
	at org.junit.jupiter.engine.execution.TestInstancesProvider.getTestInstances(TestInstancesProvider.java:31) ~[junit-jupiter-engine-5.10.2.jar:5.10.2]
	at org.junit.jupiter.engine.descriptor.TestMethodTestDescriptor.lambda$prepare$0(TestMethodTestDescriptor.java:106) ~[junit-jupiter-engine-5.10.2.jar:5.10.2]
	at org.junit.platform.engine.support.hierarchical.ThrowableCollector.execute(ThrowableCollector.java:73) ~[junit-platform-engine-1.10.2.jar:1.10.2]
	at org.junit.jupiter.engine.descriptor.TestMethodTestDescriptor.prepare(TestMethodTestDescriptor.java:105) ~[junit-jupiter-engine-5.10.2.jar:5.10.2]
	at org.junit.jupiter.engine.descriptor.TestMethodTestDescriptor.prepare(TestMethodTestDescriptor.java:69) ~[junit-jupiter-engine-5.10.2.jar:5.10.2]
	at org.junit.platform.engine.support.hierarchical.NodeTestTask.lambda$prepare$2(NodeTestTask.java:123) ~[junit-platform-engine-1.10.2.jar:1.10.2]
	at org.junit.platform.engine.support.hierarchical.ThrowableCollector.execute(ThrowableCollector.java:73) ~[junit-platform-engine-1.10.2.jar:1.10.2]
	at org.junit.platform.engine.support.hierarchical.NodeTestTask.prepare(NodeTestTask.java:123) ~[junit-platform-engine-1.10.2.jar:1.10.2]
	at org.junit.platform.engine.support.hierarchical.NodeTestTask.execute(NodeTestTask.java:90) ~[junit-platform-engine-1.10.2.jar:1.10.2]
	at java.base/java.util.ArrayList.forEach(ArrayList.java:1596) ~[na:na]
	at org.junit.platform.engine.support.hierarchical.SameThreadHierarchicalTestExecutorService.invokeAll(SameThreadHierarchicalTestExecutorService.java:41) ~[junit-platform-engine-1.10.2.jar:1.10.2]
	at org.junit.platform.engine.support.hierarchical.NodeTestTask.lambda$executeRecursively$6(NodeTestTask.java:155) ~[junit-platform-engine-1.10.2.jar:1.10.2]
	at org.junit.platform.engine.support.hierarchical.ThrowableCollector.execute(ThrowableCollector.java:73) ~[junit-platform-engine-1.10.2.jar:1.10.2]
	at org.junit.platform.engine.support.hierarchical.NodeTestTask.lambda$executeRecursively$8(NodeTestTask.java:141) ~[junit-platform-engine-1.10.2.jar:1.10.2]
	at org.junit.platform.engine.support.hierarchical.Node.around(Node.java:137) ~[junit-platform-engine-1.10.2.jar:1.10.2]
	at org.junit.platform.engine.support.hierarchical.NodeTestTask.lambda$executeRecursively$9(NodeTestTask.java:139) ~[junit-platform-engine-1.10.2.jar:1.10.2]
	at org.junit.platform.engine.support.hierarchical.ThrowableCollector.execute(ThrowableCollector.java:73) ~[junit-platform-engine-1.10.2.jar:1.10.2]
	at org.junit.platform.engine.support.hierarchical.NodeTestTask.executeRecursively(NodeTestTask.java:138) ~[junit-platform-engine-1.10.2.jar:1.10.2]
	at org.junit.platform.engine.support.hierarchical.NodeTestTask.execute(NodeTestTask.java:95) ~[junit-platform-engine-1.10.2.jar:1.10.2]
	at java.base/java.util.ArrayList.forEach(ArrayList.java:1596) ~[na:na]
	at org.junit.platform.engine.support.hierarchical.SameThreadHierarchicalTestExecutorService.invokeAll(SameThreadHierarchicalTestExecutorService.java:41) ~[junit-platform-engine-1.10.2.jar:1.10.2]
	at org.junit.platform.engine.support.hierarchical.NodeTestTask.lambda$executeRecursively$6(NodeTestTask.java:155) ~[junit-platform-engine-1.10.2.jar:1.10.2]
	at org.junit.platform.engine.support.hierarchical.ThrowableCollector.execute(ThrowableCollector.java:73) ~[junit-platform-engine-1.10.2.jar:1.10.2]
	at org.junit.platform.engine.support.hierarchical.NodeTestTask.lambda$executeRecursively$8(NodeTestTask.java:141) ~[junit-platform-engine-1.10.2.jar:1.10.2]
	at org.junit.platform.engine.support.hierarchical.Node.around(Node.java:137) ~[junit-platform-engine-1.10.2.jar:1.10.2]
	at org.junit.platform.engine.support.hierarchical.NodeTestTask.lambda$executeRecursively$9(NodeTestTask.java:139) ~[junit-platform-engine-1.10.2.jar:1.10.2]
	at org.junit.platform.engine.support.hierarchical.ThrowableCollector.execute(ThrowableCollector.java:73) ~[junit-platform-engine-1.10.2.jar:1.10.2]
	at org.junit.platform.engine.support.hierarchical.NodeTestTask.executeRecursively(NodeTestTask.java:138) ~[junit-platform-engine-1.10.2.jar:1.10.2]
	at org.junit.platform.engine.support.hierarchical.NodeTestTask.execute(NodeTestTask.java:95) ~[junit-platform-engine-1.10.2.jar:1.10.2]
	at org.junit.platform.engine.support.hierarchical.SameThreadHierarchicalTestExecutorService.submit(SameThreadHierarchicalTestExecutorService.java:35) ~[junit-platform-engine-1.10.2.jar:1.10.2]
	at org.junit.platform.engine.support.hierarchical.HierarchicalTestExecutor.execute(HierarchicalTestExecutor.java:57) ~[junit-platform-engine-1.10.2.jar:1.10.2]
	at org.junit.platform.engine.support.hierarchical.HierarchicalTestEngine.execute(HierarchicalTestEngine.java:54) ~[junit-platform-engine-1.10.2.jar:1.10.2]
	at org.junit.platform.launcher.core.EngineExecutionOrchestrator.execute(EngineExecutionOrchestrator.java:198) ~[junit-platform-launcher-1.10.2.jar:1.10.2]
	at org.junit.platform.launcher.core.EngineExecutionOrchestrator.execute(EngineExecutionOrchestrator.java:169) ~[junit-platform-launcher-1.10.2.jar:1.10.2]
	at org.junit.platform.launcher.core.EngineExecutionOrchestrator.execute(EngineExecutionOrchestrator.java:93) ~[junit-platform-launcher-1.10.2.jar:1.10.2]
	at org.junit.platform.launcher.core.EngineExecutionOrchestrator.lambda$execute$0(EngineExecutionOrchestrator.java:58) ~[junit-platform-launcher-1.10.2.jar:1.10.2]
	at org.junit.platform.launcher.core.EngineExecutionOrchestrator.withInterceptedStreams(EngineExecutionOrchestrator.java:141) ~[junit-platform-launcher-1.10.2.jar:1.10.2]
	at org.junit.platform.launcher.core.EngineExecutionOrchestrator.execute(EngineExecutionOrchestrator.java:57) ~[junit-platform-launcher-1.10.2.jar:1.10.2]
	at org.junit.platform.launcher.core.DefaultLauncher.execute(DefaultLauncher.java:103) ~[junit-platform-launcher-1.10.2.jar:1.10.2]
	at org.junit.platform.launcher.core.DefaultLauncher.execute(DefaultLauncher.java:85) ~[junit-platform-launcher-1.10.2.jar:1.10.2]
	at org.junit.platform.launcher.core.DelegatingLauncher.execute(DelegatingLauncher.java:47) ~[junit-platform-launcher-1.10.2.jar:1.10.2]
	at org.apache.maven.surefire.junitplatform.LazyLauncher.execute(LazyLauncher.java:56) ~[surefire-junit-platform-3.2.5.jar:3.2.5]
	at org.apache.maven.surefire.junitplatform.JUnitPlatformProvider.execute(JUnitPlatformProvider.java:184) ~[surefire-junit-platform-3.2.5.jar:3.2.5]
	at org.apache.maven.surefire.junitplatform.JUnitPlatformProvider.invokeAllTests(JUnitPlatformProvider.java:148) ~[surefire-junit-platform-3.2.5.jar:3.2.5]
	at org.apache.maven.surefire.junitplatform.JUnitPlatformProvider.invoke(JUnitPlatformProvider.java:122) ~[surefire-junit-platform-3.2.5.jar:3.2.5]
	at org.apache.maven.surefire.booter.ForkedBooter.runSuitesInProcess(ForkedBooter.java:385) ~[surefire-booter-3.2.5.jar:3.2.5]
	at org.apache.maven.surefire.booter.ForkedBooter.execute(ForkedBooter.java:162) ~[surefire-booter-3.2.5.jar:3.2.5]
	at org.apache.maven.surefire.booter.ForkedBooter.run(ForkedBooter.java:507) ~[surefire-booter-3.2.5.jar:3.2.5]
	at org.apache.maven.surefire.booter.ForkedBooter.main(ForkedBooter.java:495) ~[surefire-booter-3.2.5.jar:3.2.5]

2024-06-24T15:40:49.590+02:00  WARN 208601 --- [CommunistDate] [           main] JpaBaseConfiguration$JpaWebConfiguration : spring.jpa.open-in-view is enabled by default. Therefore, database queries may be performed during view rendering. Explicitly configure spring.jpa.open-in-view to disable this warning
2024-06-24T15:40:49.635+02:00  WARN 208601 --- [CommunistDate] [           main] r$InitializeUserDetailsManagerConfigurer : Found 2 UserDetailsService beans, with names [customUserDetailsService, userService]. Global Authentication Manager will not use a UserDetailsService for username/password login. Consider publishing a single UserDetailsService bean.
2024-06-24T15:40:49.972+02:00 DEBUG 208601 --- [CommunistDate] [           main] o.s.w.s.s.s.WebSocketHandlerMapping      : Patterns [/chat-websocket/**] in 'stompWebSocketHandlerMapping'
2024-06-24T15:40:50.087+02:00 DEBUG 208601 --- [CommunistDate] [           main] s.w.s.m.m.a.RequestMappingHandlerMapping : 8 mappings in 'requestMappingHandlerMapping'
2024-06-24T15:40:50.295+02:00  INFO 208601 --- [CommunistDate] [           main] o.s.s.web.DefaultSecurityFilterChain     : Will secure any request with [org.springframework.security.web.session.DisableEncodeUrlFilter@2086f336, org.springframework.security.web.context.request.async.WebAsyncManagerIntegrationFilter@19a799cb, org.springframework.security.web.context.SecurityContextHolderFilter@44bb6856, org.springframework.security.web.header.HeaderWriterFilter@3a1540be, org.springframework.web.filter.CorsFilter@4d50f682, org.springframework.security.web.authentication.logout.LogoutFilter@62682ece, org.springframework.security.oauth2.server.resource.web.authentication.BearerTokenAuthenticationFilter@22decfa2, org.springframework.security.web.savedrequest.RequestCacheAwareFilter@57d0c779, org.springframework.security.web.servletapi.SecurityContextHolderAwareRequestFilter@5ae6119b, org.springframework.security.web.authentication.AnonymousAuthenticationFilter@3445341, org.springframework.security.web.session.SessionManagementFilter@74471600, org.springframework.security.web.access.ExceptionTranslationFilter@8929865, org.springframework.security.web.access.intercept.AuthorizationFilter@b1e63b5]
2024-06-24T15:40:50.448+02:00 DEBUG 208601 --- [CommunistDate] [           main] .h.v.m.ResourceBundleMessageInterpolator : Loaded expression factory via original TCCL
2024-06-24T15:40:50.449+02:00 DEBUG 208601 --- [CommunistDate] [           main] o.h.v.i.e.AbstractConfigurationImpl      : Setting custom MessageInterpolator of type org.springframework.validation.beanvalidation.LocaleContextMessageInterpolator
2024-06-24T15:40:50.449+02:00 DEBUG 208601 --- [CommunistDate] [           main] o.h.v.i.e.AbstractConfigurationImpl      : Setting custom ConstraintValidatorFactory of type org.springframework.validation.beanvalidation.SpringConstraintValidatorFactory
2024-06-24T15:40:50.450+02:00 DEBUG 208601 --- [CommunistDate] [           main] o.h.v.i.xml.config.ValidationXmlParser   : Trying to load META-INF/validation.xml for XML based Validator configuration.
2024-06-24T15:40:50.451+02:00 DEBUG 208601 --- [CommunistDate] [           main] o.h.v.i.xml.config.ResourceLoaderHelper  : Trying to load META-INF/validation.xml via user class loader
2024-06-24T15:40:50.451+02:00 DEBUG 208601 --- [CommunistDate] [           main] o.h.v.i.xml.config.ResourceLoaderHelper  : Trying to load META-INF/validation.xml via TCCL
2024-06-24T15:40:50.451+02:00 DEBUG 208601 --- [CommunistDate] [           main] o.h.v.i.xml.config.ResourceLoaderHelper  : Trying to load META-INF/validation.xml via Hibernate Validator's class loader
2024-06-24T15:40:50.451+02:00 DEBUG 208601 --- [CommunistDate] [           main] o.h.v.i.xml.config.ValidationXmlParser   : No META-INF/validation.xml found. Using annotation based configuration only.
2024-06-24T15:40:50.452+02:00 DEBUG 208601 --- [CommunistDate] [           main] o.h.v.i.e.resolver.TraversableResolvers  : Found jakarta.persistence.Persistence on classpath containing 'getPersistenceUtil'. Assuming JPA 2 environment. Trying to instantiate JPA aware TraversableResolver
2024-06-24T15:40:50.452+02:00 DEBUG 208601 --- [CommunistDate] [           main] o.h.v.i.e.resolver.TraversableResolvers  : Instantiated JPA aware TraversableResolver of type org.hibernate.validator.internal.engine.resolver.JPATraversableResolver.
2024-06-24T15:40:50.455+02:00 DEBUG 208601 --- [CommunistDate] [           main] .i.e.ValidatorFactoryConfigurationHelper : HV000252: Using org.hibernate.validator.internal.engine.DefaultPropertyNodeNameProvider as property node name provider.
2024-06-24T15:40:50.455+02:00 DEBUG 208601 --- [CommunistDate] [           main] .i.e.ValidatorFactoryConfigurationHelper : HV000234: Using org.springframework.validation.beanvalidation.LocaleContextMessageInterpolator as ValidatorFactory-scoped message interpolator.
2024-06-24T15:40:50.456+02:00 DEBUG 208601 --- [CommunistDate] [           main] .i.e.ValidatorFactoryConfigurationHelper : HV000234: Using org.hibernate.validator.internal.engine.resolver.JPATraversableResolver as ValidatorFactory-scoped traversable resolver.
2024-06-24T15:40:50.456+02:00 DEBUG 208601 --- [CommunistDate] [           main] .i.e.ValidatorFactoryConfigurationHelper : HV000234: Using org.hibernate.validator.internal.util.ExecutableParameterNameProvider as ValidatorFactory-scoped parameter name provider.
2024-06-24T15:40:50.456+02:00 DEBUG 208601 --- [CommunistDate] [           main] .i.e.ValidatorFactoryConfigurationHelper : HV000234: Using org.hibernate.validator.internal.engine.DefaultClockProvider as ValidatorFactory-scoped clock provider.
2024-06-24T15:40:50.456+02:00 DEBUG 208601 --- [CommunistDate] [           main] .i.e.ValidatorFactoryConfigurationHelper : HV000234: Using org.hibernate.validator.internal.engine.scripting.DefaultScriptEvaluatorFactory as ValidatorFactory-scoped script evaluator factory.
2024-06-24T15:40:50.513+02:00 DEBUG 208601 --- [CommunistDate] [           main] .WebSocketAnnotationMethodMessageHandler : 
	c.e.C.C.ChatController:
	{[MESSAGE],[/send]}: sendMessage(NewMessage,BindingResult,Authentication)
2024-06-24T15:40:50.514+02:00 DEBUG 208601 --- [CommunistDate] [           main] .WebSocketAnnotationMethodMessageHandler : 
	c.e.C.U.UserController:
	
2024-06-24T15:40:50.515+02:00 DEBUG 208601 --- [CommunistDate] [           main] .WebSocketAnnotationMethodMessageHandler : 
	o.s.b.a.w.s.e.BasicErrorController:
	
2024-06-24T15:40:50.584+02:00 DEBUG 208601 --- [CommunistDate] [           main] s.w.s.m.m.a.RequestMappingHandlerAdapter : ControllerAdvice beans: 0 @ModelAttribute, 0 @InitBinder, 1 RequestBodyAdvice, 1 ResponseBodyAdvice
2024-06-24T15:40:50.648+02:00 DEBUG 208601 --- [CommunistDate] [           main] .m.m.a.ExceptionHandlerExceptionResolver : ControllerAdvice beans: 1 @ExceptionHandler, 1 ResponseBodyAdvice
2024-06-24T15:40:50.866+02:00 DEBUG 208601 --- [CommunistDate] [           main] .h.v.m.ResourceBundleMessageInterpolator : Loaded expression factory via original TCCL
2024-06-24T15:40:50.868+02:00 DEBUG 208601 --- [CommunistDate] [           main] o.h.v.i.e.AbstractConfigurationImpl      : Setting custom MessageInterpolator of type org.springframework.validation.beanvalidation.LocaleContextMessageInterpolator
2024-06-24T15:40:50.868+02:00 DEBUG 208601 --- [CommunistDate] [           main] o.h.v.i.e.AbstractConfigurationImpl      : Setting custom ConstraintValidatorFactory of type org.springframework.validation.beanvalidation.SpringConstraintValidatorFactory
2024-06-24T15:40:50.869+02:00 DEBUG 208601 --- [CommunistDate] [           main] o.h.v.i.xml.config.ValidationXmlParser   : Trying to load META-INF/validation.xml for XML based Validator configuration.
2024-06-24T15:40:50.870+02:00 DEBUG 208601 --- [CommunistDate] [           main] o.h.v.i.xml.config.ResourceLoaderHelper  : Trying to load META-INF/validation.xml via user class loader
2024-06-24T15:40:50.870+02:00 DEBUG 208601 --- [CommunistDate] [           main] o.h.v.i.xml.config.ResourceLoaderHelper  : Trying to load META-INF/validation.xml via TCCL
2024-06-24T15:40:50.870+02:00 DEBUG 208601 --- [CommunistDate] [           main] o.h.v.i.xml.config.ResourceLoaderHelper  : Trying to load META-INF/validation.xml via Hibernate Validator's class loader
2024-06-24T15:40:50.870+02:00 DEBUG 208601 --- [CommunistDate] [           main] o.h.v.i.xml.config.ValidationXmlParser   : No META-INF/validation.xml found. Using annotation based configuration only.
2024-06-24T15:40:50.870+02:00 DEBUG 208601 --- [CommunistDate] [           main] o.h.v.i.e.resolver.TraversableResolvers  : Found jakarta.persistence.Persistence on classpath containing 'getPersistenceUtil'. Assuming JPA 2 environment. Trying to instantiate JPA aware TraversableResolver
2024-06-24T15:40:50.871+02:00 DEBUG 208601 --- [CommunistDate] [           main] o.h.v.i.e.resolver.TraversableResolvers  : Instantiated JPA aware TraversableResolver of type org.hibernate.validator.internal.engine.resolver.JPATraversableResolver.
2024-06-24T15:40:50.872+02:00 DEBUG 208601 --- [CommunistDate] [           main] .i.e.ValidatorFactoryConfigurationHelper : HV000252: Using org.hibernate.validator.internal.engine.DefaultPropertyNodeNameProvider as property node name provider.
2024-06-24T15:40:50.872+02:00 DEBUG 208601 --- [CommunistDate] [           main] .i.e.ValidatorFactoryConfigurationHelper : HV000234: Using org.springframework.validation.beanvalidation.LocaleContextMessageInterpolator as ValidatorFactory-scoped message interpolator.
2024-06-24T15:40:50.873+02:00 DEBUG 208601 --- [CommunistDate] [           main] .i.e.ValidatorFactoryConfigurationHelper : HV000234: Using org.hibernate.validator.internal.engine.resolver.JPATraversableResolver as ValidatorFactory-scoped traversable resolver.
2024-06-24T15:40:50.873+02:00 DEBUG 208601 --- [CommunistDate] [           main] .i.e.ValidatorFactoryConfigurationHelper : HV000234: Using org.hibernate.validator.internal.util.ExecutableParameterNameProvider as ValidatorFactory-scoped parameter name provider.
2024-06-24T15:40:50.873+02:00 DEBUG 208601 --- [CommunistDate] [           main] .i.e.ValidatorFactoryConfigurationHelper : HV000234: Using org.hibernate.validator.internal.engine.DefaultClockProvider as ValidatorFactory-scoped clock provider.
2024-06-24T15:40:50.873+02:00 DEBUG 208601 --- [CommunistDate] [           main] .i.e.ValidatorFactoryConfigurationHelper : HV000234: Using org.hibernate.validator.internal.engine.scripting.DefaultScriptEvaluatorFactory as ValidatorFactory-scoped script evaluator factory.
2024-06-24T15:40:51.060+02:00 DEBUG 208601 --- [CommunistDate] [           main] org.springframework.web.SimpLogging      : clientOutboundChannel added SubProtocolWebSocketHandler[StompSubProtocolHandler[v10.stomp, v11.stomp, v12.stomp]]
2024-06-24T15:40:51.061+02:00 DEBUG 208601 --- [CommunistDate] [           main] org.springframework.web.SimpLogging      : clientInboundChannel added WebSocketAnnotationMethodMessageHandler[prefixes=[]]
2024-06-24T15:40:51.061+02:00  INFO 208601 --- [CommunistDate] [           main] o.s.m.s.b.SimpleBrokerMessageHandler     : Starting...
2024-06-24T15:40:51.062+02:00 DEBUG 208601 --- [CommunistDate] [           main] org.springframework.web.SimpLogging      : clientInboundChannel added SimpleBrokerMessageHandler [org.springframework.messaging.simp.broker.DefaultSubscriptionRegistry@6441da2c]
2024-06-24T15:40:51.062+02:00 DEBUG 208601 --- [CommunistDate] [           main] org.springframework.web.SimpLogging      : brokerChannel added SimpleBrokerMessageHandler [org.springframework.messaging.simp.broker.DefaultSubscriptionRegistry@6441da2c]
2024-06-24T15:40:51.063+02:00  INFO 208601 --- [CommunistDate] [           main] o.s.m.s.b.SimpleBrokerMessageHandler     : BrokerAvailabilityEvent[available=true, SimpleBrokerMessageHandler [org.springframework.messaging.simp.broker.DefaultSubscriptionRegistry@6441da2c]]
2024-06-24T15:40:51.064+02:00  INFO 208601 --- [CommunistDate] [           main] o.s.m.s.b.SimpleBrokerMessageHandler     : Started.
2024-06-24T15:40:51.065+02:00 DEBUG 208601 --- [CommunistDate] [           main] org.springframework.web.SimpLogging      : clientInboundChannel added UserDestinationMessageHandler[DefaultUserDestinationResolver[prefix=/chat/]]
2024-06-24T15:40:51.065+02:00 DEBUG 208601 --- [CommunistDate] [           main] org.springframework.web.SimpLogging      : brokerChannel added UserDestinationMessageHandler[DefaultUserDestinationResolver[prefix=/chat/]]
2024-06-24T15:40:51.080+02:00  INFO 208601 --- [CommunistDate] [           main] c.e.C.CommunistDateApplicationTests      : Started CommunistDateApplicationTests in 11.306 seconds (process running for 13.228)
]]></system-out>
    <system-err><![CDATA[WARNING: A Java agent has been loaded dynamically (/home/litmanen/.m2/repository/net/bytebuddy/byte-buddy-agent/1.14.16/byte-buddy-agent-1.14.16.jar)
WARNING: If a serviceability tool is in use, please run with -XX:+EnableDynamicAgentLoading to hide this warning
WARNING: If a serviceability tool is not in use, please run with -Djdk.instrument.traceUsage for more information
WARNING: Dynamic loading of agents will be disallowed by default in a future release
]]></system-err>
  </testcase>
</testsuite>